<?xml version="1.0" encoding="UTF-8" standalone="yes"?>
<bpmn:definitions xmlns:xsi="http://www.w3.org/2001/XMLSchema-instance" xmlns:bpmn="http://www.omg.org/spec/BPMN/20100524/MODEL" xmlns:camunda="http://camunda.org/schema/1.0/bpmn" xmlns:xs="http://www.w3.org/2001/XMLSchema" xmlns:bpmndi="http://www.omg.org/spec/BPMN/20100524/DI" xmlns:di="http://www.omg.org/spec/DD/20100524/DI" xmlns:ecos="http://www.citeck.ru/ecos/bpmn/1.0" xmlns:dc="http://www.omg.org/spec/DD/20100524/DC" id="Definitions_0hq0c8n" name="" targetNamespace="http://bpmn.io/schema/bpmn" exporter="bpmn-js (https://demo.bpmn.io)" exporterVersion="8.2.0" ecos:name_ml="{}" ecos:formRef="" ecos:enabled="true" ecos:autoStartEnabled="false" ecos:processDefId="test-script-task-get-document-variables-get-document-variables" ecos:ecosType="">
    <bpmn:process isExecutable="true" id="test-script-task-get-document-variables">
        <bpmn:startEvent name="" id="StartEvent_1ew9rff" ecos:asyncConfig="{&quot;asyncBefore&quot;:false,&quot;asyncAfter&quot;:false,&quot;exclusive&quot;:true}" ecos:name_ml="{}" ecos:jobConfig="{&quot;jobPriority&quot;:null,&quot;jobRetryTimeCycle&quot;:null}">
            <bpmn:outgoing >Flow_0yian56</bpmn:outgoing>
        </bpmn:startEvent>
        <bpmn:sequenceFlow sourceRef="StartEvent_1ew9rff" targetRef="Activity_08wio58" name="" id="Flow_0yian56" ecos:conditionConfig="{&quot;fn&quot;:&quot;&quot;,&quot;expression&quot;:&quot;&quot;,&quot;outcome&quot;:&quot;&quot;}" ecos:conditionType="NONE"/>
        <bpmn:scriptTask scriptFormat="javascript" name="" id="Activity_08wio58" ecos:asyncConfig="{&quot;asyncBefore&quot;:false,&quot;asyncAfter&quot;:false,&quot;exclusive&quot;:true}" ecos:name_ml="{}" ecos:jobConfig="{&quot;jobPriority&quot;:null,&quot;jobRetryTimeCycle&quot;:null}" ecos:script="// get att from resolved record&#10;var doc = Records.get(documentRef);&#10;var peopleName = doc.load(&quot;name&quot;);&#10;&#10;//get att from predefined document&#10;var peopleEmail = document.load(&quot;email&quot;);&#10; &#10;execution.setVariable(&quot;loadedName&quot;, peopleName);&#10;execution.setVariable(&quot;loadedEmail&quot;, peopleEmail);">
            <bpmn:incoming >Flow_0yian56</bpmn:incoming>
            <bpmn:outgoing >Flow_1pflalo</bpmn:outgoing>
            <bpmn:script>// get att from resolved record
var doc = Records.get(documentRef);
var peopleName = doc.load("name");

//get att from predefined document
var peopleEmail = document.load("email");

execution.setVariable("loadedName", peopleName);
execution.setVariable("loadedEmail", peopleEmail);</bpmn:script>
        </bpmn:scriptTask>
        <bpmn:endEvent name="" id="endEvent" ecos:name_ml="{}">
            <bpmn:incoming >Flow_1pflalo</bpmn:incoming>
        </bpmn:endEvent>
        <bpmn:sequenceFlow sourceRef="Activity_08wio58" targetRef="endEvent" name="" id="Flow_1pflalo" ecos:conditionConfig="{&quot;fn&quot;:&quot;&quot;,&quot;expression&quot;:&quot;&quot;,&quot;outcome&quot;:&quot;&quot;}" ecos:conditionType="NONE"/>
    </bpmn:process>
    <bpmndi:BPMNDiagram id="BPMNDiagram_1">
        <bpmndi:BPMNPlane  bpmnElement="test-script-task-get-document-variables" id="BPMNPlane_1">
            <bpmndi:BPMNEdge bpmnElement="Flow_1pflalo" id="Flow_1pflalo_di">
                <di:waypoint x="350.0" y="99.0"/>
                <di:waypoint x="412.0" y="99.0"/>
            </bpmndi:BPMNEdge>
            <bpmndi:BPMNEdge bpmnElement="Flow_0yian56" id="Flow_0yian56_di">
                <di:waypoint x="192.0" y="99.0"/>
                <di:waypoint x="250.0" y="99.0"/>
            </bpmndi:BPMNEdge>
            <bpmndi:BPMNShape bpmnElement="StartEvent_1ew9rff" isExpanded="true" id="_BPMNShape_StartEvent_2">
                <dc:Bounds x="156.0" y="81.0" width="36.0" height="36.0"/>
            </bpmndi:BPMNShape>
            <bpmndi:BPMNShape bpmnElement="Activity_08wio58" isExpanded="true" id="Activity_1tjqs4d_di">
                <dc:Bounds x="250.0" y="59.0" width="100.0" height="80.0"/>
            </bpmndi:BPMNShape>
            <bpmndi:BPMNShape bpmnElement="endEvent" isExpanded="true" id="endEvent_di">
                <dc:Bounds x="412.0" y="81.0" width="36.0" height="36.0"/>
            </bpmndi:BPMNShape>
        </bpmndi:BPMNPlane>
    </bpmndi:BPMNDiagram>
</bpmn:definitions>
