<?xml version="1.0" encoding="UTF-8" standalone="yes"?>
<bpmn:definitions xmlns:xsi="http://www.w3.org/2001/XMLSchema-instance" xmlns:bpmn="http://www.omg.org/spec/BPMN/20100524/MODEL" xmlns:camunda="http://camunda.org/schema/1.0/bpmn" xmlns:xs="http://www.w3.org/2001/XMLSchema" xmlns:bpmndi="http://www.omg.org/spec/BPMN/20100524/DI" xmlns:di="http://www.omg.org/spec/DD/20100524/DI" xmlns:ecos="http://www.citeck.ru/ecos/bpmn/1.0" xmlns:dc="http://www.omg.org/spec/DD/20100524/DC" id="Definitions_0hq0c8n" name="" targetNamespace="http://bpmn.io/schema/bpmn" exporter="bpmn-js (https://demo.bpmn.io)" exporterVersion="8.2.0" ecos:name_ml="{}" ecos:formRef="" ecos:enabled="false" ecos:autoStartEnabled="false" ecos:processDefId="test-subscriptions-event-boundary" ecos:ecosType="emodel/type@type-ecos-fin-request">
    <bpmn:process isExecutable="true" id="test-subscriptions-event-boundary">
        <bpmn:startEvent isInterrupting="true" name="start" id="StartEvent_1ew9rff" ecos:asyncConfig="{&quot;asyncBefore&quot;:false,&quot;asyncAfter&quot;:false,&quot;exclusive&quot;:true}" ecos:name_ml="{&quot;ru&quot;:&quot;start&quot;}" ecos:jobConfig="{&quot;jobPriority&quot;:null,&quot;jobRetryTimeCycle&quot;:null}">
            <bpmn:outgoing >Flow_1lv9r57</bpmn:outgoing>
        </bpmn:startEvent>
        <bpmn:sequenceFlow sourceRef="StartEvent_1ew9rff" targetRef="approverTask" name="" id="Flow_1lv9r57" ecos:name_ml="{}" ecos:conditionConfig="{&quot;fn&quot;:&quot;&quot;,&quot;expression&quot;:&quot;&quot;,&quot;outcome&quot;:&quot;&quot;}" ecos:conditionType="NONE"/>
        <bpmn:userTask name="approve" id="approverTask" ecos:documentation="{}" ecos:manualRecipients="[]" ecos:outcomes="[{&quot;id&quot;:&quot;done&quot;,&quot;name&quot;:{&quot;ru&quot;:&quot;Done&quot;}}]" ecos:name_ml="{&quot;ru&quot;:&quot;approve&quot;}" ecos:formRef="uiserv/form@test-bpmn-form" ecos:manualRecipientsMode="false" ecos:priority="MEDIUM" ecos:assignees="[&quot;author&quot;]">
            <bpmn:incoming >Flow_1lv9r57</bpmn:incoming>
            <bpmn:outgoing >Flow_1przxj1</bpmn:outgoing>
        </bpmn:userTask>
        <bpmn:endEvent name="end" id="endEvent" ecos:asyncConfig="{&quot;asyncBefore&quot;:false,&quot;asyncAfter&quot;:false,&quot;exclusive&quot;:true}" ecos:name_ml="{&quot;ru&quot;:&quot;end&quot;}" ecos:jobConfig="{&quot;jobPriority&quot;:null,&quot;jobRetryTimeCycle&quot;:null}">
            <bpmn:incoming >Flow_1przxj1</bpmn:incoming>
        </bpmn:endEvent>
        <bpmn:sequenceFlow sourceRef="approverTask" targetRef="endEvent" name="" id="Flow_1przxj1" ecos:name_ml="{}" ecos:conditionConfig="{&quot;fn&quot;:&quot;&quot;,&quot;expression&quot;:&quot;&quot;,&quot;outcome&quot;:&quot;&quot;}" ecos:conditionType="NONE"/>
        <bpmn:sequenceFlow sourceRef="event_create_comment" targetRef="sendTask" name="" id="Flow_18doagl" ecos:name_ml="{}" ecos:conditionConfig="{&quot;fn&quot;:&quot;&quot;,&quot;expression&quot;:&quot;&quot;,&quot;outcome&quot;:&quot;&quot;}" ecos:conditionType="NONE"/>
        <bpmn:sendTask name="" id="sendTask" ecos:notificationCc="[]" ecos:notificationBcc="[]" ecos:notificationLang="ru" ecos:name_ml="{}" ecos:notificationTemplate="notifications/template@meet-recipients-notification" ecos:notificationType="EMAIL_NOTIFICATION" ecos:notificationAdditionalMeta="{}" ecos:notificationTo="[&quot;author&quot;]">
            <bpmn:incoming >Flow_18doagl</bpmn:incoming>
        </bpmn:sendTask>
        <bpmn:boundaryEvent  cancelActivity="false" attachedToRef="approverTask" name="" id="event_create_comment" ecos:eventFilterByRecordType="DOCUMENT" ecos:eventModel="{&quot;foo&quot;:&quot;bar&quot;,&quot;key&quot;:&quot;value&quot;}" ecos:asyncConfig="{&quot;asyncBefore&quot;:false,&quot;asyncAfter&quot;:false,&quot;exclusive&quot;:true}" ecos:name_ml="{}" ecos:jobConfig="{&quot;jobPriority&quot;:null,&quot;jobRetryTimeCycle&quot;:null}" ecos:eventManualMode="false" ecos:eventType="COMMENT_CREATE" ecos:eventFilterByPredicate="{&quot;t&quot;:&quot;eq&quot;,&quot;att&quot;:&quot;event.statusBefore&quot;,&quot;val&quot;:&quot;approval&quot;}">
            <bpmn:outgoing>Flow_18doagl</bpmn:outgoing>
            <bpmn:signalEventDefinition signalRef="Signal_cVVH2dz" id="SignalEventDefinition_0tp6f20"/>
        </bpmn:boundaryEvent>
    </bpmn:process>
    <bpmn:signal name="ecos.comment.create;${execution.businessKey}" id="Signal_cVVH2dz"/>
    <bpmndi:BPMNDiagram id="BPMNDiagram_1">
        <bpmndi:BPMNPlane  bpmnElement="test-subscriptions-event-boundary" id="test-subscriptions-event-boundary_di">
            <bpmndi:BPMNEdge bpmnElement="Flow_18doagl" id="Flow_18doagl_di">
                <di:waypoint x="300.0" y="157.0"/>
                <di:waypoint x="300.0" y="220.0"/>
                <di:waypoint x="370.0" y="220.0"/>
            </bpmndi:BPMNEdge>
            <bpmndi:BPMNEdge bpmnElement="Flow_1przxj1" id="Flow_1przxj1_di">
                <di:waypoint x="350.0" y="99.0"/>
                <di:waypoint x="452.0" y="99.0"/>
            </bpmndi:BPMNEdge>
            <bpmndi:BPMNEdge bpmnElement="Flow_1lv9r57" id="Flow_1lv9r57_di">
                <di:waypoint x="192.0" y="99.0"/>
                <di:waypoint x="250.0" y="99.0"/>
            </bpmndi:BPMNEdge>
            <bpmndi:BPMNShape bpmnElement="StartEvent_1ew9rff" isExpanded="true" id="_BPMNShape_StartEvent_2">
                <dc:Bounds x="156.0" y="81.0" width="36.0" height="36.0"/>
            </bpmndi:BPMNShape>
            <bpmndi:BPMNShape bpmnElement="approverTask" isExpanded="true" id="approverTask_di">
                <dc:Bounds x="250.0" y="59.0" width="100.0" height="80.0"/>
            </bpmndi:BPMNShape>
            <bpmndi:BPMNShape bpmnElement="endEvent" isExpanded="true" id="endEvent_di">
                <dc:Bounds x="452.0" y="81.0" width="36.0" height="36.0"/>
            </bpmndi:BPMNShape>
            <bpmndi:BPMNShape bpmnElement="sendTask" isExpanded="true" id="sendTask_di">
                <dc:Bounds x="370.0" y="180.0" width="100.0" height="80.0"/>
            </bpmndi:BPMNShape>
            <bpmndi:BPMNShape bpmnElement="event_create_comment" isExpanded="true" id="event_create_comment_di">
                <dc:Bounds x="282.0" y="121.0" width="36.0" height="36.0"/>
            </bpmndi:BPMNShape>
        </bpmndi:BPMNPlane>
    </bpmndi:BPMNDiagram>
</bpmn:definitions>
