<?xml version="1.0" encoding="UTF-8" standalone="yes"?>
<bpmn:definitions xmlns:xsi="http://www.w3.org/2001/XMLSchema-instance" xmlns:bpmn="http://www.omg.org/spec/BPMN/20100524/MODEL" xmlns:camunda="http://camunda.org/schema/1.0/bpmn" xmlns:xs="http://www.w3.org/2001/XMLSchema" xmlns:bpmndi="http://www.omg.org/spec/BPMN/20100524/DI" xmlns:di="http://www.omg.org/spec/DD/20100524/DI" xmlns:ecos="http://www.citeck.ru/ecos/bpmn/1.0" xmlns:dc="http://www.omg.org/spec/DD/20100524/DC" id="Definitions_0hq0c8n" name="" targetNamespace="http://bpmn.io/schema/bpmn" exporter="bpmn-js (https://demo.bpmn.io)" exporterVersion="8.2.0" ecos:name_ml="{}" ecos:formRef="" ecos:enabled="false" ecos:autoStartEnabled="false" ecos:processDefId="test-subscriptions-multiple-start-signals-with-diff-predicate" ecos:ecosType="">
    <bpmn:process isExecutable="true" id="test-subscriptions-multiple-start-signals-with-diff-predicate">
        <bpmn:startEvent isInterrupting="true" name="" id="StartEvent_1ew9rff" ecos:asyncConfig="{&quot;asyncBefore&quot;:false,&quot;asyncAfter&quot;:false,&quot;exclusive&quot;:true}" ecos:name_ml="{}" ecos:jobConfig="{&quot;jobPriority&quot;:null,&quot;jobRetryTimeCycle&quot;:null}">
            <bpmn:outgoing >Flow_0pbx5oc</bpmn:outgoing>
        </bpmn:startEvent>
        <bpmn:sequenceFlow sourceRef="StartEvent_1ew9rff" targetRef="userTask" name="" id="Flow_0pbx5oc" ecos:name_ml="{}" ecos:conditionConfig="{&quot;fn&quot;:&quot;&quot;,&quot;expression&quot;:&quot;&quot;,&quot;outcome&quot;:&quot;&quot;}" ecos:conditionType="NONE"/>
        <bpmn:endEvent name="" id="event_main_end" ecos:asyncConfig="{&quot;asyncBefore&quot;:false,&quot;asyncAfter&quot;:false,&quot;exclusive&quot;:true}" ecos:name_ml="{}" ecos:jobConfig="{&quot;jobPriority&quot;:null,&quot;jobRetryTimeCycle&quot;:null}">
            <bpmn:incoming >Flow_1j9e7ny</bpmn:incoming>
        </bpmn:endEvent>
        <bpmn:sequenceFlow sourceRef="userTask" targetRef="event_main_end" name="" id="Flow_1j9e7ny" ecos:name_ml="{}" ecos:conditionConfig="{&quot;fn&quot;:&quot;&quot;,&quot;expression&quot;:&quot;&quot;,&quot;outcome&quot;:&quot;&quot;}" ecos:conditionType="NONE"/>
        <bpmn:userTask name="task" id="userTask" ecos:documentation="{}" ecos:manualRecipients="[&quot;admin&quot;]" ecos:outcomes="[{&quot;id&quot;:&quot;done&quot;,&quot;name&quot;:{&quot;ru&quot;:&quot;Done&quot;}}]" ecos:name_ml="{&quot;ru&quot;:&quot;task&quot;}" ecos:formRef="uiserv/form@offer-offices-form" ecos:manualRecipientsMode="true" ecos:priority="MEDIUM" ecos:assignees="[]">
            <bpmn:incoming >Flow_0pbx5oc</bpmn:incoming>
            <bpmn:outgoing >Flow_1j9e7ny</bpmn:outgoing>
        </bpmn:userTask>
        <bpmn:subProcess triggeredByEvent="true" name="" id="Activity_05unh3q" ecos:asyncConfig="{&quot;asyncBefore&quot;:false,&quot;asyncAfter&quot;:false,&quot;exclusive&quot;:true}" ecos:name_ml="{}" ecos:jobConfig="{&quot;jobPriority&quot;:null,&quot;jobRetryTimeCycle&quot;:null}">
            <bpmn:endEvent name="" id="event_end_1" ecos:asyncConfig="{&quot;asyncBefore&quot;:false,&quot;asyncAfter&quot;:false,&quot;exclusive&quot;:true}" ecos:name_ml="{}" ecos:jobConfig="{&quot;jobPriority&quot;:null,&quot;jobRetryTimeCycle&quot;:null}">
                <bpmn:incoming >Flow_17ehlj4</bpmn:incoming>
            </bpmn:endEvent>
            <bpmn:sequenceFlow sourceRef="event_1" targetRef="event_end_1" name="" id="Flow_17ehlj4" ecos:name_ml="{}" ecos:conditionConfig="{&quot;fn&quot;:&quot;&quot;,&quot;expression&quot;:&quot;&quot;,&quot;outcome&quot;:&quot;&quot;}" ecos:conditionType="NONE"/>
            <bpmn:startEvent isInterrupting="false" name="event pred 1" id="event_1" ecos:eventFilterByRecordType="DOCUMENT" ecos:eventModel="{}" ecos:asyncConfig="{&quot;asyncBefore&quot;:false,&quot;asyncAfter&quot;:false,&quot;exclusive&quot;:true}" ecos:name_ml="{&quot;ru&quot;:&quot;event pred 1&quot;}" ecos:jobConfig="{&quot;jobPriority&quot;:null,&quot;jobRetryTimeCycle&quot;:null}" ecos:eventManualMode="false" ecos:eventType="COMMENT_CREATE" ecos:eventFilterByPredicate="{&quot;t&quot;:&quot;eq&quot;,&quot;att&quot;:&quot;text&quot;,&quot;val&quot;:&quot;comment_1&quot;}">
                <bpmn:outgoing >Flow_17ehlj4</bpmn:outgoing>
                <bpmn:signalEventDefinition  signalRef="Signal_EjVY2ha" id="SignalEventDefinition_1i4hxs7"/>
            </bpmn:startEvent>
        </bpmn:subProcess>
        <bpmn:subProcess triggeredByEvent="true" name="" id="Activity_1d4x3pz" ecos:asyncConfig="{&quot;asyncBefore&quot;:false,&quot;asyncAfter&quot;:false,&quot;exclusive&quot;:true}" ecos:name_ml="{}" ecos:jobConfig="{&quot;jobPriority&quot;:null,&quot;jobRetryTimeCycle&quot;:null}">
            <bpmn:endEvent name="" id="event_end_2" ecos:asyncConfig="{&quot;asyncBefore&quot;:false,&quot;asyncAfter&quot;:false,&quot;exclusive&quot;:true}" ecos:name_ml="{}" ecos:jobConfig="{&quot;jobPriority&quot;:null,&quot;jobRetryTimeCycle&quot;:null}">
                <bpmn:incoming >Flow_0h7qdo6</bpmn:incoming>
            </bpmn:endEvent>
            <bpmn:startEvent isInterrupting="false" name="event pred 2" id="event_2" ecos:eventFilterByRecordType="DOCUMENT" ecos:eventModel="{}" ecos:asyncConfig="{&quot;asyncBefore&quot;:false,&quot;asyncAfter&quot;:false,&quot;exclusive&quot;:true}" ecos:name_ml="{&quot;ru&quot;:&quot;event pred 2&quot;}" ecos:jobConfig="{&quot;jobPriority&quot;:null,&quot;jobRetryTimeCycle&quot;:null}" ecos:eventManualMode="false" ecos:eventType="COMMENT_CREATE" ecos:eventFilterByPredicate="{&quot;t&quot;:&quot;eq&quot;,&quot;att&quot;:&quot;text&quot;,&quot;val&quot;:&quot;comment_2&quot;}">
                <bpmn:outgoing >Flow_0h7qdo6</bpmn:outgoing>
                <bpmn:signalEventDefinition  signalRef="Signal_OpclBwj" id="SignalEventDefinition_0vy1ljl"/>
            </bpmn:startEvent>
            <bpmn:sequenceFlow sourceRef="event_2" targetRef="event_end_2" name="" id="Flow_0h7qdo6" ecos:name_ml="{}" ecos:conditionConfig="{&quot;fn&quot;:&quot;&quot;,&quot;expression&quot;:&quot;&quot;,&quot;outcome&quot;:&quot;&quot;}" ecos:conditionType="NONE"/>
        </bpmn:subProcess>
    </bpmn:process>
    <bpmndi:BPMNDiagram id="BPMNDiagram_1">
        <bpmndi:BPMNPlane  bpmnElement="test-subscriptions-multiple-start-signals-with-diff-predicate" id="BPMNPlane_1">
            <bpmndi:BPMNShape bpmnElement="StartEvent_1ew9rff" isExpanded="true" id="_BPMNShape_StartEvent_2">
                <dc:Bounds x="156.0" y="81.0" width="36.0" height="36.0"/>
            </bpmndi:BPMNShape>
            <bpmndi:BPMNShape bpmnElement="event_main_end" isExpanded="true" id="event_main_end_di">
                <dc:Bounds x="412.0" y="81.0" width="36.0" height="36.0"/>
            </bpmndi:BPMNShape>
            <bpmndi:BPMNShape bpmnElement="userTask" isExpanded="true" id="userTask_di">
                <dc:Bounds x="250.0" y="59.0" width="100.0" height="80.0"/>
            </bpmndi:BPMNShape>
            <bpmndi:BPMNShape bpmnElement="Activity_05unh3q" isExpanded="true" id="Activity_046mic0_di">
                <dc:Bounds x="140.0" y="200.0" width="350.0" height="200.0"/>
            </bpmndi:BPMNShape>
            <bpmndi:BPMNShape bpmnElement="event_end_1" isExpanded="true" id="event_end_1_di">
                <dc:Bounds x="272.0" y="282.0" width="36.0" height="36.0"/>
            </bpmndi:BPMNShape>
            <bpmndi:BPMNShape bpmnElement="event_1" isExpanded="true" id="event_1_di">
                <dc:Bounds x="180.0" y="282.0" width="36.0" height="36.0"/>
            </bpmndi:BPMNShape>
            <bpmndi:BPMNEdge bpmnElement="Flow_17ehlj4" id="Flow_17ehlj4_di">
                <di:waypoint x="216.0" y="300.0"/>
                <di:waypoint x="272.0" y="300.0"/>
            </bpmndi:BPMNEdge>
            <bpmndi:BPMNShape bpmnElement="Activity_1d4x3pz" isExpanded="true" id="BPMNShape_0bqv7p8">
                <dc:Bounds x="140.0" y="430.0" width="350.0" height="200.0"/>
            </bpmndi:BPMNShape>
            <bpmndi:BPMNShape bpmnElement="event_end_2" isExpanded="true" id="event_end_2_di">
                <dc:Bounds x="272.0" y="512.0" width="36.0" height="36.0"/>
            </bpmndi:BPMNShape>
            <bpmndi:BPMNShape bpmnElement="event_2" isExpanded="true" id="event_2_di">
                <dc:Bounds x="180.0" y="512.0" width="36.0" height="36.0"/>
            </bpmndi:BPMNShape>
            <bpmndi:BPMNEdge bpmnElement="Flow_0h7qdo6" id="BPMNEdge_0x46uuo">
                <di:waypoint x="216.0" y="530.0"/>
                <di:waypoint x="272.0" y="530.0"/>
            </bpmndi:BPMNEdge>
            <bpmndi:BPMNEdge bpmnElement="Flow_0pbx5oc" id="Flow_0pbx5oc_di">
                <di:waypoint x="192.0" y="99.0"/>
                <di:waypoint x="250.0" y="99.0"/>
            </bpmndi:BPMNEdge>
            <bpmndi:BPMNEdge bpmnElement="Flow_1j9e7ny" id="Flow_1j9e7ny_di">
                <di:waypoint x="350.0" y="99.0"/>
                <di:waypoint x="412.0" y="99.0"/>
            </bpmndi:BPMNEdge>
        </bpmndi:BPMNPlane>
    </bpmndi:BPMNDiagram>
</bpmn:definitions>
