<?xml version="1.0" encoding="UTF-8" standalone="yes"?>
<bpmn:definitions xmlns:xsi="http://www.w3.org/2001/XMLSchema-instance" xmlns:bpmn="http://www.omg.org/spec/BPMN/20100524/MODEL" xmlns:camunda="http://camunda.org/schema/1.0/bpmn" xmlns:xs="http://www.w3.org/2001/XMLSchema" xmlns:bpmndi="http://www.omg.org/spec/BPMN/20100524/DI" xmlns:di="http://www.omg.org/spec/DD/20100524/DI" xmlns:ecos="http://www.citeck.ru/ecos/bpmn/1.0" xmlns:dc="http://www.omg.org/spec/DD/20100524/DC" id="Definitions_Tj0ISXR" name="" targetNamespace="http://bpmn.io/schema/bpmn" exporter="bpmn-js (https://demo.bpmn.io)" exporterVersion="8.2.0" ecos:name_ml="{}" ecos:formRef="" ecos:enabled="false" ecos:autoStartEnabled="false" ecos:defState="CONVERTED" ecos:processDefId="test-conditional-event-subscriptions" ecos:ecosType="emodel/type@type_1">
    <bpmn:process isExecutable="true" id="test-conditional-event-subscriptions">
        <bpmn:startEvent isInterrupting="true" name="" id="StartEvent_1ew9rff" ecos:asyncConfig="{&quot;asyncBefore&quot;:false,&quot;asyncAfter&quot;:false,&quot;exclusive&quot;:true}" ecos:name_ml="{}" ecos:jobConfig="{&quot;jobPriority&quot;:null,&quot;jobRetryTimeCycle&quot;:null}">
            <bpmn:outgoing >Flow_18e961d</bpmn:outgoing>
        </bpmn:startEvent>
        <bpmn:endEvent name="" id="Event_1e3gszv" ecos:asyncConfig="{&quot;asyncBefore&quot;:false,&quot;asyncAfter&quot;:false,&quot;exclusive&quot;:true}" ecos:name_ml="{}" ecos:jobConfig="{&quot;jobPriority&quot;:null,&quot;jobRetryTimeCycle&quot;:null}">
            <bpmn:incoming >Flow_04egxl0</bpmn:incoming>
        </bpmn:endEvent>
        <bpmn:intermediateCatchEvent name="" id="Event_1hr604m" ecos:variableEvents="[]" ecos:asyncConfig="{&quot;asyncBefore&quot;:false,&quot;asyncAfter&quot;:false,&quot;exclusive&quot;:true}" ecos:reactOnDocumentChange="true" ecos:name_ml="{}" ecos:jobConfig="{&quot;jobPriority&quot;:null,&quot;jobRetryTimeCycle&quot;:null}" ecos:conditionConfig="{&quot;fn&quot;:&quot;&quot;,&quot;expression&quot;:&quot;false&quot;,&quot;outcome&quot;:&quot;&quot;}" ecos:conditionType="EXPRESSION" ecos:documentVariables="[&quot;&quot;]">
            <bpmn:incoming >Flow_18e961d</bpmn:incoming>
            <bpmn:outgoing >Flow_04egxl0</bpmn:outgoing>
            <bpmn:conditionalEventDefinition id="ConditionalEventDefinition_10hhago">
                <bpmn:condition xsi:type="bpmn:tFormalExpression">false</bpmn:condition>
            </bpmn:conditionalEventDefinition>
        </bpmn:intermediateCatchEvent>
        <bpmn:sequenceFlow sourceRef="StartEvent_1ew9rff" targetRef="Event_1hr604m" name="" id="Flow_18e961d" ecos:name_ml="{}" ecos:conditionConfig="{&quot;fn&quot;:&quot;&quot;,&quot;expression&quot;:&quot;&quot;,&quot;outcome&quot;:&quot;&quot;}" ecos:conditionType="NONE"/>
        <bpmn:sequenceFlow sourceRef="Event_1hr604m" targetRef="Event_1e3gszv" name="" id="Flow_04egxl0" ecos:name_ml="{}" ecos:conditionConfig="{&quot;fn&quot;:&quot;&quot;,&quot;expression&quot;:&quot;&quot;,&quot;outcome&quot;:&quot;&quot;}" ecos:conditionType="NONE"/>
    </bpmn:process>
    <bpmn:process isExecutable="true" id="Process_08mu1dw">
        <bpmn:startEvent isInterrupting="true" name="" id="Event_10fox5g" ecos:asyncConfig="{&quot;asyncBefore&quot;:false,&quot;asyncAfter&quot;:false,&quot;exclusive&quot;:true}" ecos:name_ml="{}" ecos:jobConfig="{&quot;jobPriority&quot;:null,&quot;jobRetryTimeCycle&quot;:null}">
            <bpmn:outgoing >Flow_1e6oibl</bpmn:outgoing>
        </bpmn:startEvent>
        <bpmn:endEvent name="" id="Event_0nvtptw" ecos:asyncConfig="{&quot;asyncBefore&quot;:false,&quot;asyncAfter&quot;:false,&quot;exclusive&quot;:true}" ecos:name_ml="{}" ecos:jobConfig="{&quot;jobPriority&quot;:null,&quot;jobRetryTimeCycle&quot;:null}">
            <bpmn:incoming >Flow_0yiv9sy</bpmn:incoming>
        </bpmn:endEvent>
        <bpmn:userTask name="" id="Activity_0a6z9o9" ecos:documentation="{}" ecos:manualRecipients="[&quot;admin&quot;]" ecos:outcomes="[{&quot;id&quot;:&quot;done&quot;,&quot;name&quot;:{&quot;ru&quot;:&quot;done&quot;},&quot;config&quot;:{&quot;theme&quot;:&quot;PRIMARY&quot;}}]" ecos:name_ml="{}" ecos:manualRecipientsMode="true" ecos:priority="MEDIUM" ecos:assignees="[]">
            <bpmn:incoming >Flow_1e6oibl</bpmn:incoming>
            <bpmn:outgoing >Flow_0yiv9sy</bpmn:outgoing>
        </bpmn:userTask>
        <bpmn:endEvent name="" id="Event_1cw656d" ecos:asyncConfig="{&quot;asyncBefore&quot;:false,&quot;asyncAfter&quot;:false,&quot;exclusive&quot;:true}" ecos:name_ml="{}" ecos:jobConfig="{&quot;jobPriority&quot;:null,&quot;jobRetryTimeCycle&quot;:null}">
            <bpmn:incoming >Flow_0o9o9lq</bpmn:incoming>
        </bpmn:endEvent>
        <bpmn:boundaryEvent  cancelActivity="true" attachedToRef="Activity_0a6z9o9" name="" id="Event_16efdf3" ecos:variableEvents="[]" ecos:asyncConfig="{&quot;asyncBefore&quot;:false,&quot;asyncAfter&quot;:false,&quot;exclusive&quot;:true}" ecos:reactOnDocumentChange="false" ecos:name_ml="{}" ecos:jobConfig="{&quot;jobPriority&quot;:null,&quot;jobRetryTimeCycle&quot;:null}" ecos:conditionConfig="{&quot;fn&quot;:&quot;&quot;,&quot;expression&quot;:&quot;false&quot;,&quot;outcome&quot;:&quot;&quot;}" ecos:conditionType="EXPRESSION" ecos:documentVariables="[&quot;&quot;]">
            <bpmn:outgoing>Flow_0o9o9lq</bpmn:outgoing>
            <bpmn:conditionalEventDefinition id="ConditionalEventDefinition_03gmdwm">
                <bpmn:condition xsi:type="bpmn:tFormalExpression">false</bpmn:condition>
            </bpmn:conditionalEventDefinition>
        </bpmn:boundaryEvent>
        <bpmn:sequenceFlow sourceRef="Event_10fox5g" targetRef="Activity_0a6z9o9" name="" id="Flow_1e6oibl" ecos:name_ml="{}" ecos:conditionConfig="{&quot;fn&quot;:&quot;&quot;,&quot;expression&quot;:&quot;&quot;,&quot;outcome&quot;:&quot;&quot;}" ecos:conditionType="NONE"/>
        <bpmn:sequenceFlow sourceRef="Activity_0a6z9o9" targetRef="Event_0nvtptw" name="" id="Flow_0yiv9sy" ecos:name_ml="{}" ecos:conditionConfig="{&quot;fn&quot;:&quot;&quot;,&quot;expression&quot;:&quot;&quot;,&quot;outcome&quot;:&quot;&quot;}" ecos:conditionType="NONE"/>
        <bpmn:sequenceFlow sourceRef="Event_16efdf3" targetRef="Event_1cw656d" name="" id="Flow_0o9o9lq" ecos:name_ml="{}" ecos:conditionConfig="{&quot;fn&quot;:&quot;&quot;,&quot;expression&quot;:&quot;&quot;,&quot;outcome&quot;:&quot;&quot;}" ecos:conditionType="NONE"/>
    </bpmn:process>
    <bpmn:process isExecutable="true" id="Process_0onllsf">
        <bpmn:startEvent isInterrupting="true" name="" id="Event_1j22t2r" ecos:asyncConfig="{&quot;asyncBefore&quot;:false,&quot;asyncAfter&quot;:false,&quot;exclusive&quot;:true}" ecos:name_ml="{}" ecos:jobConfig="{&quot;jobPriority&quot;:null,&quot;jobRetryTimeCycle&quot;:null}">
            <bpmn:outgoing >Flow_1g47yh3</bpmn:outgoing>
        </bpmn:startEvent>
        <bpmn:subProcess triggeredByEvent="false" name="" id="Activity_04k2zcb" ecos:asyncConfig="{&quot;asyncBefore&quot;:false,&quot;asyncAfter&quot;:false,&quot;exclusive&quot;:true}" ecos:name_ml="{}" ecos:jobConfig="{&quot;jobPriority&quot;:null,&quot;jobRetryTimeCycle&quot;:null}">
            <bpmn:incoming >Flow_1g47yh3</bpmn:incoming>
            <bpmn:outgoing >Flow_1d2j1zf</bpmn:outgoing>
            <bpmn:startEvent isInterrupting="true" name="" id="Event_0ljrnei" ecos:asyncConfig="{&quot;asyncBefore&quot;:false,&quot;asyncAfter&quot;:false,&quot;exclusive&quot;:true}" ecos:name_ml="{}" ecos:jobConfig="{&quot;jobPriority&quot;:null,&quot;jobRetryTimeCycle&quot;:null}">
                <bpmn:outgoing >Flow_1994y6u</bpmn:outgoing>
            </bpmn:startEvent>
            <bpmn:sequenceFlow sourceRef="Event_0ljrnei" targetRef="Event_0lr337o" name="" id="Flow_1994y6u" ecos:name_ml="{}" ecos:conditionConfig="{&quot;fn&quot;:&quot;&quot;,&quot;expression&quot;:&quot;&quot;,&quot;outcome&quot;:&quot;&quot;}" ecos:conditionType="NONE"/>
            <bpmn:endEvent name="" id="Event_0woumow" ecos:asyncConfig="{&quot;asyncBefore&quot;:false,&quot;asyncAfter&quot;:false,&quot;exclusive&quot;:true}" ecos:name_ml="{}" ecos:jobConfig="{&quot;jobPriority&quot;:null,&quot;jobRetryTimeCycle&quot;:null}">
                <bpmn:incoming >Flow_05h8yih</bpmn:incoming>
            </bpmn:endEvent>
            <bpmn:sequenceFlow sourceRef="Event_0lr337o" targetRef="Event_0woumow" name="" id="Flow_05h8yih" ecos:name_ml="{}" ecos:conditionConfig="{&quot;fn&quot;:&quot;&quot;,&quot;expression&quot;:&quot;&quot;,&quot;outcome&quot;:&quot;&quot;}" ecos:conditionType="NONE"/>
            <bpmn:intermediateCatchEvent name="" id="Event_0lr337o" ecos:variableEvents="[]" ecos:asyncConfig="{&quot;asyncBefore&quot;:false,&quot;asyncAfter&quot;:false,&quot;exclusive&quot;:true}" ecos:reactOnDocumentChange="true" ecos:name_ml="{}" ecos:jobConfig="{&quot;jobPriority&quot;:null,&quot;jobRetryTimeCycle&quot;:null}" ecos:conditionConfig="{&quot;fn&quot;:&quot;&quot;,&quot;expression&quot;:&quot;false&quot;,&quot;outcome&quot;:&quot;&quot;}" ecos:conditionType="EXPRESSION" ecos:documentVariables="[&quot;&quot;]">
                <bpmn:incoming >Flow_1994y6u</bpmn:incoming>
                <bpmn:outgoing >Flow_05h8yih</bpmn:outgoing>
                <bpmn:conditionalEventDefinition id="ConditionalEventDefinition_1vj95nw">
                    <bpmn:condition xsi:type="bpmn:tFormalExpression">false</bpmn:condition>
                </bpmn:conditionalEventDefinition>
            </bpmn:intermediateCatchEvent>
        </bpmn:subProcess>
        <bpmn:sequenceFlow sourceRef="Event_1j22t2r" targetRef="Activity_04k2zcb" name="" id="Flow_1g47yh3" ecos:name_ml="{}" ecos:conditionConfig="{&quot;fn&quot;:&quot; &quot;,&quot;expression&quot;:&quot;&quot;,&quot;outcome&quot;:&quot;&quot;}" ecos:conditionType="NONE"/>
        <bpmn:endEvent name="" id="Event_0iyi57r" ecos:asyncConfig="{&quot;asyncBefore&quot;:false,&quot;asyncAfter&quot;:false,&quot;exclusive&quot;:true}" ecos:name_ml="{}" ecos:jobConfig="{&quot;jobPriority&quot;:null,&quot;jobRetryTimeCycle&quot;:null}">
            <bpmn:incoming >Flow_1d2j1zf</bpmn:incoming>
        </bpmn:endEvent>
        <bpmn:sequenceFlow sourceRef="Activity_04k2zcb" targetRef="Event_0iyi57r" name="" id="Flow_1d2j1zf" ecos:name_ml="{}" ecos:conditionConfig="{&quot;fn&quot;:&quot;&quot;,&quot;expression&quot;:&quot;&quot;,&quot;outcome&quot;:&quot;&quot;}" ecos:conditionType="NONE"/>
    </bpmn:process>
    <bpmn:process isExecutable="true" id="Process_1h6gwrl">
        <bpmn:startEvent isInterrupting="true" name="" id="Event_08zwwkw" ecos:asyncConfig="{&quot;asyncBefore&quot;:false,&quot;asyncAfter&quot;:false,&quot;exclusive&quot;:true}" ecos:name_ml="{}" ecos:jobConfig="{&quot;jobPriority&quot;:null,&quot;jobRetryTimeCycle&quot;:null}">
            <bpmn:outgoing >Flow_09pysk5</bpmn:outgoing>
        </bpmn:startEvent>
        <bpmn:endEvent name="" id="Event_18i2m0e" ecos:asyncConfig="{&quot;asyncBefore&quot;:false,&quot;asyncAfter&quot;:false,&quot;exclusive&quot;:true}" ecos:name_ml="{}" ecos:jobConfig="{&quot;jobPriority&quot;:null,&quot;jobRetryTimeCycle&quot;:null}">
            <bpmn:incoming >Flow_1arlo6d</bpmn:incoming>
        </bpmn:endEvent>
        <bpmn:subProcess triggeredByEvent="false" name="" id="Activity_1htogj6" ecos:asyncConfig="{&quot;asyncBefore&quot;:false,&quot;asyncAfter&quot;:false,&quot;exclusive&quot;:true}" ecos:name_ml="{}" ecos:jobConfig="{&quot;jobPriority&quot;:null,&quot;jobRetryTimeCycle&quot;:null}">
            <bpmn:incoming >Flow_09pysk5</bpmn:incoming>
            <bpmn:outgoing >Flow_1arlo6d</bpmn:outgoing>
            <bpmn:startEvent isInterrupting="true" name="" id="Event_1wmy4hl" ecos:asyncConfig="{&quot;asyncBefore&quot;:false,&quot;asyncAfter&quot;:false,&quot;exclusive&quot;:true}" ecos:name_ml="{}" ecos:jobConfig="{&quot;jobPriority&quot;:null,&quot;jobRetryTimeCycle&quot;:null}">
                <bpmn:outgoing >Flow_12vjc9r</bpmn:outgoing>
            </bpmn:startEvent>
            <bpmn:endEvent name="" id="Event_1wrtrff" ecos:asyncConfig="{&quot;asyncBefore&quot;:false,&quot;asyncAfter&quot;:false,&quot;exclusive&quot;:true}" ecos:name_ml="{}" ecos:jobConfig="{&quot;jobPriority&quot;:null,&quot;jobRetryTimeCycle&quot;:null}">
                <bpmn:incoming >Flow_12vjc9r</bpmn:incoming>
            </bpmn:endEvent>
            <bpmn:sequenceFlow sourceRef="Event_1wmy4hl" targetRef="Event_1wrtrff" name="" id="Flow_12vjc9r" ecos:name_ml="{}" ecos:conditionConfig="{&quot;fn&quot;:&quot;&quot;,&quot;expression&quot;:&quot;&quot;,&quot;outcome&quot;:&quot;&quot;}" ecos:conditionType="NONE"/>
        </bpmn:subProcess>
        <bpmn:sequenceFlow sourceRef="Event_08zwwkw" targetRef="Activity_1htogj6" name="" id="Flow_09pysk5" ecos:name_ml="{}" ecos:conditionConfig="{&quot;fn&quot;:&quot;&quot;,&quot;expression&quot;:&quot;&quot;,&quot;outcome&quot;:&quot;&quot;}" ecos:conditionType="NONE"/>
        <bpmn:sequenceFlow sourceRef="Activity_1htogj6" targetRef="Event_18i2m0e" name="" id="Flow_1arlo6d" ecos:name_ml="{}" ecos:conditionConfig="{&quot;fn&quot;:&quot;&quot;,&quot;expression&quot;:&quot;&quot;,&quot;outcome&quot;:&quot;&quot;}" ecos:conditionType="NONE"/>
        <bpmn:boundaryEvent  cancelActivity="false" attachedToRef="Activity_1htogj6" name="" id="Event_1lux5uk" ecos:variableEvents="[]" ecos:asyncConfig="{&quot;asyncBefore&quot;:false,&quot;asyncAfter&quot;:false,&quot;exclusive&quot;:true}" ecos:reactOnDocumentChange="true" ecos:name_ml="{}" ecos:jobConfig="{&quot;jobPriority&quot;:null,&quot;jobRetryTimeCycle&quot;:null}" ecos:conditionConfig="{&quot;fn&quot;:&quot;&quot;,&quot;expression&quot;:&quot;false&quot;,&quot;outcome&quot;:&quot;&quot;}" ecos:conditionType="EXPRESSION" ecos:documentVariables="[&quot;&quot;]">
            <bpmn:outgoing>Flow_1juu0tn</bpmn:outgoing>
            <bpmn:conditionalEventDefinition id="ConditionalEventDefinition_02r8a3w">
                <bpmn:condition xsi:type="bpmn:tFormalExpression">false</bpmn:condition>
            </bpmn:conditionalEventDefinition>
        </bpmn:boundaryEvent>
        <bpmn:endEvent name="" id="Event_0b2c7xu" ecos:asyncConfig="{&quot;asyncBefore&quot;:false,&quot;asyncAfter&quot;:false,&quot;exclusive&quot;:true}" ecos:name_ml="{}" ecos:jobConfig="{&quot;jobPriority&quot;:null,&quot;jobRetryTimeCycle&quot;:null}">
            <bpmn:incoming >Flow_1juu0tn</bpmn:incoming>
        </bpmn:endEvent>
        <bpmn:sequenceFlow sourceRef="Event_1lux5uk" targetRef="Event_0b2c7xu" name="" id="Flow_1juu0tn" ecos:name_ml="{}" ecos:conditionConfig="{&quot;fn&quot;:&quot;&quot;,&quot;expression&quot;:&quot;&quot;,&quot;outcome&quot;:&quot;&quot;}" ecos:conditionType="NONE"/>
    </bpmn:process>
    <bpmn:collaboration id="Collaboration_0awp6e9">
        <bpmn:participant  name="" processRef="test-conditional-event-subscriptions" id="Participant_0h34zva" ecos:name_ml="{}" ecos:ecosType="emodel/type@type_1"/>
        <bpmn:participant  name="" processRef="Process_08mu1dw" id="Participant_1jdrx0f" ecos:name_ml="{}" ecos:ecosType="emodel/type@type_2"/>
        <bpmn:participant  name="" processRef="Process_0onllsf" id="Participant_0oygu6e" ecos:name_ml="{}" ecos:ecosType="emodel/type@type_3"/>
        <bpmn:participant  name="" processRef="Process_1h6gwrl" id="Participant_08rou1n" ecos:name_ml="{}" ecos:ecosType="emodel/type@type_4"/>
    </bpmn:collaboration>
    <bpmndi:BPMNDiagram id="BPMNDiagram_1">
        <bpmndi:BPMNPlane  bpmnElement="Collaboration_0awp6e9" id="BPMNPlane_1">
            <bpmndi:BPMNShape bpmnElement="Participant_0h34zva" isExpanded="true" id="Participant_0h34zva_di">
                <dc:Bounds x="102.0" y="60.0" width="720.0" height="100.0"/>
            </bpmndi:BPMNShape>
            <bpmndi:BPMNShape bpmnElement="StartEvent_1ew9rff" isExpanded="true" id="_BPMNShape_StartEvent_2">
                <dc:Bounds x="156.0" y="81.0" width="36.0" height="36.0"/>
            </bpmndi:BPMNShape>
            <bpmndi:BPMNShape bpmnElement="Event_1e3gszv" isExpanded="true" id="Event_1e3gszv_di">
                <dc:Bounds x="762.0" y="81.0" width="36.0" height="36.0"/>
            </bpmndi:BPMNShape>
            <bpmndi:BPMNShape bpmnElement="Event_1hr604m" isExpanded="true" id="Event_034fzcn_di">
                <dc:Bounds x="432.0" y="81.0" width="36.0" height="36.0"/>
            </bpmndi:BPMNShape>
            <bpmndi:BPMNEdge bpmnElement="Flow_18e961d" id="Flow_18e961d_di">
                <di:waypoint x="192.0" y="99.0"/>
                <di:waypoint x="432.0" y="99.0"/>
            </bpmndi:BPMNEdge>
            <bpmndi:BPMNEdge bpmnElement="Flow_04egxl0" id="Flow_04egxl0_di">
                <di:waypoint x="468.0" y="99.0"/>
                <di:waypoint x="762.0" y="99.0"/>
            </bpmndi:BPMNEdge>
            <bpmndi:BPMNShape bpmnElement="Participant_1jdrx0f" isExpanded="true" id="Participant_1jdrx0f_di">
                <dc:Bounds x="102.0" y="180.0" width="600.0" height="318.0"/>
            </bpmndi:BPMNShape>
            <bpmndi:BPMNShape bpmnElement="Event_10fox5g" isExpanded="true" id="Event_10fox5g_di">
                <dc:Bounds x="152.0" y="282.0" width="36.0" height="36.0"/>
            </bpmndi:BPMNShape>
            <bpmndi:BPMNShape bpmnElement="Event_0nvtptw" isExpanded="true" id="Event_0nvtptw_di">
                <dc:Bounds x="472.0" y="282.0" width="36.0" height="36.0"/>
            </bpmndi:BPMNShape>
            <bpmndi:BPMNShape bpmnElement="Activity_0a6z9o9" isExpanded="true" id="Activity_1u2z3ah_di">
                <dc:Bounds x="270.0" y="260.0" width="100.0" height="80.0"/>
            </bpmndi:BPMNShape>
            <bpmndi:BPMNShape bpmnElement="Event_1cw656d" isExpanded="true" id="Event_1cw656d_di">
                <dc:Bounds x="472.0" y="382.0" width="36.0" height="36.0"/>
            </bpmndi:BPMNShape>
            <bpmndi:BPMNShape bpmnElement="Event_16efdf3" isExpanded="true" id="Event_1e8o0f2_di">
                <dc:Bounds x="292.0" y="322.0" width="36.0" height="36.0"/>
            </bpmndi:BPMNShape>
            <bpmndi:BPMNEdge bpmnElement="Flow_1e6oibl" id="Flow_1e6oibl_di">
                <di:waypoint x="188.0" y="300.0"/>
                <di:waypoint x="270.0" y="300.0"/>
            </bpmndi:BPMNEdge>
            <bpmndi:BPMNEdge bpmnElement="Flow_0yiv9sy" id="Flow_0yiv9sy_di">
                <di:waypoint x="370.0" y="300.0"/>
                <di:waypoint x="472.0" y="300.0"/>
            </bpmndi:BPMNEdge>
            <bpmndi:BPMNEdge bpmnElement="Flow_0o9o9lq" id="Flow_0o9o9lq_di">
                <di:waypoint x="310.0" y="358.0"/>
                <di:waypoint x="310.0" y="400.0"/>
                <di:waypoint x="472.0" y="400.0"/>
            </bpmndi:BPMNEdge>
            <bpmndi:BPMNShape bpmnElement="Participant_0oygu6e" isExpanded="true" id="Participant_0oygu6e_di">
                <dc:Bounds x="102.0" y="530.0" width="600.0" height="250.0"/>
            </bpmndi:BPMNShape>
            <bpmndi:BPMNShape bpmnElement="Event_1j22t2r" isExpanded="true" id="Event_1j22t2r_di">
                <dc:Bounds x="162.0" y="622.0" width="36.0" height="36.0"/>
            </bpmndi:BPMNShape>
            <bpmndi:BPMNShape bpmnElement="Event_0iyi57r" isExpanded="true" id="Event_0iyi57r_di">
                <dc:Bounds x="592.0" y="632.0" width="36.0" height="36.0"/>
            </bpmndi:BPMNShape>
            <bpmndi:BPMNShape bpmnElement="Activity_04k2zcb" isExpanded="true" id="Activity_04k2zcb_di">
                <dc:Bounds x="220.0" y="550.0" width="350.0" height="200.0"/>
            </bpmndi:BPMNShape>
            <bpmndi:BPMNShape bpmnElement="Event_0ljrnei" isExpanded="true" id="Event_0ljrnei_di">
                <dc:Bounds x="260.0" y="632.0" width="36.0" height="36.0"/>
            </bpmndi:BPMNShape>
            <bpmndi:BPMNShape bpmnElement="Event_0woumow" isExpanded="true" id="Event_0woumow_di">
                <dc:Bounds x="452.0" y="632.0" width="36.0" height="36.0"/>
            </bpmndi:BPMNShape>
            <bpmndi:BPMNShape bpmnElement="Event_0lr337o" isExpanded="true" id="Event_1jxa93y_di">
                <dc:Bounds x="352.0" y="632.0" width="36.0" height="36.0"/>
            </bpmndi:BPMNShape>
            <bpmndi:BPMNEdge bpmnElement="Flow_1994y6u" id="Flow_1994y6u_di">
                <di:waypoint x="296.0" y="650.0"/>
                <di:waypoint x="352.0" y="650.0"/>
            </bpmndi:BPMNEdge>
            <bpmndi:BPMNEdge bpmnElement="Flow_05h8yih" id="Flow_05h8yih_di">
                <di:waypoint x="388.0" y="650.0"/>
                <di:waypoint x="452.0" y="650.0"/>
            </bpmndi:BPMNEdge>
            <bpmndi:BPMNEdge bpmnElement="Flow_1g47yh3" id="Flow_1g47yh3_di">
                <di:waypoint x="198.0" y="640.0"/>
                <di:waypoint x="220.0" y="640.0"/>
            </bpmndi:BPMNEdge>
            <bpmndi:BPMNEdge bpmnElement="Flow_1d2j1zf" id="Flow_1d2j1zf_di">
                <di:waypoint x="570.0" y="650.0"/>
                <di:waypoint x="592.0" y="650.0"/>
            </bpmndi:BPMNEdge>
            <bpmndi:BPMNShape bpmnElement="Participant_08rou1n" isExpanded="true" id="BPMNShape_0r29jxa">
                <dc:Bounds x="102.0" y="800.0" width="600.0" height="360.0"/>
            </bpmndi:BPMNShape>
            <bpmndi:BPMNShape bpmnElement="Event_08zwwkw" isExpanded="true" id="BPMNShape_193dlun">
                <dc:Bounds x="162.0" y="892.0" width="36.0" height="36.0"/>
            </bpmndi:BPMNShape>
            <bpmndi:BPMNShape bpmnElement="Event_18i2m0e" isExpanded="true" id="BPMNShape_0sqwi0x">
                <dc:Bounds x="592.0" y="902.0" width="36.0" height="36.0"/>
            </bpmndi:BPMNShape>
            <bpmndi:BPMNShape bpmnElement="Event_0b2c7xu" isExpanded="true" id="Event_0b2c7xu_di">
                <dc:Bounds x="442.0" y="1082.0" width="36.0" height="36.0"/>
            </bpmndi:BPMNShape>
            <bpmndi:BPMNShape bpmnElement="Activity_1htogj6" isExpanded="true" id="BPMNShape_12bjc2n">
                <dc:Bounds x="220.0" y="820.0" width="350.0" height="200.0"/>
            </bpmndi:BPMNShape>
            <bpmndi:BPMNShape bpmnElement="Event_1wmy4hl" isExpanded="true" id="BPMNShape_16fqqhx">
                <dc:Bounds x="260.0" y="902.0" width="36.0" height="36.0"/>
            </bpmndi:BPMNShape>
            <bpmndi:BPMNShape bpmnElement="Event_1wrtrff" isExpanded="true" id="BPMNShape_104p8gd">
                <dc:Bounds x="452.0" y="902.0" width="36.0" height="36.0"/>
            </bpmndi:BPMNShape>
            <bpmndi:BPMNEdge bpmnElement="Flow_12vjc9r" id="BPMNEdge_16oh8ol">
                <di:waypoint x="296.0" y="920.0"/>
                <di:waypoint x="452.0" y="920.0"/>
            </bpmndi:BPMNEdge>
            <bpmndi:BPMNShape bpmnElement="Event_1lux5uk" isExpanded="true" id="Event_1c5buzt_di">
                <dc:Bounds x="352.0" y="1002.0" width="36.0" height="36.0"/>
            </bpmndi:BPMNShape>
            <bpmndi:BPMNEdge bpmnElement="Flow_09pysk5" id="BPMNEdge_0vn9wfg">
                <di:waypoint x="198.0" y="910.0"/>
                <di:waypoint x="220.0" y="910.0"/>
            </bpmndi:BPMNEdge>
            <bpmndi:BPMNEdge bpmnElement="Flow_1arlo6d" id="BPMNEdge_011frfi">
                <di:waypoint x="570.0" y="920.0"/>
                <di:waypoint x="592.0" y="920.0"/>
            </bpmndi:BPMNEdge>
            <bpmndi:BPMNEdge bpmnElement="Flow_1juu0tn" id="Flow_1juu0tn_di">
                <di:waypoint x="370.0" y="1038.0"/>
                <di:waypoint x="370.0" y="1100.0"/>
                <di:waypoint x="442.0" y="1100.0"/>
            </bpmndi:BPMNEdge>
        </bpmndi:BPMNPlane>
    </bpmndi:BPMNDiagram>
</bpmn:definitions>
