<?xml version="1.0" encoding="UTF-8" standalone="yes"?>
<bpmn:definitions xmlns:xsi="http://www.w3.org/2001/XMLSchema-instance" xmlns:bpmn="http://www.omg.org/spec/BPMN/20100524/MODEL" xmlns:camunda="http://camunda.org/schema/1.0/bpmn" xmlns:xs="http://www.w3.org/2001/XMLSchema" xmlns:bpmndi="http://www.omg.org/spec/BPMN/20100524/DI" xmlns:di="http://www.omg.org/spec/DD/20100524/DI" xmlns:ecos="http://www.citeck.ru/ecos/bpmn/1.0" xmlns:dc="http://www.omg.org/spec/DD/20100524/DC" id="Definitions_0hq0c8n" name="" targetNamespace="http://bpmn.io/schema/bpmn" exporter="bpmn-js (https://demo.bpmn.io)" exporterVersion="8.2.0" ecos:name_ml="{}" ecos:formRef="" ecos:enabled="false" ecos:autoStartEnabled="false" ecos:processDefId="test-subscriptions-start-signals-event-subprocess-events" ecos:ecosType="emodel/type@type-ecos-fin-request">
    <bpmn:process isExecutable="true" id="test-subscriptions-boundary-events">
        <bpmn:startEvent isInterrupting="true" name="" id="StartEvent_1ew9rff" ecos:asyncConfig="{&quot;asyncBefore&quot;:false,&quot;asyncAfter&quot;:false,&quot;exclusive&quot;:true}" ecos:name_ml="{}" ecos:jobConfig="{&quot;jobPriority&quot;:null,&quot;jobRetryTimeCycle&quot;:null}">
            <bpmn:outgoing >Flow_0m5qza0</bpmn:outgoing>
        </bpmn:startEvent>
        <bpmn:sequenceFlow sourceRef="StartEvent_1ew9rff" targetRef="userTask" name="" id="Flow_0m5qza0" ecos:name_ml="{}" ecos:conditionConfig="{&quot;fn&quot;:&quot;&quot;,&quot;expression&quot;:&quot;&quot;,&quot;outcome&quot;:&quot;&quot;}" ecos:conditionType="NONE"/>
        <bpmn:userTask name="" id="userTask" ecos:documentation="{}" ecos:manualRecipients="[&quot;admin&quot;]" ecos:outcomes="[{&quot;id&quot;:&quot;done&quot;,&quot;name&quot;:{&quot;ru&quot;:&quot;Done&quot;}}]" ecos:name_ml="{}" ecos:formRef="uiserv/form@meet_issue" ecos:manualRecipientsMode="true" ecos:priority="MEDIUM" ecos:assignees="[]">
            <bpmn:incoming >Flow_0m5qza0</bpmn:incoming>
            <bpmn:outgoing >Flow_165s9hy</bpmn:outgoing>
        </bpmn:userTask>
        <bpmn:endEvent name="" id="Event_1h2x5d2" ecos:asyncConfig="{&quot;asyncBefore&quot;:false,&quot;asyncAfter&quot;:false,&quot;exclusive&quot;:true}" ecos:name_ml="{}" ecos:jobConfig="{&quot;jobPriority&quot;:null,&quot;jobRetryTimeCycle&quot;:null}">
            <bpmn:incoming >Flow_165s9hy</bpmn:incoming>
        </bpmn:endEvent>
        <bpmn:sequenceFlow sourceRef="userTask" targetRef="Event_1h2x5d2" name="" id="Flow_165s9hy" ecos:name_ml="{}" ecos:conditionConfig="{&quot;fn&quot;:&quot;&quot;,&quot;expression&quot;:&quot;&quot;,&quot;outcome&quot;:&quot;&quot;}" ecos:conditionType="NONE"/>
        <bpmn:subProcess triggeredByEvent="true" name="" id="Activity_15jdcbg" ecos:asyncConfig="{&quot;asyncBefore&quot;:false,&quot;asyncAfter&quot;:false,&quot;exclusive&quot;:true}" ecos:name_ml="{}" ecos:jobConfig="{&quot;jobPriority&quot;:null,&quot;jobRetryTimeCycle&quot;:null}">
            <bpmn:sequenceFlow sourceRef="event_start_1" targetRef="Activity_12qwhn5" name="" id="Flow_0mqr2xf" ecos:name_ml="{}" ecos:conditionConfig="{&quot;fn&quot;:&quot;&quot;,&quot;expression&quot;:&quot;&quot;,&quot;outcome&quot;:&quot;&quot;}" ecos:conditionType="NONE"/>
            <bpmn:endEvent name="" id="Event_0vflngw" ecos:asyncConfig="{&quot;asyncBefore&quot;:false,&quot;asyncAfter&quot;:false,&quot;exclusive&quot;:true}" ecos:name_ml="{}" ecos:jobConfig="{&quot;jobPriority&quot;:null,&quot;jobRetryTimeCycle&quot;:null}">
                <bpmn:incoming >Flow_0ppnuqm</bpmn:incoming>
            </bpmn:endEvent>
            <bpmn:sequenceFlow sourceRef="Activity_12qwhn5" targetRef="Event_0vflngw" name="" id="Flow_0ppnuqm" ecos:name_ml="{}" ecos:conditionConfig="{&quot;fn&quot;:&quot;&quot;,&quot;expression&quot;:&quot;&quot;,&quot;outcome&quot;:&quot;&quot;}" ecos:conditionType="NONE"/>
            <bpmn:scriptTask scriptFormat="javascript" name="" id="Activity_12qwhn5" ecos:asyncConfig="{&quot;asyncBefore&quot;:false,&quot;asyncAfter&quot;:false,&quot;exclusive&quot;:true}" ecos:name_ml="{}" ecos:jobConfig="{&quot;jobPriority&quot;:null,&quot;jobRetryTimeCycle&quot;:null}" ecos:script=" //script">
                <bpmn:incoming >Flow_0mqr2xf</bpmn:incoming>
                <bpmn:outgoing >Flow_0ppnuqm</bpmn:outgoing>
                <bpmn:script> //script</bpmn:script>
            </bpmn:scriptTask>
            <bpmn:startEvent isInterrupting="false" name="" id="event_start_1" ecos:manualSignalName="start-1" ecos:eventFilterByRecordType="DOCUMENT" ecos:eventModel="{}" ecos:asyncConfig="{&quot;asyncBefore&quot;:false,&quot;asyncAfter&quot;:false,&quot;exclusive&quot;:true}" ecos:name_ml="{}" ecos:jobConfig="{&quot;jobPriority&quot;:null,&quot;jobRetryTimeCycle&quot;:null}" ecos:eventManualMode="true">
                <bpmn:outgoing >Flow_0mqr2xf</bpmn:outgoing>
                <bpmn:signalEventDefinition  signalRef="Signal_hiBydv6" id="SignalEventDefinition_1evd8bk"/>
            </bpmn:startEvent>
        </bpmn:subProcess>
        <bpmn:subProcess triggeredByEvent="true" name="" id="Activity_1g6r2g0" ecos:asyncConfig="{&quot;asyncBefore&quot;:false,&quot;asyncAfter&quot;:false,&quot;exclusive&quot;:true}" ecos:name_ml="{}" ecos:jobConfig="{&quot;jobPriority&quot;:null,&quot;jobRetryTimeCycle&quot;:null}">
            <bpmn:endEvent name="" id="Event_0nh8z52" ecos:asyncConfig="{&quot;asyncBefore&quot;:false,&quot;asyncAfter&quot;:false,&quot;exclusive&quot;:true}" ecos:name_ml="{}" ecos:jobConfig="{&quot;jobPriority&quot;:null,&quot;jobRetryTimeCycle&quot;:null}">
                <bpmn:incoming >Flow_0m1lohj</bpmn:incoming>
            </bpmn:endEvent>
            <bpmn:sequenceFlow sourceRef="event_start_2" targetRef="Activity_02strtt" name="" id="Flow_0t03ilk" ecos:name_ml="{}" ecos:conditionConfig="{&quot;fn&quot;:&quot;&quot;,&quot;expression&quot;:&quot;&quot;,&quot;outcome&quot;:&quot;&quot;}" ecos:conditionType="NONE"/>
            <bpmn:sequenceFlow sourceRef="Activity_02strtt" targetRef="Event_0nh8z52" name="" id="Flow_0m1lohj" ecos:name_ml="{}" ecos:conditionConfig="{&quot;fn&quot;:&quot;&quot;,&quot;expression&quot;:&quot;&quot;,&quot;outcome&quot;:&quot;&quot;}" ecos:conditionType="NONE"/>
            <bpmn:startEvent isInterrupting="true" name="" id="event_start_2" ecos:manualSignalName="start-2" ecos:eventFilterByRecordType="DOCUMENT" ecos:eventModel="{}" ecos:asyncConfig="{&quot;asyncBefore&quot;:false,&quot;asyncAfter&quot;:false,&quot;exclusive&quot;:true}" ecos:name_ml="{}" ecos:jobConfig="{&quot;jobPriority&quot;:null,&quot;jobRetryTimeCycle&quot;:null}" ecos:eventManualMode="true">
                <bpmn:outgoing >Flow_0t03ilk</bpmn:outgoing>
                <bpmn:signalEventDefinition  signalRef="Signal_RKexdjf" id="SignalEventDefinition_0il2kx6"/>
            </bpmn:startEvent>
            <bpmn:scriptTask scriptFormat="javascript" name="" id="Activity_02strtt" ecos:asyncConfig="{&quot;asyncBefore&quot;:false,&quot;asyncAfter&quot;:false,&quot;exclusive&quot;:true}" ecos:name_ml="{}" ecos:jobConfig="{&quot;jobPriority&quot;:null,&quot;jobRetryTimeCycle&quot;:null}" ecos:script=" //script">
                <bpmn:incoming >Flow_0t03ilk</bpmn:incoming>
                <bpmn:outgoing >Flow_0m1lohj</bpmn:outgoing>
                <bpmn:script> //script</bpmn:script>
            </bpmn:scriptTask>
        </bpmn:subProcess>
    </bpmn:process>
    <bpmn:signal name="start-1" id="Signal_hiBydv6"/>
    <bpmn:signal name="start-2" id="Signal_RKexdjf"/>
    <bpmndi:BPMNDiagram id="BPMNDiagram_1">
        <bpmndi:BPMNPlane  bpmnElement="test-subscriptions-boundary-events" id="BPMNPlane_1">
            <bpmndi:BPMNEdge bpmnElement="Flow_165s9hy" id="Flow_165s9hy_di">
                <di:waypoint x="370.0" y="120.0"/>
                <di:waypoint x="492.0" y="120.0"/>
            </bpmndi:BPMNEdge>
            <bpmndi:BPMNEdge bpmnElement="Flow_0m5qza0" id="Flow_0m5qza0_di">
                <di:waypoint x="192.0" y="120.0"/>
                <di:waypoint x="270.0" y="120.0"/>
            </bpmndi:BPMNEdge>
            <bpmndi:BPMNShape bpmnElement="StartEvent_1ew9rff" isExpanded="true" id="_BPMNShape_StartEvent_2">
                <dc:Bounds x="156.0" y="102.0" width="36.0" height="36.0"/>
            </bpmndi:BPMNShape>
            <bpmndi:BPMNShape bpmnElement="userTask" isExpanded="true" id="userTask_di">
                <dc:Bounds x="270.0" y="80.0" width="100.0" height="80.0"/>
            </bpmndi:BPMNShape>
            <bpmndi:BPMNShape bpmnElement="Event_1h2x5d2" isExpanded="true" id="Event_1h2x5d2_di">
                <dc:Bounds x="492.0" y="102.0" width="36.0" height="36.0"/>
            </bpmndi:BPMNShape>
            <bpmndi:BPMNShape bpmnElement="Activity_15jdcbg" isExpanded="true" id="Activity_0z7hspo_di">
                <dc:Bounds x="160.0" y="250.0" width="350.0" height="200.0"/>
            </bpmndi:BPMNShape>
            <bpmndi:BPMNEdge bpmnElement="Flow_0mqr2xf" id="Flow_0mqr2xf_di">
                <di:waypoint x="236.0" y="350.0"/>
                <di:waypoint x="290.0" y="350.0"/>
            </bpmndi:BPMNEdge>
            <bpmndi:BPMNEdge bpmnElement="Flow_0ppnuqm" id="Flow_0ppnuqm_di">
                <di:waypoint x="390.0" y="350.0"/>
                <di:waypoint x="452.0" y="350.0"/>
            </bpmndi:BPMNEdge>
            <bpmndi:BPMNShape bpmnElement="Event_0vflngw" isExpanded="true" id="Event_0vflngw_di">
                <dc:Bounds x="452.0" y="332.0" width="36.0" height="36.0"/>
            </bpmndi:BPMNShape>
            <bpmndi:BPMNShape bpmnElement="Activity_12qwhn5" isExpanded="true" id="Activity_0duruwp_di">
                <dc:Bounds x="290.0" y="310.0" width="100.0" height="80.0"/>
            </bpmndi:BPMNShape>
            <bpmndi:BPMNShape bpmnElement="event_start_1" isExpanded="true" id="Event_1qeehiy_di">
                <dc:Bounds x="200.0" y="332.0" width="36.0" height="36.0"/>
            </bpmndi:BPMNShape>
            <bpmndi:BPMNShape bpmnElement="Activity_1g6r2g0" isExpanded="true" id="Activity_0zvnpt4_di">
                <dc:Bounds x="160.0" y="500.0" width="350.0" height="200.0"/>
            </bpmndi:BPMNShape>
            <bpmndi:BPMNEdge bpmnElement="Flow_0t03ilk" id="Flow_0t03ilk_di">
                <di:waypoint x="236.0" y="600.0"/>
                <di:waypoint x="290.0" y="600.0"/>
            </bpmndi:BPMNEdge>
            <bpmndi:BPMNEdge bpmnElement="Flow_0m1lohj" id="Flow_0m1lohj_di">
                <di:waypoint x="390.0" y="600.0"/>
                <di:waypoint x="452.0" y="600.0"/>
            </bpmndi:BPMNEdge>
            <bpmndi:BPMNShape bpmnElement="Event_0nh8z52" isExpanded="true" id="Event_0nh8z52_di">
                <dc:Bounds x="452.0" y="582.0" width="36.0" height="36.0"/>
            </bpmndi:BPMNShape>
            <bpmndi:BPMNShape bpmnElement="event_start_2" isExpanded="true" id="Event_1kry4yh_di">
                <dc:Bounds x="200.0" y="582.0" width="36.0" height="36.0"/>
            </bpmndi:BPMNShape>
            <bpmndi:BPMNShape bpmnElement="Activity_02strtt" isExpanded="true" id="Activity_158bxpe_di">
                <dc:Bounds x="290.0" y="560.0" width="100.0" height="80.0"/>
            </bpmndi:BPMNShape>
        </bpmndi:BPMNPlane>
    </bpmndi:BPMNDiagram>
</bpmn:definitions>
