<?xml version="1.0" encoding="UTF-8" standalone="yes"?>
<bpmn:definitions xmlns:xsi="http://www.w3.org/2001/XMLSchema-instance" xmlns:bpmn="http://www.omg.org/spec/BPMN/20100524/MODEL" xmlns:camunda="http://camunda.org/schema/1.0/bpmn" xmlns:xs="http://www.w3.org/2001/XMLSchema" xmlns:bpmndi="http://www.omg.org/spec/BPMN/20100524/DI" xmlns:di="http://www.omg.org/spec/DD/20100524/DI" xmlns:ecos="http://www.citeck.ru/ecos/bpmn/1.0" xmlns:dc="http://www.omg.org/spec/DD/20100524/DC" id="Definitions_0hq0c8n" name="" targetNamespace="http://bpmn.io/schema/bpmn" exporter="bpmn-js (https://demo.bpmn.io)" exporterVersion="8.2.0" ecos:name_ml="{}" ecos:formRef="" ecos:enabled="false" ecos:autoStartEnabled="false" ecos:processDefId="test-subscriptions-end-singal-events" ecos:ecosType="">
    <bpmn:process isExecutable="true" id="test-subscriptions-end-signal-events">
        <bpmn:startEvent isInterrupting="true" name="" id="StartEvent_1ew9rff" ecos:asyncConfig="{&quot;asyncBefore&quot;:false,&quot;asyncAfter&quot;:false,&quot;exclusive&quot;:true}" ecos:name_ml="{}" ecos:jobConfig="{&quot;jobPriority&quot;:null,&quot;jobRetryTimeCycle&quot;:null}">
            <bpmn:outgoing >Flow_1np3ydf</bpmn:outgoing>
        </bpmn:startEvent>
        <bpmn:sequenceFlow sourceRef="StartEvent_1ew9rff" targetRef="Activity_0xln6rz" name="" id="Flow_1np3ydf" ecos:name_ml="{}" ecos:conditionConfig="{&quot;fn&quot;:&quot;&quot;,&quot;expression&quot;:&quot;&quot;,&quot;outcome&quot;:&quot;&quot;}" ecos:conditionType="NONE"/>
        <bpmn:scriptTask scriptFormat="javascript" name="" id="Activity_0xln6rz" ecos:asyncConfig="{&quot;asyncBefore&quot;:false,&quot;asyncAfter&quot;:false,&quot;exclusive&quot;:true}" ecos:name_ml="{}" ecos:jobConfig="{&quot;jobPriority&quot;:null,&quot;jobRetryTimeCycle&quot;:null}" ecos:script=" //some script">
            <bpmn:incoming >Flow_1np3ydf</bpmn:incoming>
            <bpmn:outgoing >Flow_0v0hnpz</bpmn:outgoing>
            <bpmn:script> //some script</bpmn:script>
        </bpmn:scriptTask>
        <bpmn:sequenceFlow sourceRef="Activity_0xln6rz" targetRef="event_end" name="" id="Flow_0v0hnpz" ecos:name_ml="{}" ecos:conditionConfig="{&quot;fn&quot;:&quot;&quot;,&quot;expression&quot;:&quot;&quot;,&quot;outcome&quot;:&quot;&quot;}" ecos:conditionType="NONE"/>
        <bpmn:endEvent name="" id="event_end" ecos:manualSignalName="some-signal" ecos:eventFilterByRecordType="DOCUMENT" ecos:eventModel="{}" ecos:asyncConfig="{&quot;asyncBefore&quot;:false,&quot;asyncAfter&quot;:false,&quot;exclusive&quot;:true}" ecos:name_ml="{}" ecos:jobConfig="{&quot;jobPriority&quot;:null,&quot;jobRetryTimeCycle&quot;:null}" ecos:eventManualMode="true">
            <bpmn:incoming >Flow_0v0hnpz</bpmn:incoming>
            <bpmn:signalEventDefinition  signalRef="Signal_Yxa2CPz" id="SignalEventDefinition_1gbgvu9"/>
        </bpmn:endEvent>
    </bpmn:process>
    <bpmn:signal name="some-signal" id="Signal_Yxa2CPz"/>
    <bpmndi:BPMNDiagram id="BPMNDiagram_1">
        <bpmndi:BPMNPlane  bpmnElement="test-subscriptions-end-signal-events" id="BPMNPlane_1">
            <bpmndi:BPMNEdge bpmnElement="Flow_0v0hnpz" id="Flow_0v0hnpz_di">
                <di:waypoint x="350.0" y="99.0"/>
                <di:waypoint x="412.0" y="99.0"/>
            </bpmndi:BPMNEdge>
            <bpmndi:BPMNEdge bpmnElement="Flow_1np3ydf" id="Flow_1np3ydf_di">
                <di:waypoint x="192.0" y="99.0"/>
                <di:waypoint x="250.0" y="99.0"/>
            </bpmndi:BPMNEdge>
            <bpmndi:BPMNShape bpmnElement="StartEvent_1ew9rff" isExpanded="true" id="_BPMNShape_StartEvent_2">
                <dc:Bounds x="156.0" y="81.0" width="36.0" height="36.0"/>
            </bpmndi:BPMNShape>
            <bpmndi:BPMNShape bpmnElement="Activity_0xln6rz" isExpanded="true" id="Activity_1o37pdc_di">
                <dc:Bounds x="250.0" y="59.0" width="100.0" height="80.0"/>
            </bpmndi:BPMNShape>
            <bpmndi:BPMNShape bpmnElement="event_end" isExpanded="true" id="Event_084qfai_di">
                <dc:Bounds x="412.0" y="81.0" width="36.0" height="36.0"/>
            </bpmndi:BPMNShape>
        </bpmndi:BPMNPlane>
    </bpmndi:BPMNDiagram>
</bpmn:definitions>
