<?xml version="1.0" encoding="UTF-8" standalone="yes"?>
<bpmn:definitions xmlns:xsi="http://www.w3.org/2001/XMLSchema-instance" xmlns:bpmn="http://www.omg.org/spec/BPMN/20100524/MODEL" xmlns:camunda="http://camunda.org/schema/1.0/bpmn" xmlns:xs="http://www.w3.org/2001/XMLSchema" xmlns:bpmndi="http://www.omg.org/spec/BPMN/20100524/DI" xmlns:di="http://www.omg.org/spec/DD/20100524/DI" xmlns:ecos="http://www.citeck.ru/ecos/bpmn/1.0" xmlns:dc="http://www.omg.org/spec/DD/20100524/DC" id="Definitions_0hq0c8n" name="" targetNamespace="http://bpmn.io/schema/bpmn" exporter="bpmn-js (https://demo.bpmn.io)" exporterVersion="8.2.0" ecos:name_ml="{}" ecos:formRef="" ecos:enabled="false" ecos:autoStartEnabled="false" ecos:processDefId="test-subscriptions-event-boundary-parallel" ecos:ecosType="emodel/type@type-ecos-fin-request">
    <bpmn:process isExecutable="true" id="test-subscriptions-event-boundary-parallel">
        <bpmn:startEvent isInterrupting="true" name="start" id="StartEvent_1ew9rff" ecos:asyncConfig="{&quot;asyncBefore&quot;:false,&quot;asyncAfter&quot;:false,&quot;exclusive&quot;:true}" ecos:name_ml="{&quot;ru&quot;:&quot;start&quot;}" ecos:jobConfig="{&quot;jobPriority&quot;:null,&quot;jobRetryTimeCycle&quot;:null}">
            <bpmn:outgoing >Flow_1lv9r57</bpmn:outgoing>
        </bpmn:startEvent>
        <bpmn:sequenceFlow sourceRef="StartEvent_1ew9rff" targetRef="Gateway_0hsz1yh" name="" id="Flow_1lv9r57" ecos:name_ml="{}" ecos:conditionConfig="{&quot;fn&quot;:&quot;&quot;,&quot;expression&quot;:&quot;&quot;,&quot;outcome&quot;:&quot;&quot;}" ecos:conditionType="NONE"/>
        <bpmn:userTask name="task_1" id="task_1" ecos:documentation="{}" ecos:manualRecipients="[]" ecos:outcomes="[{&quot;id&quot;:&quot;done&quot;,&quot;name&quot;:{&quot;ru&quot;:&quot;Done&quot;}}]" ecos:name_ml="{&quot;ru&quot;:&quot;task_1&quot;}" ecos:formRef="uiserv/form@test-bpmn-form" ecos:manualRecipientsMode="false" ecos:priority="MEDIUM" ecos:assignees="[&quot;author&quot;]">
            <bpmn:incoming >Flow_15ef6vb</bpmn:incoming>
            <bpmn:outgoing >Flow_1przxj1</bpmn:outgoing>
        </bpmn:userTask>
        <bpmn:endEvent name="end" id="endEvent" ecos:asyncConfig="{&quot;asyncBefore&quot;:false,&quot;asyncAfter&quot;:false,&quot;exclusive&quot;:true}" ecos:name_ml="{&quot;ru&quot;:&quot;end&quot;}" ecos:jobConfig="{&quot;jobPriority&quot;:null,&quot;jobRetryTimeCycle&quot;:null}">
            <bpmn:incoming >Flow_1ymmvt4</bpmn:incoming>
        </bpmn:endEvent>
        <bpmn:sequenceFlow sourceRef="task_1" targetRef="Gateway_04ozdws" name="" id="Flow_1przxj1" ecos:name_ml="{}" ecos:conditionConfig="{&quot;fn&quot;:&quot;&quot;,&quot;expression&quot;:&quot;&quot;,&quot;outcome&quot;:&quot;&quot;}" ecos:conditionType="NONE"/>
        <bpmn:boundaryEvent  cancelActivity="false" attachedToRef="task_1" name="" id="event_create_comment" ecos:eventFilterByRecordType="DOCUMENT" ecos:eventModel="{&quot;foo&quot;:&quot;bar&quot;,&quot;key&quot;:&quot;value&quot;}" ecos:asyncConfig="{&quot;asyncBefore&quot;:false,&quot;asyncAfter&quot;:false,&quot;exclusive&quot;:true}" ecos:name_ml="{}" ecos:jobConfig="{&quot;jobPriority&quot;:null,&quot;jobRetryTimeCycle&quot;:null}" ecos:eventManualMode="false" ecos:eventType="COMMENT_CREATE" ecos:eventFilterByPredicate="{&quot;t&quot;:&quot;eq&quot;,&quot;att&quot;:&quot;event.statusBefore&quot;,&quot;val&quot;:&quot;approval&quot;}">
            <bpmn:signalEventDefinition signalRef="Signal_Js27jMg" id="SignalEventDefinition_0tp6f20"/>
        </bpmn:boundaryEvent>
        <bpmn:sequenceFlow sourceRef="Gateway_0hsz1yh" targetRef="task_1" name="" id="Flow_15ef6vb" ecos:name_ml="{}" ecos:conditionConfig="{&quot;fn&quot;:&quot;&quot;,&quot;expression&quot;:&quot;&quot;,&quot;outcome&quot;:&quot;&quot;}" ecos:conditionType="NONE"/>
        <bpmn:parallelGateway name="" id="Gateway_0hsz1yh" ecos:asyncConfig="{&quot;asyncBefore&quot;:false,&quot;asyncAfter&quot;:false,&quot;exclusive&quot;:true}" ecos:name_ml="{}" ecos:jobConfig="{&quot;jobPriority&quot;:null,&quot;jobRetryTimeCycle&quot;:null}">
            <bpmn:incoming >Flow_1lv9r57</bpmn:incoming>
            <bpmn:outgoing >Flow_15ef6vb</bpmn:outgoing>
            <bpmn:outgoing >Flow_0jtwjqs</bpmn:outgoing>
        </bpmn:parallelGateway>
        <bpmn:sequenceFlow sourceRef="Gateway_0hsz1yh" targetRef="task_2" name="" id="Flow_0jtwjqs" ecos:name_ml="{}" ecos:conditionConfig="{&quot;fn&quot;:&quot;&quot;,&quot;expression&quot;:&quot;&quot;,&quot;outcome&quot;:&quot;&quot;}" ecos:conditionType="NONE"/>
        <bpmn:sequenceFlow sourceRef="Gateway_04ozdws" targetRef="endEvent" name="" id="Flow_1ymmvt4" ecos:name_ml="{}" ecos:conditionConfig="{&quot;fn&quot;:&quot;&quot;,&quot;expression&quot;:&quot;&quot;,&quot;outcome&quot;:&quot;&quot;}" ecos:conditionType="NONE"/>
        <bpmn:parallelGateway name="" id="Gateway_04ozdws" ecos:asyncConfig="{&quot;asyncBefore&quot;:false,&quot;asyncAfter&quot;:false,&quot;exclusive&quot;:true}" ecos:name_ml="{}" ecos:jobConfig="{&quot;jobPriority&quot;:null,&quot;jobRetryTimeCycle&quot;:null}">
            <bpmn:incoming >Flow_1przxj1</bpmn:incoming>
            <bpmn:incoming >Flow_1mcpzek</bpmn:incoming>
            <bpmn:outgoing >Flow_1ymmvt4</bpmn:outgoing>
        </bpmn:parallelGateway>
        <bpmn:sequenceFlow sourceRef="task_2" targetRef="Gateway_04ozdws" name="" id="Flow_1mcpzek" ecos:name_ml="{}" ecos:conditionConfig="{&quot;fn&quot;:&quot;&quot;,&quot;expression&quot;:&quot;&quot;,&quot;outcome&quot;:&quot;&quot;}" ecos:conditionType="NONE"/>
        <bpmn:boundaryEvent  cancelActivity="false" attachedToRef="task_2" name="" id="Event_1rjafp3" ecos:manualSignalName="manual-event" ecos:eventFilterByRecordType="ANY" ecos:eventModel="{}" ecos:asyncConfig="{&quot;asyncBefore&quot;:false,&quot;asyncAfter&quot;:false,&quot;exclusive&quot;:true}" ecos:name_ml="{}" ecos:jobConfig="{&quot;jobPriority&quot;:null,&quot;jobRetryTimeCycle&quot;:null}" ecos:eventManualMode="true" ecos:eventFilterByEcosType="emodel/type@hr-person">
            <bpmn:signalEventDefinition signalRef="Signal_TPqBkY6" id="SignalEventDefinition_06gvtz9"/>
        </bpmn:boundaryEvent>
        <bpmn:userTask name="task_2" id="task_2" ecos:documentation="{}" ecos:manualRecipients="[&quot;admin&quot;]" ecos:outcomes="[{&quot;id&quot;:&quot;done&quot;,&quot;name&quot;:{&quot;ru&quot;:&quot;Done&quot;}}]" ecos:name_ml="{&quot;ru&quot;:&quot;task_2&quot;}" ecos:formRef="uiserv/form@offer-form" ecos:manualRecipientsMode="true" ecos:priority="MEDIUM" ecos:assignees="[]">
            <bpmn:incoming >Flow_0jtwjqs</bpmn:incoming>
            <bpmn:outgoing >Flow_1mcpzek</bpmn:outgoing>
        </bpmn:userTask>
    </bpmn:process>
    <bpmn:signal name="ecos.comment.create;${execution.businessKey}" id="Signal_Js27jMg"/>
    <bpmn:signal name="manual-event;ANY;emodel/type@hr-person" id="Signal_TPqBkY6"/>
    <bpmndi:BPMNDiagram id="BPMNDiagram_1">
        <bpmndi:BPMNPlane  bpmnElement="test-subscriptions-event-boundary-parallel" id="test-subscriptions-event-boundary-parallel_di">
            <bpmndi:BPMNEdge bpmnElement="Flow_1przxj1" id="Flow_1przxj1_di">
                <di:waypoint x="470.0" y="10.0"/>
                <di:waypoint x="521.0" y="10.0"/>
                <di:waypoint x="521.0" y="74.0"/>
            </bpmndi:BPMNEdge>
            <bpmndi:BPMNEdge bpmnElement="Flow_1lv9r57" id="Flow_1lv9r57_di">
                <di:waypoint x="192.0" y="99.0"/>
                <di:waypoint x="265.0" y="99.0"/>
            </bpmndi:BPMNEdge>
            <bpmndi:BPMNEdge bpmnElement="Flow_15ef6vb" id="Flow_15ef6vb_di">
                <di:waypoint x="290.0" y="74.0"/>
                <di:waypoint x="290.0" y="10.0"/>
                <di:waypoint x="370.0" y="10.0"/>
            </bpmndi:BPMNEdge>
            <bpmndi:BPMNEdge bpmnElement="Flow_0jtwjqs" id="Flow_0jtwjqs_di">
                <di:waypoint x="290.0" y="124.0"/>
                <di:waypoint x="290.0" y="180.0"/>
                <di:waypoint x="370.0" y="180.0"/>
            </bpmndi:BPMNEdge>
            <bpmndi:BPMNEdge bpmnElement="Flow_1ymmvt4" id="Flow_1ymmvt4_di">
                <di:waypoint x="546.0" y="99.0"/>
                <di:waypoint x="652.0" y="99.0"/>
            </bpmndi:BPMNEdge>
            <bpmndi:BPMNEdge bpmnElement="Flow_1mcpzek" id="Flow_1mcpzek_di">
                <di:waypoint x="470.0" y="180.0"/>
                <di:waypoint x="521.0" y="180.0"/>
                <di:waypoint x="521.0" y="124.0"/>
            </bpmndi:BPMNEdge>
            <bpmndi:BPMNShape bpmnElement="StartEvent_1ew9rff" isExpanded="true" id="_BPMNShape_StartEvent_2">
                <dc:Bounds x="156.0" y="81.0" width="36.0" height="36.0"/>
            </bpmndi:BPMNShape>
            <bpmndi:BPMNShape bpmnElement="Gateway_0hsz1yh" isExpanded="true" id="Gateway_0z0cs6k_di">
                <dc:Bounds x="265.0" y="74.0" width="50.0" height="50.0"/>
            </bpmndi:BPMNShape>
            <bpmndi:BPMNShape bpmnElement="task_1" isExpanded="true" id="task_1_di">
                <dc:Bounds x="370.0" y="-30.0" width="100.0" height="80.0"/>
            </bpmndi:BPMNShape>
            <bpmndi:BPMNShape bpmnElement="endEvent" isExpanded="true" id="endEvent_di">
                <dc:Bounds x="652.0" y="81.0" width="36.0" height="36.0"/>
            </bpmndi:BPMNShape>
            <bpmndi:BPMNShape bpmnElement="Gateway_04ozdws" isExpanded="true" id="Gateway_0jimyaz_di">
                <dc:Bounds x="496.0" y="74.0" width="50.0" height="50.0"/>
            </bpmndi:BPMNShape>
            <bpmndi:BPMNShape bpmnElement="task_2" isExpanded="true" id="Activity_0epwnrb_di">
                <dc:Bounds x="370.0" y="140.0" width="100.0" height="80.0"/>
            </bpmndi:BPMNShape>
            <bpmndi:BPMNShape bpmnElement="event_create_comment" isExpanded="true" id="event_create_comment_di">
                <dc:Bounds x="402.0" y="-48.0" width="36.0" height="36.0"/>
            </bpmndi:BPMNShape>
            <bpmndi:BPMNShape bpmnElement="Event_1rjafp3" isExpanded="true" id="Event_04g9gqi_di">
                <dc:Bounds x="402.0" y="202.0" width="36.0" height="36.0"/>
            </bpmndi:BPMNShape>
        </bpmndi:BPMNPlane>
    </bpmndi:BPMNDiagram>
</bpmn:definitions>
