<?xml version="1.0" encoding="UTF-8" standalone="yes"?>
<bpmn:definitions xmlns:xsi="http://www.w3.org/2001/XMLSchema-instance" xmlns:bpmn="http://www.omg.org/spec/BPMN/20100524/MODEL" xmlns:camunda="http://camunda.org/schema/1.0/bpmn" xmlns:xs="http://www.w3.org/2001/XMLSchema" xmlns:bpmndi="http://www.omg.org/spec/BPMN/20100524/DI" xmlns:di="http://www.omg.org/spec/DD/20100524/DI" xmlns:ecos="http://www.citeck.ru/ecos/bpmn/1.0" xmlns:dc="http://www.omg.org/spec/DD/20100524/DC" id="Definitions_P6LzhJ8" name="" targetNamespace="http://bpmn.io/schema/bpmn" exporter="bpmn-js (https://demo.bpmn.io)" exporterVersion="8.2.0" ecos:name_ml="{}" ecos:formRef="" ecos:enabled="false" ecos:autoStartEnabled="false" ecos:defState="CONVERTED" ecos:processDefId="test-resolve-business-key" ecos:ecosType="">
    <bpmn:process isExecutable="true" id="test-resolve-business-key">
        <bpmn:startEvent isInterrupting="true" name="" id="StartEvent_1ew9rff" ecos:asyncConfig="{&quot;asyncBefore&quot;:false,&quot;asyncAfter&quot;:false,&quot;exclusive&quot;:true}" ecos:name_ml="{}" ecos:jobConfig="{&quot;jobPriority&quot;:null,&quot;jobRetryTimeCycle&quot;:null}">
            <bpmn:outgoing >Flow_16fshvv</bpmn:outgoing>
        </bpmn:startEvent>
        <bpmn:sequenceFlow sourceRef="StartEvent_1ew9rff" targetRef="CallActivity" name="" id="Flow_16fshvv" ecos:name_ml="{}" ecos:conditionConfig="{&quot;fn&quot;:&quot;&quot;,&quot;expression&quot;:&quot;&quot;,&quot;outcome&quot;:&quot;&quot;}" ecos:conditionType="NONE"/>
        <bpmn:sequenceFlow sourceRef="CallActivity" targetRef="endEvent" name="" id="Flow_1peisjh" ecos:name_ml="{}" ecos:conditionConfig="{&quot;fn&quot;:&quot;&quot;,&quot;expression&quot;:&quot;&quot;,&quot;outcome&quot;:&quot;&quot;}" ecos:conditionType="NONE"/>
        <bpmn:endEvent name="" id="endEvent" ecos:asyncConfig="{&quot;asyncBefore&quot;:false,&quot;asyncAfter&quot;:false,&quot;exclusive&quot;:true}" ecos:name_ml="{}" ecos:jobConfig="{&quot;jobPriority&quot;:null,&quot;jobRetryTimeCycle&quot;:null}">
            <bpmn:incoming >Flow_1peisjh</bpmn:incoming>
        </bpmn:endEvent>
        <bpmn:callActivity name="call second process" id="CallActivity" ecos:outVariablePropagation="{&quot;propagateAllVariable&quot;:false,&quot;local&quot;:false,&quot;variables&quot;:[]}" ecos:asyncConfig="{&quot;asyncBefore&quot;:false,&quot;asyncAfter&quot;:false,&quot;exclusive&quot;:true}" ecos:name_ml="{&quot;ru&quot;:&quot;call second process&quot;}" ecos:jobConfig="{&quot;jobPriority&quot;:null,&quot;jobRetryTimeCycle&quot;:null}" ecos:processRef="" ecos:calledElement="test-resolve-business-key-second" ecos:processBinding="LATEST" ecos:inVariablePropagation="{&quot;propagateAllVariable&quot;:false,&quot;local&quot;:false,&quot;variables&quot;:[]}">
            <bpmn:incoming >Flow_16fshvv</bpmn:incoming>
            <bpmn:outgoing >Flow_1peisjh</bpmn:outgoing>
        </bpmn:callActivity>
    </bpmn:process>
    <bpmn:process isExecutable="true" id="test-resolve-business-key-second">
        <bpmn:startEvent isInterrupting="true" name="" id="Event_0eivrkp" ecos:asyncConfig="{&quot;asyncBefore&quot;:false,&quot;asyncAfter&quot;:false,&quot;exclusive&quot;:true}" ecos:name_ml="{}" ecos:jobConfig="{&quot;jobPriority&quot;:null,&quot;jobRetryTimeCycle&quot;:null}">
            <bpmn:outgoing >Flow_0jfx0x7</bpmn:outgoing>
        </bpmn:startEvent>
        <bpmn:sequenceFlow sourceRef="Event_0eivrkp" targetRef="userTask" name="" id="Flow_0jfx0x7" ecos:name_ml="{}" ecos:conditionConfig="{&quot;fn&quot;:&quot;&quot;,&quot;expression&quot;:&quot;&quot;,&quot;outcome&quot;:&quot;&quot;}" ecos:conditionType="NONE"/>
        <bpmn:endEvent name="" id="Event_1n0ehfh" ecos:asyncConfig="{&quot;asyncBefore&quot;:false,&quot;asyncAfter&quot;:false,&quot;exclusive&quot;:true}" ecos:name_ml="{}" ecos:jobConfig="{&quot;jobPriority&quot;:null,&quot;jobRetryTimeCycle&quot;:null}">
            <bpmn:incoming >Flow_16yqfnh</bpmn:incoming>
        </bpmn:endEvent>
        <bpmn:sequenceFlow sourceRef="userTask" targetRef="Event_1n0ehfh" name="" id="Flow_16yqfnh" ecos:name_ml="{}" ecos:conditionConfig="{&quot;fn&quot;:&quot;&quot;,&quot;expression&quot;:&quot;&quot;,&quot;outcome&quot;:&quot;&quot;}" ecos:conditionType="NONE"/>
        <bpmn:userTask name="" id="userTask" ecos:documentation="{}" ecos:manualRecipients="[&quot;admin&quot;]" ecos:outcomes="[{&quot;id&quot;:&quot;&quot;,&quot;name&quot;:{},&quot;config&quot;:{&quot;theme&quot;:&quot;PRIMARY&quot;}}]" ecos:name_ml="{}" ecos:manualRecipientsMode="true" ecos:priority="MEDIUM" ecos:assignees="[]">
            <bpmn:incoming >Flow_0jfx0x7</bpmn:incoming>
            <bpmn:outgoing >Flow_16yqfnh</bpmn:outgoing>
        </bpmn:userTask>
    </bpmn:process>
    <bpmn:collaboration id="Collaboration_1a3n7jt">
        <bpmn:participant  name="" processRef="test-resolve-business-key" id="Participant_0lrev19" ecos:name_ml="{}" ecos:ecosType=""/>
        <bpmn:participant  name="" processRef="test-resolve-business-key-second" id="Participant_0bz1dc4" ecos:name_ml="{}" ecos:ecosType=""/>
    </bpmn:collaboration>
    <bpmndi:BPMNDiagram id="BPMNDiagram_1">
        <bpmndi:BPMNPlane  bpmnElement="Collaboration_1a3n7jt" id="BPMNPlane_1">
            <bpmndi:BPMNShape bpmnElement="Participant_0lrev19" isExpanded="true" id="Participant_0lrev19_di">
                <dc:Bounds x="100.0" y="-10.0" width="600.0" height="250.0"/>
            </bpmndi:BPMNShape>
            <bpmndi:BPMNShape bpmnElement="StartEvent_1ew9rff" isExpanded="true" id="_BPMNShape_StartEvent_2">
                <dc:Bounds x="156.0" y="81.0" width="36.0" height="36.0"/>
            </bpmndi:BPMNShape>
            <bpmndi:BPMNShape bpmnElement="endEvent" isExpanded="true" id="endEvent_di">
                <dc:Bounds x="522.0" y="81.0" width="36.0" height="36.0"/>
            </bpmndi:BPMNShape>
            <bpmndi:BPMNShape bpmnElement="CallActivity" isExpanded="true" id="CallActivity_di">
                <dc:Bounds x="300.0" y="59.0" width="100.0" height="80.0"/>
            </bpmndi:BPMNShape>
            <bpmndi:BPMNEdge bpmnElement="Flow_16fshvv" id="Flow_16fshvv_di">
                <di:waypoint x="192.0" y="99.0"/>
                <di:waypoint x="300.0" y="99.0"/>
            </bpmndi:BPMNEdge>
            <bpmndi:BPMNEdge bpmnElement="Flow_1peisjh" id="Flow_1peisjh_di">
                <di:waypoint x="400.0" y="99.0"/>
                <di:waypoint x="522.0" y="99.0"/>
            </bpmndi:BPMNEdge>
            <bpmndi:BPMNShape bpmnElement="Participant_0bz1dc4" isExpanded="true" id="Participant_0bz1dc4_di">
                <dc:Bounds x="100.0" y="280.0" width="600.0" height="250.0"/>
            </bpmndi:BPMNShape>
            <bpmndi:BPMNShape bpmnElement="Event_0eivrkp" isExpanded="true" id="Event_0eivrkp_di">
                <dc:Bounds x="182.0" y="382.0" width="36.0" height="36.0"/>
            </bpmndi:BPMNShape>
            <bpmndi:BPMNShape bpmnElement="Event_1n0ehfh" isExpanded="true" id="Event_1n0ehfh_di">
                <dc:Bounds x="422.0" y="382.0" width="36.0" height="36.0"/>
            </bpmndi:BPMNShape>
            <bpmndi:BPMNShape bpmnElement="userTask" isExpanded="true" id="Activity_0is4sdz_di">
                <dc:Bounds x="270.0" y="360.0" width="100.0" height="80.0"/>
            </bpmndi:BPMNShape>
            <bpmndi:BPMNEdge bpmnElement="Flow_0jfx0x7" id="Flow_0jfx0x7_di">
                <di:waypoint x="218.0" y="400.0"/>
                <di:waypoint x="270.0" y="400.0"/>
            </bpmndi:BPMNEdge>
            <bpmndi:BPMNEdge bpmnElement="Flow_16yqfnh" id="Flow_16yqfnh_di">
                <di:waypoint x="370.0" y="400.0"/>
                <di:waypoint x="422.0" y="400.0"/>
            </bpmndi:BPMNEdge>
        </bpmndi:BPMNPlane>
    </bpmndi:BPMNDiagram>
</bpmn:definitions>
