<?xml version="1.0" encoding="UTF-8" standalone="yes"?>
<bpmn:definitions xmlns:xsi="http://www.w3.org/2001/XMLSchema-instance" xmlns:bpmn="http://www.omg.org/spec/BPMN/20100524/MODEL" xmlns:camunda="http://camunda.org/schema/1.0/bpmn" xmlns:xs="http://www.w3.org/2001/XMLSchema" xmlns:bpmndi="http://www.omg.org/spec/BPMN/20100524/DI" xmlns:di="http://www.omg.org/spec/DD/20100524/DI" xmlns:ecos="http://www.citeck.ru/ecos/bpmn/1.0" xmlns:dc="http://www.omg.org/spec/DD/20100524/DC" id="Definitions_0hq0c8n" name="" targetNamespace="http://bpmn.io/schema/bpmn" exporter="bpmn-js (https://demo.bpmn.io)" exporterVersion="8.2.0" ecos:name_ml="{&quot;ru&quot;:&quot;Test process&quot;}" ecos:formRef="uiserv/form@test-bpmn-form" ecos:enabled="true" ecos:autoStartEnabled="true" ecos:processDefId="bpmn-test-process" ecos:ecosType="emodel/type@type-ecos-fin-request">
    <bpmn:process isExecutable="true" id="bpmn-test-process">
        <bpmn:startEvent name="Начало" id="StartEvent_1ew9rff" ecos:name_ml="{&quot;ru&quot;:&quot;Начало&quot;}">
            <bpmn:outgoing xmlns="">Flow_0hy5bgg</bpmn:outgoing>
        </bpmn:startEvent>
        <bpmn:sendTask name="Уведомление" id="Activity_1ilcrqy" ecos:notificationCc="[]" ecos:notificationBcc="[]" ecos:notificationLang="ru" ecos:name_ml="{&quot;ru&quot;:&quot;Уведомление&quot;}" ecos:notificationTemplate="notifications/template@test-bpmn" ecos:notificationType="EMAIL_NOTIFICATION" ecos:notificationAdditionalMeta="{&quot;test1&quot;:&quot;test2&quot;}" ecos:notificationTo="[&quot;author&quot;,&quot;initiator&quot;,&quot;fin-signer&quot;,&quot;approver&quot;,&quot;confirmers&quot;,&quot;accountant&quot;,&quot;technologist&quot;,&quot;reader&quot;]">
            <bpmn:incoming xmlns="">Flow_1ormqiq</bpmn:incoming>
            <bpmn:outgoing xmlns="">Flow_0x7k20d</bpmn:outgoing>
        </bpmn:sendTask>
        <bpmn:endEvent name="Конец" id="Event_0wqpq14" ecos:name_ml="{&quot;ru&quot;:&quot;Конец&quot;}">
            <bpmn:incoming xmlns="">Flow_1ihkbck</bpmn:incoming>
        </bpmn:endEvent>
        <bpmn:sequenceFlow sourceRef="Activity_1ilcrqy" targetRef="Activity_0vhjs93" name="" id="Flow_0x7k20d" ecos:conditionConfig="{&quot;fn&quot;:&quot;&quot;,&quot;expression&quot;:&quot;&quot;,&quot;outcome&quot;:&quot;&quot;}" ecos:conditionType="NONE"/>
        <bpmn:userTask name="Задача" id="Activity_0vhjs93" ecos:documentation="{}" ecos:outcomes="[{&quot;id&quot;:&quot;approve&quot;,&quot;name&quot;:{&quot;ru&quot;:&quot;Согласовано&quot;}},{&quot;id&quot;:&quot;cancel&quot;,&quot;name&quot;:{&quot;ru&quot;:&quot;Отклонено&quot;}}]" ecos:name_ml="{&quot;ru&quot;:&quot;Задача&quot;}" ecos:formRef="uiserv/form@test-bpmn-form-task" ecos:priority="MEDIUM" ecos:assignees="[&quot;author&quot;]">
            <bpmn:incoming xmlns="">Flow_0x7k20d</bpmn:incoming>
            <bpmn:outgoing xmlns="">Flow_0v91l9a</bpmn:outgoing>
        </bpmn:userTask>
        <bpmn:exclusiveGateway name="" id="Gateway_0esqn46">
            <bpmn:incoming xmlns="">Flow_0v91l9a</bpmn:incoming>
            <bpmn:outgoing xmlns="">Flow_0pa457f</bpmn:outgoing>
            <bpmn:outgoing xmlns="">Flow_06f7e9n</bpmn:outgoing>
        </bpmn:exclusiveGateway>
        <bpmn:sequenceFlow sourceRef="Activity_0vhjs93" targetRef="Gateway_0esqn46" name="" id="Flow_0v91l9a" ecos:conditionConfig="{&quot;fn&quot;:&quot;&quot;,&quot;expression&quot;:&quot;&quot;,&quot;outcome&quot;:&quot;&quot;}" ecos:conditionType="NONE"/>
        <bpmn:sequenceFlow sourceRef="Gateway_0esqn46" targetRef="Activity_1bt7kjd" name="отклонено" id="Flow_0pa457f" ecos:conditionConfig="{&quot;fn&quot;:&quot;// some script;&quot;,&quot;expression&quot;:&quot;&quot;,&quot;outcome&quot;:&quot;Activity_0vhjs93:cancel&quot;}" ecos:conditionType="OUTCOME"/>
        <bpmn:sendTask name="Ув. отклонено" id="Activity_1bt7kjd" ecos:notificationCc="[&quot;author&quot;,&quot;approver&quot;,&quot;accountant&quot;,&quot;fin-signer&quot;]" ecos:notificationTitle="Отклонено!" ecos:notificationBcc="[]" ecos:notificationLang="ru" ecos:name_ml="{&quot;ru&quot;:&quot;Ув. отклонено&quot;}" ecos:notificationType="EMAIL_NOTIFICATION" ecos:notificationAdditionalMeta="{}" ecos:notificationTo="[&quot;author&quot;,&quot;initiator&quot;,&quot;fin-signer&quot;,&quot;approver&quot;,&quot;confirmers&quot;,&quot;accountant&quot;,&quot;technologist&quot;,&quot;reader&quot;]" ecos:notificationBody="&lt;p&gt;Задача отклонена&lt;/p&gt;">
            <bpmn:incoming xmlns="">Flow_0pa457f</bpmn:incoming>
            <bpmn:outgoing xmlns="">Flow_1fyabh3</bpmn:outgoing>
        </bpmn:sendTask>
        <bpmn:sequenceFlow sourceRef="Gateway_0esqn46" targetRef="Activity_15u1nlh" name="согласовано" id="Flow_06f7e9n" ecos:conditionConfig="{&quot;fn&quot;:&quot;// some script;&quot;,&quot;expression&quot;:&quot;&quot;,&quot;outcome&quot;:&quot;Activity_0vhjs93:approve&quot;}" ecos:conditionType="OUTCOME"/>
        <bpmn:sendTask name="Ув. согласовано" id="Activity_15u1nlh" ecos:notificationCc="[]" ecos:notificationTitle="Соглсовано!" ecos:notificationBcc="[]" ecos:notificationLang="ru" ecos:name_ml="{&quot;ru&quot;:&quot;Ув. согласовано&quot;}" ecos:notificationType="EMAIL_NOTIFICATION" ecos:notificationAdditionalMeta="{}" ecos:notificationTo="[&quot;author&quot;,&quot;reader&quot;,&quot;technologist&quot;,&quot;accountant&quot;,&quot;confirmers&quot;,&quot;approver&quot;,&quot;fin-signer&quot;,&quot;initiator&quot;]" ecos:notificationBody="&lt;p&gt;Задача согласована&lt;/p&gt;">
            <bpmn:incoming xmlns="">Flow_06f7e9n</bpmn:incoming>
            <bpmn:outgoing xmlns="">Flow_0s87g39</bpmn:outgoing>
        </bpmn:sendTask>
        <bpmn:exclusiveGateway name="" id="Gateway_1tzuw8v">
            <bpmn:incoming xmlns="">Flow_0s87g39</bpmn:incoming>
            <bpmn:incoming xmlns="">Flow_1fyabh3</bpmn:incoming>
            <bpmn:outgoing xmlns="">Flow_1ihkbck</bpmn:outgoing>
        </bpmn:exclusiveGateway>
        <bpmn:sequenceFlow sourceRef="Activity_15u1nlh" targetRef="Gateway_1tzuw8v" name="" id="Flow_0s87g39" ecos:conditionConfig="{&quot;fn&quot;:&quot;&quot;,&quot;expression&quot;:&quot;&quot;,&quot;outcome&quot;:&quot;&quot;}" ecos:conditionType="NONE"/>
        <bpmn:sequenceFlow sourceRef="Activity_1bt7kjd" targetRef="Gateway_1tzuw8v" name="" id="Flow_1fyabh3" ecos:conditionConfig="{&quot;fn&quot;:&quot;&quot;,&quot;expression&quot;:&quot;&quot;,&quot;outcome&quot;:&quot;&quot;}" ecos:conditionType="NONE"/>
        <bpmn:sequenceFlow sourceRef="Gateway_1tzuw8v" targetRef="Event_0wqpq14" name="" id="Flow_1ihkbck" ecos:conditionConfig="{&quot;fn&quot;:&quot;&quot;,&quot;expression&quot;:&quot;&quot;,&quot;outcome&quot;:&quot;&quot;}" ecos:conditionType="NONE"/>
        <bpmn:exclusiveGateway name="" id="Gateway_0yxasu6">
            <bpmn:incoming xmlns="">Flow_1vpucjt</bpmn:incoming>
            <bpmn:outgoing xmlns="">Flow_1ormqiq</bpmn:outgoing>
            <bpmn:outgoing xmlns="">Flow_0x8d7ra</bpmn:outgoing>
        </bpmn:exclusiveGateway>
        <bpmn:sequenceFlow sourceRef="Gateway_0yxasu6" targetRef="Activity_1ilcrqy" name="" id="Flow_1ormqiq" ecos:conditionConfig="{&quot;fn&quot;:&quot;// some script;&quot;,&quot;expression&quot;:&quot;${number &gt; 1000}&quot;,&quot;outcome&quot;:&quot;&quot;}" ecos:conditionType="EXPRESSION"/>
        <bpmn:sequenceFlow sourceRef="Gateway_0yxasu6" targetRef="Activity_1umqq5c" name="" id="Flow_0x8d7ra" ecos:conditionConfig="{&quot;fn&quot;:&quot;// some script;\nvar x = \&quot;1\&quot;\n\nvar found = roles.getUserNames(documentRef, \&quot;author\&quot;)\n\nprint(\&quot;---------------------\&quot;)\nprint(found)\n\nnumber == 55&quot;,&quot;expression&quot;:&quot;${number &gt; 100}&quot;,&quot;outcome&quot;:&quot;&quot;}" ecos:conditionType="SCRIPT"/>
        <bpmn:endEvent name="" id="Event_0c0zrss" ecos:name_ml="{}">
            <bpmn:incoming xmlns="">Flow_06ydqol</bpmn:incoming>
        </bpmn:endEvent>
        <bpmn:sequenceFlow sourceRef="Activity_1umqq5c" targetRef="Event_0c0zrss" name="" id="Flow_06ydqol" ecos:conditionConfig="{&quot;fn&quot;:&quot;&quot;,&quot;expression&quot;:&quot;&quot;,&quot;outcome&quot;:&quot;&quot;}" ecos:conditionType="NONE"/>
        <bpmn:sendTask name="2" id="Activity_1umqq5c" ecos:notificationCc="[]" ecos:notificationTitle="Вариант 2" ecos:notificationBcc="[]" ecos:notificationLang="ru" ecos:name_ml="{&quot;ru&quot;:&quot;2&quot;}" ecos:notificationType="EMAIL_NOTIFICATION" ecos:notificationAdditionalMeta="{}" ecos:notificationTo="[&quot;author&quot;]" ecos:notificationBody="&lt;p&gt;2&lt;/p&gt;">
            <bpmn:incoming xmlns="">Flow_0x8d7ra</bpmn:incoming>
            <bpmn:outgoing xmlns="">Flow_06ydqol</bpmn:outgoing>
        </bpmn:sendTask>
        <bpmn:sequenceFlow sourceRef="StartEvent_1ew9rff" targetRef="Activity_1bthp08" name="" id="Flow_0hy5bgg" ecos:conditionConfig="{&quot;fn&quot;:&quot;&quot;,&quot;expression&quot;:&quot;&quot;,&quot;outcome&quot;:&quot;&quot;}" ecos:conditionType="NONE"/>
        <bpmn:sequenceFlow sourceRef="Activity_1bthp08" targetRef="Gateway_0yxasu6" name="" id="Flow_1vpucjt" ecos:conditionConfig="{&quot;fn&quot;:&quot;&quot;,&quot;expression&quot;:&quot;&quot;,&quot;outcome&quot;:&quot;&quot;}" ecos:conditionType="NONE"/>
        <bpmn:scriptTask name="print script" id="Activity_1bthp08" ecos:asyncConfig="{&quot;asyncBefore&quot;:false,&quot;asyncAfter&quot;:false,&quot;exclusive&quot;:true}" ecos:name_ml="{&quot;ru&quot;:&quot;print script&quot;}" ecos:jobConfig="{&quot;jobPriority&quot;:null,&quot;jobRetryTimeCycle&quot;:null}" ecos:script=" print(&quot;----FROM SCRIPT CALL!!!-----&quot;)&#10; print(&quot;document: &quot; + documentRef)&#10; &#10; var doc = Records.get(documentRef)&#10; &#10; var disp = doc.load(&quot;.disp&quot;)&#10; var created = document.load(&quot;cm:created&quot;)&#10;&#10; &#10; print(&quot;DISP: &quot; + disp)&#10; print(&quot;created: &quot; + created)&#10;  print(&quot;BOFORE firArchiveBoxNumber: &quot; + document.load(&quot;ufrm:firArchiveBoxNumber&quot;))&#10; &#10; document.att(&quot;ufrm:firArchiveBoxNumber&quot;, 123)&#10; document.save()&#10; &#10;   print(&quot;AFTER firArchiveBoxNumber: &quot; + document.load(&quot;ufrm:firArchiveBoxNumber&quot;))">
            <bpmn:incoming xmlns="">Flow_0hy5bgg</bpmn:incoming>
            <bpmn:outgoing xmlns="">Flow_1vpucjt</bpmn:outgoing>
        </bpmn:scriptTask>
    </bpmn:process>
    <bpmndi:BPMNDiagram id="BPMNDiagram_1">
        <bpmndi:BPMNPlane xmlns="" bpmnElement="bpmn-test-process" id="BPMNPlane_1">
            <bpmndi:BPMNEdge bpmnElement="Flow_1vpucjt" id="Flow_1vpucjt_di">
                <di:waypoint x="30.0" y="99.0"/>
                <di:waypoint x="125.0" y="99.0"/>
            </bpmndi:BPMNEdge>
            <bpmndi:BPMNEdge bpmnElement="Flow_0hy5bgg" id="Flow_0hy5bgg_di">
                <di:waypoint x="-122.0" y="99.0"/>
                <di:waypoint x="-70.0" y="99.0"/>
            </bpmndi:BPMNEdge>
            <bpmndi:BPMNEdge bpmnElement="Flow_06ydqol" id="Flow_06ydqol_di">
                <di:waypoint x="350.0" y="210.0"/>
                <di:waypoint x="432.0" y="210.0"/>
            </bpmndi:BPMNEdge>
            <bpmndi:BPMNEdge bpmnElement="Flow_0x8d7ra" id="Flow_0x8d7ra_di">
                <di:waypoint x="150.0" y="124.0"/>
                <di:waypoint x="150.0" y="210.0"/>
                <di:waypoint x="250.0" y="210.0"/>
            </bpmndi:BPMNEdge>
            <bpmndi:BPMNEdge bpmnElement="Flow_1ormqiq" id="Flow_1ormqiq_di">
                <di:waypoint x="175.0" y="99.0"/>
                <di:waypoint x="250.0" y="99.0"/>
            </bpmndi:BPMNEdge>
            <bpmndi:BPMNEdge bpmnElement="Flow_1ihkbck" id="Flow_1ihkbck_di">
                <di:waypoint x="835.0" y="99.0"/>
                <di:waypoint x="902.0" y="99.0"/>
            </bpmndi:BPMNEdge>
            <bpmndi:BPMNEdge bpmnElement="Flow_1fyabh3" id="Flow_1fyabh3_di">
                <di:waypoint x="710.0" y="-90.0"/>
                <di:waypoint x="810.0" y="-90.0"/>
                <di:waypoint x="810.0" y="74.0"/>
            </bpmndi:BPMNEdge>
            <bpmndi:BPMNEdge bpmnElement="Flow_0s87g39" id="Flow_0s87g39_di">
                <di:waypoint x="710.0" y="350.0"/>
                <di:waypoint x="810.0" y="350.0"/>
                <di:waypoint x="810.0" y="124.0"/>
            </bpmndi:BPMNEdge>
            <bpmndi:BPMNEdge bpmnElement="Flow_06f7e9n" id="Flow_06f7e9n_di">
                <di:waypoint x="660.0" y="124.0"/>
                <di:waypoint x="660.0" y="310.0"/>
            </bpmndi:BPMNEdge>
            <bpmndi:BPMNEdge bpmnElement="Flow_0pa457f" id="Flow_0pa457f_di">
                <di:waypoint x="660.0" y="74.0"/>
                <di:waypoint x="660.0" y="-50.0"/>
            </bpmndi:BPMNEdge>
            <bpmndi:BPMNEdge bpmnElement="Flow_0v91l9a" id="Flow_0v91l9a_di">
                <di:waypoint x="540.0" y="99.0"/>
                <di:waypoint x="635.0" y="99.0"/>
            </bpmndi:BPMNEdge>
            <bpmndi:BPMNEdge bpmnElement="Flow_0x7k20d" id="Flow_0x7k20d_di">
                <di:waypoint x="350.0" y="99.0"/>
                <di:waypoint x="440.0" y="99.0"/>
            </bpmndi:BPMNEdge>
            <bpmndi:BPMNShape bpmnElement="StartEvent_1ew9rff" id="_BPMNShape_StartEvent_2">
                <dc:Bounds x="-158.0" y="81.0" width="36.0" height="36.0"/>
            </bpmndi:BPMNShape>
            <bpmndi:BPMNShape bpmnElement="Activity_1ilcrqy" id="Activity_0ygyr4n_di">
                <dc:Bounds x="250.0" y="59.0" width="100.0" height="80.0"/>
            </bpmndi:BPMNShape>
            <bpmndi:BPMNShape bpmnElement="Event_0wqpq14" id="Event_0wqpq14_di">
                <dc:Bounds x="902.0" y="81.0" width="36.0" height="36.0"/>
            </bpmndi:BPMNShape>
            <bpmndi:BPMNShape bpmnElement="Activity_0vhjs93" id="Activity_0f43uek_di">
                <dc:Bounds x="440.0" y="59.0" width="100.0" height="80.0"/>
            </bpmndi:BPMNShape>
            <bpmndi:BPMNShape bpmnElement="Gateway_0esqn46" id="Gateway_0esqn46_di">
                <dc:Bounds x="635.0" y="74.0" width="50.0" height="50.0"/>
            </bpmndi:BPMNShape>
            <bpmndi:BPMNShape bpmnElement="Activity_1bt7kjd" id="Activity_1kuw4q5_di">
                <dc:Bounds x="610.0" y="-130.0" width="100.0" height="80.0"/>
            </bpmndi:BPMNShape>
            <bpmndi:BPMNShape bpmnElement="Activity_15u1nlh" id="Activity_1d10dtq_di">
                <dc:Bounds x="610.0" y="310.0" width="100.0" height="80.0"/>
            </bpmndi:BPMNShape>
            <bpmndi:BPMNShape bpmnElement="Gateway_1tzuw8v" id="Gateway_1tzuw8v_di">
                <dc:Bounds x="785.0" y="74.0" width="50.0" height="50.0"/>
            </bpmndi:BPMNShape>
            <bpmndi:BPMNShape bpmnElement="Gateway_0yxasu6" id="Gateway_0yxasu6_di">
                <dc:Bounds x="125.0" y="74.0" width="50.0" height="50.0"/>
            </bpmndi:BPMNShape>
            <bpmndi:BPMNShape bpmnElement="Event_0c0zrss" id="Event_0c0zrss_di">
                <dc:Bounds x="432.0" y="192.0" width="36.0" height="36.0"/>
            </bpmndi:BPMNShape>
            <bpmndi:BPMNShape bpmnElement="Activity_1umqq5c" id="Activity_0z7p82q_di">
                <dc:Bounds x="250.0" y="170.0" width="100.0" height="80.0"/>
            </bpmndi:BPMNShape>
            <bpmndi:BPMNShape bpmnElement="Activity_1bthp08" id="Activity_1c7teba_di">
                <dc:Bounds x="-70.0" y="59.0" width="100.0" height="80.0"/>
            </bpmndi:BPMNShape>
        </bpmndi:BPMNPlane>
    </bpmndi:BPMNDiagram>
</bpmn:definitions>
