<?xml version="1.0" encoding="UTF-8" standalone="yes"?>
<bpmn:definitions xmlns:xsi="http://www.w3.org/2001/XMLSchema-instance" xmlns:bpmn="http://www.omg.org/spec/BPMN/20100524/MODEL" xmlns:camunda="http://camunda.org/schema/1.0/bpmn" xmlns:xs="http://www.w3.org/2001/XMLSchema" xmlns:bpmndi="http://www.omg.org/spec/BPMN/20100524/DI" xmlns:di="http://www.omg.org/spec/DD/20100524/DI" xmlns:ecos="http://www.citeck.ru/ecos/bpmn/1.0" xmlns:dc="http://www.omg.org/spec/DD/20100524/DC" id="Definitions_mW2pkOa" targetNamespace="http://bpmn.io/schema/bpmn" exporter="bpmn-js (https://demo.bpmn.io)" exporterVersion="8.2.0" ecos:name_ml="{&quot;ru&quot;:&quot;Test draft process&quot;}" ecos:formRef="uiserv/form@ecos-test-form" ecos:sectionRef="" ecos:enabled="true" ecos:autoStartEnabled="false" ecos:defState="RAW" ecos:processDefId="test-draft-process-artifact-handler" ecos:ecosType="emodel/type@test-type">
    <bpmn:process isExecutable="true" id="test-draft-process-artifact-handler">
        <bpmn:startEvent id="StartEvent_1ew9rff" ecos:documentation="" ecos:name_ml="">
            <bpmn:outgoing >Flow_1xjbplz</bpmn:outgoing>
        </bpmn:startEvent>
        <bpmn:sequenceFlow sourceRef="StartEvent_1ew9rff" targetRef="Activity_0jaoxo7" id="Flow_1xjbplz"/>
        <bpmn:endEvent id="Event_1f9oetx">
            <bpmn:incoming >Flow_1i0vgyb</bpmn:incoming>
        </bpmn:endEvent>
        <bpmn:sequenceFlow sourceRef="Activity_0jaoxo7" targetRef="Event_1f9oetx" id="Flow_1i0vgyb"/>
        <bpmn:sendTask id="Activity_0jaoxo7" ecos:notificationCc="[]" ecos:notificationBcc="[]" ecos:notificationLang="ru" ecos:notificationFrom="" ecos:asyncConfig="{&quot;asyncBefore&quot;:false,&quot;asyncAfter&quot;:false}" ecos:name_ml="" ecos:notificationCcExpression="[&quot;&quot;]" ecos:notificationTemplate="" ecos:notificationBccExpression="[&quot;&quot;]" ecos:notificationAdditionalMeta="{}" ecos:notificationTo="[]" ecos:documentation="" ecos:notificationRecord="" ecos:notificationTitle="" ecos:jobConfig="{}" ecos:notificationType="EMAIL_NOTIFICATION" ecos:notificationBody="" ecos:notificationToExpression="[&quot;&quot;]">
            <bpmn:incoming >Flow_1xjbplz</bpmn:incoming>
            <bpmn:outgoing >Flow_1i0vgyb</bpmn:outgoing>
        </bpmn:sendTask>
    </bpmn:process>
    <bpmndi:BPMNDiagram id="BPMNDiagram_1">
        <bpmndi:BPMNPlane  bpmnElement="test-draft-process-artifact-handler" id="BPMNPlane_1">
            <bpmndi:BPMNShape bpmnElement="StartEvent_1ew9rff" id="_BPMNShape_StartEvent_2">
                <dc:Bounds x="156.0" y="81.0" width="36.0" height="36.0"/>
            </bpmndi:BPMNShape>
            <bpmndi:BPMNShape bpmnElement="Event_1f9oetx" id="Event_1f9oetx_di">
                <dc:Bounds x="412.0" y="81.0" width="36.0" height="36.0"/>
            </bpmndi:BPMNShape>
            <bpmndi:BPMNShape bpmnElement="Activity_0jaoxo7" id="Activity_1kwcfyg_di">
                <dc:Bounds x="250.0" y="59.0" width="100.0" height="80.0"/>
            </bpmndi:BPMNShape>
            <bpmndi:BPMNEdge bpmnElement="Flow_1xjbplz" id="Flow_1xjbplz_di">
                <di:waypoint x="192.0" y="99.0"/>
                <di:waypoint x="250.0" y="99.0"/>
            </bpmndi:BPMNEdge>
            <bpmndi:BPMNEdge bpmnElement="Flow_1i0vgyb" id="Flow_1i0vgyb_di">
                <di:waypoint x="350.0" y="99.0"/>
                <di:waypoint x="412.0" y="99.0"/>
            </bpmndi:BPMNEdge>
        </bpmndi:BPMNPlane>
    </bpmndi:BPMNDiagram>
</bpmn:definitions>
