<?xml version="1.0" encoding="UTF-8" standalone="yes"?>
<bpmn:definitions xmlns:xsi="http://www.w3.org/2001/XMLSchema-instance" xmlns:bpmn="http://www.omg.org/spec/BPMN/20100524/MODEL" xmlns:camunda="http://camunda.org/schema/1.0/bpmn" xmlns:xs="http://www.w3.org/2001/XMLSchema" xmlns:bpmndi="http://www.omg.org/spec/BPMN/20100524/DI" xmlns:di="http://www.omg.org/spec/DD/20100524/DI" xmlns:ecos="http://www.citeck.ru/ecos/bpmn/1.0" xmlns:dc="http://www.omg.org/spec/DD/20100524/DC" id="Definitions_0hq0c8n" name="" targetNamespace="http://bpmn.io/schema/bpmn" exporter="bpmn-js (https://demo.bpmn.io)" exporterVersion="8.2.0" ecos:name_ml="{}" ecos:formRef="" ecos:enabled="false" ecos:autoStartEnabled="false" ecos:processDefId="test-child-lanes" ecos:ecosType="">
    <bpmn:process isExecutable="true" id="test-child-lanes">
        <bpmn:laneSet id="LaneSet_1ypz7t4">
            <bpmn:lane name="" id="Lane_11k475d" ecos:name_ml="{}">
                <bpmn:flowNodeRef>StartEvent_1ew9rff</bpmn:flowNodeRef>
                <bpmn:flowNodeRef>end_event</bpmn:flowNodeRef>
            </bpmn:lane>
            <bpmn:lane name="2" id="Lane_03az88g" ecos:name_ml="{&quot;ru&quot;:&quot;2&quot;}">
                <bpmn:childLaneSet id="LaneSet_1egj654">
                    <bpmn:lane name="3" id="Lane_1xj7ymm" ecos:name_ml="{&quot;ru&quot;:&quot;3&quot;}">
                        <bpmn:childLaneSet id="LaneSet_13ichg8">
                            <bpmn:lane name="5" id="Lane_0cvco5d" ecos:name_ml="{&quot;ru&quot;:&quot;5&quot;}"/>
                            <bpmn:lane name="6" id="Lane_075691g" ecos:name_ml="{&quot;ru&quot;:&quot;6&quot;}"/>
                            <bpmn:lane name="7" id="Lane_10r9yrd" ecos:name_ml="{&quot;ru&quot;:&quot;7&quot;}"/>
                        </bpmn:childLaneSet>
                    </bpmn:lane>
                    <bpmn:lane name="4" id="Lane_0p9ozst" ecos:name_ml="{&quot;ru&quot;:&quot;4&quot;}"/>
                </bpmn:childLaneSet>
            </bpmn:lane>
        </bpmn:laneSet>
        <bpmn:startEvent isInterrupting="true" name="" id="StartEvent_1ew9rff" ecos:asyncConfig="{&quot;asyncBefore&quot;:false,&quot;asyncAfter&quot;:false,&quot;exclusive&quot;:true}" ecos:name_ml="{}" ecos:jobConfig="{&quot;jobPriority&quot;:null,&quot;jobRetryTimeCycle&quot;:null}">
            <bpmn:outgoing >Flow_1bap9oy</bpmn:outgoing>
        </bpmn:startEvent>
        <bpmn:endEvent name="" id="end_event" ecos:asyncConfig="{&quot;asyncBefore&quot;:false,&quot;asyncAfter&quot;:false,&quot;exclusive&quot;:true}" ecos:name_ml="{}" ecos:jobConfig="{&quot;jobPriority&quot;:null,&quot;jobRetryTimeCycle&quot;:null}">
            <bpmn:incoming >Flow_1bap9oy</bpmn:incoming>
        </bpmn:endEvent>
        <bpmn:sequenceFlow sourceRef="StartEvent_1ew9rff" targetRef="end_event" name="" id="Flow_1bap9oy" ecos:name_ml="{}" ecos:conditionConfig="{&quot;fn&quot;:&quot;&quot;,&quot;expression&quot;:&quot;&quot;,&quot;outcome&quot;:&quot;&quot;}" ecos:conditionType="NONE"/>
    </bpmn:process>
    <bpmn:collaboration id="Collaboration_0s4gsfz">
        <bpmn:participant  name="1" processRef="test-child-lanes" id="Participant_1vob69g" ecos:name_ml="{&quot;ru&quot;:&quot;1&quot;}" ecos:ecosType=""/>
    </bpmn:collaboration>
    <bpmndi:BPMNDiagram id="BPMNDiagram_1">
        <bpmndi:BPMNPlane  bpmnElement="Collaboration_0s4gsfz" id="BPMNPlane_1">
            <bpmndi:BPMNShape bpmnElement="Participant_1vob69g" isExpanded="true" id="Participant_1vob69g_di">
                <dc:Bounds x="-40.0" y="40.0" width="600.0" height="630.0"/>
            </bpmndi:BPMNShape>
            <bpmndi:BPMNShape bpmnElement="Lane_03az88g" isExpanded="true" id="Lane_03az88g_di">
                <dc:Bounds x="-10.0" y="165.0" width="570.0" height="505.0"/>
            </bpmndi:BPMNShape>
            <bpmndi:BPMNShape bpmnElement="Lane_1xj7ymm" isExpanded="true" id="Lane_1xj7ymm_di">
                <dc:Bounds x="20.0" y="165.0" width="540.0" height="313.0"/>
            </bpmndi:BPMNShape>
            <bpmndi:BPMNShape bpmnElement="Lane_0cvco5d" isExpanded="true" id="Lane_0cvco5d_di">
                <dc:Bounds x="50.0" y="165.0" width="510.0" height="97.0"/>
            </bpmndi:BPMNShape>
            <bpmndi:BPMNShape bpmnElement="Lane_075691g" isExpanded="true" id="Lane_075691g_di">
                <dc:Bounds x="50.0" y="262.0" width="510.0" height="96.0"/>
            </bpmndi:BPMNShape>
            <bpmndi:BPMNShape bpmnElement="Lane_10r9yrd" isExpanded="true" id="Lane_10r9yrd_di">
                <dc:Bounds x="50.0" y="358.0" width="510.0" height="120.0"/>
            </bpmndi:BPMNShape>
            <bpmndi:BPMNShape bpmnElement="Lane_0p9ozst" isExpanded="true" id="Lane_0p9ozst_di">
                <dc:Bounds x="20.0" y="478.0" width="540.0" height="192.0"/>
            </bpmndi:BPMNShape>
            <bpmndi:BPMNShape bpmnElement="Lane_11k475d" isExpanded="true" id="Lane_11k475d_di">
                <dc:Bounds x="-10.0" y="40.0" width="570.0" height="125.0"/>
            </bpmndi:BPMNShape>
            <bpmndi:BPMNShape bpmnElement="StartEvent_1ew9rff" isExpanded="true" id="_BPMNShape_StartEvent_2">
                <dc:Bounds x="156.0" y="81.0" width="36.0" height="36.0"/>
            </bpmndi:BPMNShape>
            <bpmndi:BPMNShape bpmnElement="end_event" isExpanded="true" id="end_event_di">
                <dc:Bounds x="242.0" y="81.0" width="36.0" height="36.0"/>
            </bpmndi:BPMNShape>
            <bpmndi:BPMNEdge bpmnElement="Flow_1bap9oy" id="Flow_1bap9oy_di">
                <di:waypoint x="192.0" y="99.0"/>
                <di:waypoint x="242.0" y="99.0"/>
            </bpmndi:BPMNEdge>
        </bpmndi:BPMNPlane>
    </bpmndi:BPMNDiagram>
</bpmn:definitions>
