<?xml version="1.0" encoding="UTF-8" standalone="yes"?>
<bpmn:definitions xmlns:xsi="http://www.w3.org/2001/XMLSchema-instance" xmlns:bpmn="http://www.omg.org/spec/BPMN/20100524/MODEL" xmlns:camunda="http://camunda.org/schema/1.0/bpmn" xmlns:xs="http://www.w3.org/2001/XMLSchema" xmlns:bpmndi="http://www.omg.org/spec/BPMN/20100524/DI" xmlns:di="http://www.omg.org/spec/DD/20100524/DI" xmlns:ecos="http://www.citeck.ru/ecos/bpmn/1.0" xmlns:dc="http://www.omg.org/spec/DD/20100524/DC" id="Definitions_0hq0c8n" name="" targetNamespace="http://bpmn.io/schema/bpmn" exporter="bpmn-js (https://demo.bpmn.io)" exporterVersion="8.2.0" ecos:name_ml="{}" ecos:formRef="" ecos:enabled="false" ecos:autoStartEnabled="false" ecos:processDefId="test-user-task-without-ml-json" ecos:ecosType="">
    <bpmn:process isExecutable="true" id="test-user-task-without-ml-json">
        <bpmn:startEvent name="" id="StartEvent_1ew9rff" ecos:asyncConfig="{&quot;asyncBefore&quot;:false,&quot;asyncAfter&quot;:false,&quot;exclusive&quot;:true}" ecos:name_ml="{}" ecos:jobConfig="{&quot;jobPriority&quot;:null,&quot;jobRetryTimeCycle&quot;:null}">
            <bpmn:outgoing >Flow_1e6512g</bpmn:outgoing>
        </bpmn:startEvent>
        <bpmn:sequenceFlow sourceRef="StartEvent_1ew9rff" targetRef="userTask" name="" id="Flow_1e6512g" ecos:conditionConfig="{&quot;fn&quot;:&quot;&quot;,&quot;expression&quot;:&quot;&quot;,&quot;outcome&quot;:&quot;&quot;}" ecos:conditionType="NONE"/>
        <bpmn:userTask name="Пользовательская задача" id="userTask" ecos:documentation="{}" ecos:manualRecipients="[&quot;ivan.petrov&quot;]" ecos:outcomes="[{&quot;id&quot;:&quot;done&quot;,&quot;name&quot;:{&quot;ru&quot;:&quot;Done&quot;}}]" ecos:name_ml="" ecos:formRef="uiserv/form@test-bpmn-form-task" ecos:manualRecipientsMode="true" ecos:priority="MEDIUM" ecos:assignees="[]">
            <bpmn:incoming >Flow_1e6512g</bpmn:incoming>
            <bpmn:outgoing >Flow_1n19woq</bpmn:outgoing>
        </bpmn:userTask>
        <bpmn:endEvent name="" id="endEvent" ecos:name_ml="{}">
            <bpmn:incoming >Flow_1n19woq</bpmn:incoming>
        </bpmn:endEvent>
        <bpmn:sequenceFlow sourceRef="userTask" targetRef="endEvent" name="" id="Flow_1n19woq" ecos:conditionConfig="{&quot;fn&quot;:&quot;&quot;,&quot;expression&quot;:&quot;&quot;,&quot;outcome&quot;:&quot;&quot;}" ecos:conditionType="NONE"/>
    </bpmn:process>
    <bpmndi:BPMNDiagram id="BPMNDiagram_1">
        <bpmndi:BPMNPlane  bpmnElement="test-user-task-without-ml-json" id="BPMNPlane_1">
            <bpmndi:BPMNEdge bpmnElement="Flow_1n19woq" id="Flow_1n19woq_di">
                <di:waypoint x="350.0" y="99.0"/>
                <di:waypoint x="412.0" y="99.0"/>
            </bpmndi:BPMNEdge>
            <bpmndi:BPMNEdge bpmnElement="Flow_1e6512g" id="Flow_1e6512g_di">
                <di:waypoint x="192.0" y="99.0"/>
                <di:waypoint x="250.0" y="99.0"/>
            </bpmndi:BPMNEdge>
            <bpmndi:BPMNShape bpmnElement="StartEvent_1ew9rff" isExpanded="true" id="_BPMNShape_StartEvent_2">
                <dc:Bounds x="156.0" y="81.0" width="36.0" height="36.0"/>
            </bpmndi:BPMNShape>
            <bpmndi:BPMNShape bpmnElement="userTask" isExpanded="true" id="userTask_di">
                <dc:Bounds x="250.0" y="59.0" width="100.0" height="80.0"/>
            </bpmndi:BPMNShape>
            <bpmndi:BPMNShape bpmnElement="endEvent" isExpanded="true" id="endEvent_di">
                <dc:Bounds x="412.0" y="81.0" width="36.0" height="36.0"/>
            </bpmndi:BPMNShape>
        </bpmndi:BPMNPlane>
    </bpmndi:BPMNDiagram>
</bpmn:definitions>
