<?xml version="1.0" encoding="UTF-8" standalone="yes"?>
<bpmn:definitions xmlns:bpmn="http://www.omg.org/spec/BPMN/20100524/MODEL"
                  xmlns:bpmndi="http://www.omg.org/spec/BPMN/20100524/DI"
                  xmlns:di="http://www.omg.org/spec/DD/20100524/DI" xmlns:ecos="http://www.citeck.ru/ecos/bpmn/1.0"
                  xmlns:dc="http://www.omg.org/spec/DD/20100524/DC" id="Definitions_0hq0c8n" name=""
                  targetNamespace="http://bpmn.io/schema/bpmn" exporter="bpmn-js (https://demo.bpmn.io)"
                  exporterVersion="8.2.0" ecos:name_ml="{}" ecos:formRef="uiserv/form@start-test-process"
                  ecos:enabled="true" ecos:autoStartEnabled="false"
                  ecos:processDefId="test-user-task-due-date-from-variables" ecos:ecosType="">
    <bpmn:process isExecutable="true" id="test-user-task-due-date-from-variables">
        <bpmn:startEvent isInterrupting="true" name="" id="StartEvent_1ew9rff" ecos:asyncConfig="{&quot;asyncBefore&quot;:false,&quot;asyncAfter&quot;:false,&quot;exclusive&quot;:true}" ecos:name_ml="{}" ecos:jobConfig="{&quot;jobPriority&quot;:null,&quot;jobRetryTimeCycle&quot;:null}">
            <bpmn:outgoing >Flow_0w7ai6t</bpmn:outgoing>
        </bpmn:startEvent>
        <bpmn:sequenceFlow sourceRef="StartEvent_1ew9rff" targetRef="Activity_1cavzjp" name="" id="Flow_0w7ai6t" ecos:name_ml="{}" ecos:conditionConfig="{&quot;fn&quot;:&quot;&quot;,&quot;expression&quot;:&quot;&quot;,&quot;outcome&quot;:&quot;&quot;}" ecos:conditionType="NONE"/>
        <bpmn:endEvent name="" id="endEvent" ecos:asyncConfig="{&quot;asyncBefore&quot;:false,&quot;asyncAfter&quot;:false,&quot;exclusive&quot;:true}" ecos:name_ml="{}" ecos:jobConfig="{&quot;jobPriority&quot;:null,&quot;jobRetryTimeCycle&quot;:null}">
            <bpmn:incoming >Flow_1mclt76</bpmn:incoming>
        </bpmn:endEvent>
        <bpmn:sequenceFlow sourceRef="userTask" targetRef="endEvent" name="" id="Flow_1mclt76" ecos:name_ml="{}" ecos:conditionConfig="{&quot;fn&quot;:&quot;&quot;,&quot;expression&quot;:&quot;&quot;,&quot;outcome&quot;:&quot;&quot;}" ecos:conditionType="NONE"/>
        <bpmn:userTask name="User Task" id="userTask" ecos:documentation="{}" ecos:dueDate="${dueDate}" ecos:manualRecipients="[&quot;admin&quot;]" ecos:outcomes="[{&quot;id&quot;:&quot;ok&quot;,&quot;name&quot;:{&quot;ru&quot;:&quot;Ok&quot;}}]" ecos:name_ml="{&quot;ru&quot;:&quot;User Task&quot;}" ecos:formRef="uiserv/form@simpleTask" ecos:followUpDate="${followUpDate}" ecos:manualRecipientsMode="true" ecos:priority="MEDIUM" ecos:assignees="[]">
            <bpmn:incoming >Flow_0rw6g2y</bpmn:incoming>
            <bpmn:outgoing >Flow_1mclt76</bpmn:outgoing>
        </bpmn:userTask>
        <bpmn:sequenceFlow sourceRef="Activity_1cavzjp" targetRef="userTask" name="" id="Flow_0rw6g2y" ecos:name_ml="{}" ecos:conditionConfig="{&quot;fn&quot;:&quot;&quot;,&quot;expression&quot;:&quot;&quot;,&quot;outcome&quot;:&quot;&quot;}" ecos:conditionType="NONE"/>
        <bpmn:scriptTask scriptFormat="javascript" name="Set dates variables" id="Activity_1cavzjp" ecos:asyncConfig="{&quot;asyncBefore&quot;:false,&quot;asyncAfter&quot;:false,&quot;exclusive&quot;:true}" ecos:name_ml="{&quot;ru&quot;:&quot;Set dates variables&quot;}" ecos:jobConfig="{&quot;jobPriority&quot;:null,&quot;jobRetryTimeCycle&quot;:null}" ecos:script="execution.setVariable(&quot;followUpDate&quot;, &quot;2023-02-07T15:00:00.0Z&quot;);&#10;execution.setVariable(&quot;dueDate&quot;, &quot;2023-02-07T21:30:00.0Z&quot;);">
            <bpmn:incoming >Flow_0w7ai6t</bpmn:incoming>
            <bpmn:outgoing >Flow_0rw6g2y</bpmn:outgoing>
            <bpmn:script>execution.setVariable("followUpDate", "2023-02-07T15:00:00.0Z");
                execution.setVariable("dueDate", "2023-02-07T21:30:00.0Z");</bpmn:script>
        </bpmn:scriptTask>
    </bpmn:process>
    <bpmndi:BPMNDiagram id="BPMNDiagram_1">
        <bpmndi:BPMNPlane  bpmnElement="test-user-task-due-date-from-variables" id="BPMNPlane_1">
            <bpmndi:BPMNShape bpmnElement="StartEvent_1ew9rff" isExpanded="true" id="_BPMNShape_StartEvent_2">
                <dc:Bounds x="156.0" y="81.0" width="36.0" height="36.0"/>
            </bpmndi:BPMNShape>
            <bpmndi:BPMNShape bpmnElement="endEvent" isExpanded="true" id="endEvent_di">
                <dc:Bounds x="632.0" y="81.0" width="36.0" height="36.0"/>
            </bpmndi:BPMNShape>
            <bpmndi:BPMNShape bpmnElement="userTask" isExpanded="true" id="userTask_di">
                <dc:Bounds x="460.0" y="59.0" width="100.0" height="80.0"/>
            </bpmndi:BPMNShape>
            <bpmndi:BPMNShape bpmnElement="Activity_1cavzjp" isExpanded="true" id="Activity_05fbbe1_di">
                <dc:Bounds x="250.0" y="59.0" width="100.0" height="80.0"/>
            </bpmndi:BPMNShape>
            <bpmndi:BPMNEdge bpmnElement="Flow_0w7ai6t" id="Flow_0w7ai6t_di">
                <di:waypoint x="192.0" y="99.0"/>
                <di:waypoint x="250.0" y="99.0"/>
            </bpmndi:BPMNEdge>
            <bpmndi:BPMNEdge bpmnElement="Flow_1mclt76" id="Flow_1mclt76_di">
                <di:waypoint x="560.0" y="99.0"/>
                <di:waypoint x="632.0" y="99.0"/>
            </bpmndi:BPMNEdge>
            <bpmndi:BPMNEdge bpmnElement="Flow_0rw6g2y" id="Flow_0rw6g2y_di">
                <di:waypoint x="350.0" y="99.0"/>
                <di:waypoint x="460.0" y="99.0"/>
            </bpmndi:BPMNEdge>
        </bpmndi:BPMNPlane>
    </bpmndi:BPMNDiagram>
</bpmn:definitions>
