<?xml version="1.0" encoding="UTF-8" standalone="yes"?>
<bpmn:definitions xmlns:xsi="http://www.w3.org/2001/XMLSchema-instance" xmlns:bpmn="http://www.omg.org/spec/BPMN/20100524/MODEL" xmlns:camunda="http://camunda.org/schema/1.0/bpmn" xmlns:xs="http://www.w3.org/2001/XMLSchema" xmlns:bpmndi="http://www.omg.org/spec/BPMN/20100524/DI" xmlns:di="http://www.omg.org/spec/DD/20100524/DI" xmlns:ecos="http://www.citeck.ru/ecos/bpmn/1.0" xmlns:dc="http://www.omg.org/spec/DD/20100524/DC" id="Definitions_0hq0c8n" name="test-user-task-role-multi-instance-parallel" targetNamespace="http://bpmn.io/schema/bpmn" exporter="bpmn-js (https://demo.bpmn.io)" exporterVersion="8.2.0" ecos:name_ml="{&quot;en&quot;:&quot;test-user-task-role-multi-instance-parallel&quot;}" ecos:formRef="" ecos:enabled="true" ecos:autoStartEnabled="false" ecos:processDefId="test-user-task-role-multi-instance-parallel" ecos:ecosType="emodel/type@type-ecos-fin-request">
    <bpmn:process isExecutable="true" id="test-user-task-role-multi-instance-parallel">
        <bpmn:startEvent name="" id="StartEvent_1ew9rff" ecos:asyncConfig="{&quot;asyncBefore&quot;:false,&quot;asyncAfter&quot;:false,&quot;exclusive&quot;:true}" ecos:name_ml="{}" ecos:jobConfig="{&quot;jobPriority&quot;:null,&quot;jobRetryTimeCycle&quot;:null}">
            <bpmn:outgoing >Flow_0la4edy</bpmn:outgoing>
        </bpmn:startEvent>
        <bpmn:sequenceFlow sourceRef="StartEvent_1ew9rff" targetRef="userTask" name="" id="Flow_0la4edy" ecos:conditionConfig="{&quot;fn&quot;:&quot;&quot;,&quot;expression&quot;:&quot;&quot;,&quot;outcome&quot;:&quot;&quot;}" ecos:conditionType="NONE"/>
        <bpmn:endEvent name="" id="endEvent" ecos:name_ml="{}">
            <bpmn:incoming >Flow_1q4h95d</bpmn:incoming>
        </bpmn:endEvent>
        <bpmn:sequenceFlow sourceRef="userTask" targetRef="endEvent" name="" id="Flow_1q4h95d" ecos:conditionConfig="{&quot;fn&quot;:&quot;&quot;,&quot;expression&quot;:&quot;&quot;,&quot;outcome&quot;:&quot;&quot;}" ecos:conditionType="NONE"/>
        <bpmn:userTask name="" id="userTask" ecos:documentation="{}" ecos:manualRecipients="[]" ecos:outcomes="[{&quot;id&quot;:&quot;done&quot;,&quot;name&quot;:{&quot;ru&quot;:&quot;Done&quot;}}]" ecos:name_ml="{}" ecos:formRef="uiserv/form@test-bpmn-form-task" ecos:manualRecipientsMode="false" ecos:priority="MEDIUM" ecos:multiInstanceConfig="{&quot;sequential&quot;:true,&quot;collection&quot;:&quot;&quot;,&quot;element&quot;:&quot;&quot;,&quot;loopCardinality&quot;:&quot;&quot;,&quot;completionCondition&quot;:&quot;&quot;,&quot;asyncConfig&quot;:{&quot;asyncBefore&quot;:false,&quot;asyncAfter&quot;:false,&quot;exclusive&quot;:true},&quot;jobConfig&quot;:{&quot;jobPriority&quot;:null,&quot;jobRetryTimeCycle&quot;:&quot;&quot;}}" ecos:assignees="[&quot;author&quot;]">
            <bpmn:incoming >Flow_0la4edy</bpmn:incoming>
            <bpmn:outgoing >Flow_1q4h95d</bpmn:outgoing>
            <bpmn:multiInstanceLoopCharacteristics isSequential="false" camunda:asyncBefore="false" camunda:exclusive="true" camunda:asyncAfter="false">
                <bpmn:extensionElements/>
            </bpmn:multiInstanceLoopCharacteristics>
        </bpmn:userTask>
    </bpmn:process>
    <bpmndi:BPMNDiagram id="BPMNDiagram_1">
        <bpmndi:BPMNPlane  bpmnElement="test-user-task-role-multi-instance-parallel" id="BPMNPlane_1">
            <bpmndi:BPMNEdge bpmnElement="Flow_0la4edy" id="Flow_0la4edy_di">
                <di:waypoint x="192.0" y="99.0"/>
                <di:waypoint x="280.0" y="99.0"/>
            </bpmndi:BPMNEdge>
            <bpmndi:BPMNEdge bpmnElement="Flow_1q4h95d" id="Flow_1q4h95d_di">
                <di:waypoint x="380.0" y="99.0"/>
                <di:waypoint x="472.0" y="99.0"/>
            </bpmndi:BPMNEdge>
            <bpmndi:BPMNShape bpmnElement="StartEvent_1ew9rff" isExpanded="true" id="_BPMNShape_StartEvent_2">
                <dc:Bounds x="156.0" y="81.0" width="36.0" height="36.0"/>
            </bpmndi:BPMNShape>
            <bpmndi:BPMNShape bpmnElement="endEvent" isExpanded="true" id="endEvent_di">
                <dc:Bounds x="472.0" y="81.0" width="36.0" height="36.0"/>
            </bpmndi:BPMNShape>
            <bpmndi:BPMNShape bpmnElement="userTask" isExpanded="true" id="userTask_di">
                <dc:Bounds x="280.0" y="59.0" width="100.0" height="80.0"/>
            </bpmndi:BPMNShape>
        </bpmndi:BPMNPlane>
    </bpmndi:BPMNDiagram>
</bpmn:definitions>
