<?xml version="1.0" encoding="UTF-8" standalone="yes"?>
<bpmn:definitions xmlns:xsi="http://www.w3.org/2001/XMLSchema-instance" xmlns:bpmn="http://www.omg.org/spec/BPMN/20100524/MODEL" xmlns:camunda="http://camunda.org/schema/1.0/bpmn" xmlns:xs="http://www.w3.org/2001/XMLSchema" xmlns:bpmndi="http://www.omg.org/spec/BPMN/20100524/DI" xmlns:di="http://www.omg.org/spec/DD/20100524/DI" xmlns:ecos="http://www.citeck.ru/ecos/bpmn/1.0" xmlns:dc="http://www.omg.org/spec/DD/20100524/DC" id="Definitions_7erbftL" name="" targetNamespace="http://bpmn.io/schema/bpmn" exporter="bpmn-js (https://demo.bpmn.io)" exporterVersion="8.2.0" ecos:workingCopySourceRef="" ecos:name_ml="{}" ecos:formRef="" ecos:autoDeleteEnabled="true" ecos:sectionRef="eproc/bpmn-section@DEFAULT" ecos:enabled="true" ecos:autoStartEnabled="true" ecos:defState="CONVERTED" ecos:processDefId="test-send-task-with-send-calendar-event-values" ecos:ecosType="emodel/type@type-ecos-fin-request">
    <bpmn:process isExecutable="true" id="test-send-task-with-send-calendar-event-values">
        <bpmn:startEvent isInterrupting="true" name="" id="StartEvent_1ew9rff" ecos:documentation="{}" ecos:asyncConfig="{&quot;asyncBefore&quot;:false,&quot;asyncAfter&quot;:false,&quot;exclusive&quot;:true}" ecos:name_ml="{}" ecos:jobConfig="{&quot;jobPriority&quot;:null,&quot;jobRetryTimeCycle&quot;:null}">
            <bpmn:outgoing >Flow_025v283</bpmn:outgoing>
        </bpmn:startEvent>
        <bpmn:sendTask name="send" id="sendTask" ecos:notificationCc="[]" ecos:notificationCalendarEventDuration="PT1H" ecos:notificationBcc="[]" ecos:notificationLang="ru" ecos:asyncConfig="{&quot;asyncBefore&quot;:false,&quot;asyncAfter&quot;:false,&quot;exclusive&quot;:true}" ecos:name_ml="{&quot;ru&quot;:&quot;send&quot;}" ecos:notificationCcExpression="[]" ecos:notificationCalendarEventSummary="Test Name" ecos:notificationBccExpression="[]" ecos:notificationAdditionalMeta="{}" ecos:notificationTo="[]" ecos:notificationSendCalendarEvent="true" ecos:notificationCalendarEventDescription="Test Description" ecos:documentation="{}" ecos:notificationTitle="Test Header" ecos:notificationCalendarEventOrganizer="author" ecos:jobConfig="{&quot;jobPriority&quot;:null,&quot;jobRetryTimeCycle&quot;:null}" ecos:notificationType="EMAIL_NOTIFICATION" ecos:notificationCalendarEventDate="2024-12-17T09:00:00Z" ecos:notificationBody="&lt;p&gt;Test body message&lt;/p&gt;" ecos:notificationToExpression="[&quot;1@mail.ru,2@mail.ru&quot;]">
            <bpmn:incoming >Flow_0v2t9rm</bpmn:incoming>
            <bpmn:outgoing >Flow_14etzhw</bpmn:outgoing>
        </bpmn:sendTask>
        <bpmn:endEvent name="" id="endEvent" ecos:documentation="{}" ecos:asyncConfig="{&quot;asyncBefore&quot;:false,&quot;asyncAfter&quot;:false,&quot;exclusive&quot;:true}" ecos:name_ml="{}" ecos:jobConfig="{&quot;jobPriority&quot;:null,&quot;jobRetryTimeCycle&quot;:null}">
            <bpmn:incoming >Flow_14etzhw</bpmn:incoming>
        </bpmn:endEvent>
        <bpmn:sequenceFlow sourceRef="sendTask" targetRef="endEvent" name="" id="Flow_14etzhw" ecos:name_ml="{}" ecos:conditionConfig="{&quot;fn&quot;:&quot;&quot;,&quot;expression&quot;:&quot;&quot;,&quot;outcome&quot;:&quot;&quot;}" ecos:conditionType="NONE"/>
        <bpmn:sequenceFlow sourceRef="StartEvent_1ew9rff" targetRef="Activity_0yyf5tp" name="" id="Flow_025v283" ecos:name_ml="{}" ecos:conditionConfig="{&quot;fn&quot;:&quot;&quot;,&quot;expression&quot;:&quot;&quot;,&quot;outcome&quot;:&quot;&quot;}" ecos:conditionType="NONE"/>
        <bpmn:sequenceFlow sourceRef="Activity_0yyf5tp" targetRef="sendTask" name="" id="Flow_0v2t9rm" ecos:name_ml="{}" ecos:conditionConfig="{&quot;fn&quot;:&quot; &quot;,&quot;expression&quot;:&quot;&quot;,&quot;outcome&quot;:&quot;&quot;}" ecos:conditionType="NONE"/>
        <bpmn:scriptTask scriptFormat="javascript" name="" id="Activity_0yyf5tp" ecos:documentation="{}" ecos:asyncConfig="{&quot;asyncBefore&quot;:false,&quot;asyncAfter&quot;:false,&quot;exclusive&quot;:true}" ecos:name_ml="{}" ecos:jobConfig="{&quot;jobPriority&quot;:null,&quot;jobRetryTimeCycle&quot;:null}" ecos:script="execution.setVariable(&quot;eventUid&quot;, &quot;2b60f57d-11da-48be-b4cd-7b9a206a6477&quot;);">
            <bpmn:incoming >Flow_025v283</bpmn:incoming>
            <bpmn:outgoing >Flow_0v2t9rm</bpmn:outgoing>
            <bpmn:script>execution.setVariable("eventUid", "2b60f57d-11da-48be-b4cd-7b9a206a6477");</bpmn:script>
        </bpmn:scriptTask>
    </bpmn:process>
    <bpmndi:BPMNDiagram id="BPMNDiagram_1">
        <bpmndi:BPMNPlane  bpmnElement="test-send-task-with-send-calendar-event-values" id="BPMNPlane_1">
            <bpmndi:BPMNShape bpmnElement="sendTask" isExpanded="false" id="sendTask_di">
                <dc:Bounds x="250.0" y="59.0" width="100.0" height="80.0"/>
            </bpmndi:BPMNShape>
            <bpmndi:BPMNShape bpmnElement="endEvent" isExpanded="false" id="endEvent_di">
                <dc:Bounds x="412.0" y="81.0" width="36.0" height="36.0"/>
            </bpmndi:BPMNShape>
            <bpmndi:BPMNShape bpmnElement="StartEvent_1ew9rff" isExpanded="false" id="_BPMNShape_StartEvent_2">
                <dc:Bounds x="52.0" y="81.0" width="36.0" height="36.0"/>
            </bpmndi:BPMNShape>
            <bpmndi:BPMNShape bpmnElement="Activity_0yyf5tp" isExpanded="false" id="Activity_0y10djb_di">
                <dc:Bounds x="110.0" y="59.0" width="100.0" height="80.0"/>
            </bpmndi:BPMNShape>
            <bpmndi:BPMNEdge bpmnElement="Flow_14etzhw" id="Flow_14etzhw_di">
                <di:waypoint x="350.0" y="99.0"/>
                <di:waypoint x="412.0" y="99.0"/>
            </bpmndi:BPMNEdge>
            <bpmndi:BPMNEdge bpmnElement="Flow_025v283" id="Flow_025v283_di">
                <di:waypoint x="88.0" y="99.0"/>
                <di:waypoint x="110.0" y="99.0"/>
            </bpmndi:BPMNEdge>
            <bpmndi:BPMNEdge bpmnElement="Flow_0v2t9rm" id="Flow_0v2t9rm_di">
                <di:waypoint x="210.0" y="99.0"/>
                <di:waypoint x="250.0" y="99.0"/>
            </bpmndi:BPMNEdge>
        </bpmndi:BPMNPlane>
    </bpmndi:BPMNDiagram>
</bpmn:definitions>
