<?xml version="1.0" encoding="UTF-8" standalone="yes"?>
<bpmn:definitions xmlns:xsi="http://www.w3.org/2001/XMLSchema-instance" xmlns:bpmn="http://www.omg.org/spec/BPMN/20100524/MODEL" xmlns:camunda="http://camunda.org/schema/1.0/bpmn" xmlns:xs="http://www.w3.org/2001/XMLSchema" xmlns:bpmndi="http://www.omg.org/spec/BPMN/20100524/DI" xmlns:di="http://www.omg.org/spec/DD/20100524/DI" xmlns:ecos="http://www.citeck.ru/ecos/bpmn/1.0" xmlns:dc="http://www.omg.org/spec/DD/20100524/DC" id="Definitions_YhVKWvU" name="" targetNamespace="http://bpmn.io/schema/bpmn" exporter="bpmn-js (https://demo.bpmn.io)" exporterVersion="8.2.0" ecos:workingCopySourceRef="" ecos:name_ml="{}" ecos:formRef="" ecos:autoDeleteEnabled="true" ecos:sectionRef="eproc/bpmn-section@DEFAULT" ecos:enabled="true" ecos:autoStartEnabled="true" ecos:defState="CONVERTED" ecos:processDefId="test-send-task-with-send-calendar-event" ecos:ecosType="">
    <bpmn:process isExecutable="true" id="test-send-task-with-send-calendar-event">
        <bpmn:startEvent isInterrupting="true" name="" id="StartEvent_1ew9rff" ecos:documentation="{}" ecos:asyncConfig="{&quot;asyncBefore&quot;:false,&quot;asyncAfter&quot;:false,&quot;exclusive&quot;:true}" ecos:name_ml="{}" ecos:jobConfig="{&quot;jobPriority&quot;:null,&quot;jobRetryTimeCycle&quot;:null}">
            <bpmn:outgoing >Flow_1iswxzo</bpmn:outgoing>
        </bpmn:startEvent>
        <bpmn:sequenceFlow sourceRef="StartEvent_1ew9rff" targetRef="Activity_0un72x5" name="" id="Flow_1iswxzo" ecos:name_ml="{}" ecos:conditionConfig="{&quot;fn&quot;:&quot;&quot;,&quot;expression&quot;:&quot;&quot;,&quot;outcome&quot;:&quot;&quot;}" ecos:conditionType="NONE"/>
        <bpmn:scriptTask scriptFormat="javascript" name="Заполнение переменных" id="Activity_0un72x5" ecos:documentation="{}" ecos:asyncConfig="{&quot;asyncBefore&quot;:false,&quot;asyncAfter&quot;:false,&quot;exclusive&quot;:true}" ecos:name_ml="{&quot;ru&quot;:&quot;Заполнение переменных&quot;}" ecos:jobConfig="{&quot;jobPriority&quot;:null,&quot;jobRetryTimeCycle&quot;:null}" ecos:script="execution.setVariable(&quot;eventOrganizer&quot;, &quot;organizer@mail.ru&quot;); &#10;execution.setVariable(&quot;eventSummary&quot;, &quot;Summary&quot;); &#10;execution.setVariable(&quot;eventDescription&quot;, &quot;Description&quot;); &#10;execution.setVariable(&quot;eventDate&quot;, &quot;2024-07-31T12:00:00Z&quot;); &#10;execution.setVariable(&quot;eventDuration&quot;, &quot;PT2H&quot;);&#10;execution.setVariable(&quot;eventUid&quot;, &quot;2b60f57d-11da-48be-b4cd-7b9a206a6477&quot;);&#10;&#10;execution.setVariable(&quot;recipients&quot;, &quot;1@mail.ru,2@mail.ru&quot;);">
            <bpmn:incoming >Flow_1iswxzo</bpmn:incoming>
            <bpmn:outgoing >Flow_13b2emh</bpmn:outgoing>
            <bpmn:script>execution.setVariable("eventOrganizer", "organizer@mail.ru");
                execution.setVariable("eventSummary", "Summary");
                execution.setVariable("eventDescription", "Description");
                execution.setVariable("eventDate", "2024-07-31T12:00:00Z");
                execution.setVariable("eventDuration", "PT2H");
                execution.setVariable("eventUid", "2b60f57d-11da-48be-b4cd-7b9a206a6477");

                execution.setVariable("recipients", "1@mail.ru,2@mail.ru");</bpmn:script>
        </bpmn:scriptTask>
        <bpmn:sequenceFlow sourceRef="Activity_0un72x5" targetRef="sendTask" name="" id="Flow_13b2emh" ecos:name_ml="{}" ecos:conditionConfig="{&quot;fn&quot;:&quot;&quot;,&quot;expression&quot;:&quot;&quot;,&quot;outcome&quot;:&quot;&quot;}" ecos:conditionType="NONE"/>
        <bpmn:sendTask name="send" id="sendTask" ecos:notificationCc="[]" ecos:notificationBcc="[]" ecos:notificationLang="ru" ecos:asyncConfig="{&quot;asyncBefore&quot;:false,&quot;asyncAfter&quot;:false,&quot;exclusive&quot;:true}" ecos:name_ml="{&quot;ru&quot;:&quot;send&quot;}" ecos:notificationCcExpression="[]" ecos:notificationCalendarEventSummary="${eventSummary}" ecos:notificationBccExpression="[]" ecos:notificationAdditionalMeta="{}" ecos:notificationTo="[]" ecos:notificationCalendarEventDurationExpression="${eventDuration}" ecos:notificationSendCalendarEvent="true" ecos:notificationCalendarEventDescription="${eventDescription}" ecos:documentation="{}" ecos:notificationCalendarEventDateExpression="${eventDate}" ecos:notificationTitle="Test" ecos:notificationCalendarEventOrganizer="${eventOrganizer}" ecos:jobConfig="{&quot;jobPriority&quot;:null,&quot;jobRetryTimeCycle&quot;:null}" ecos:notificationCalendarEventOrganizerExpression="${eventOrganizer}" ecos:notificationType="EMAIL_NOTIFICATION" ecos:notificationBody="&lt;p&gt;Test&lt;/p&gt;" ecos:notificationToExpression="[&quot;${recipients}&quot;]">
            <bpmn:incoming >Flow_13b2emh</bpmn:incoming>
            <bpmn:outgoing >Flow_0g4ij64</bpmn:outgoing>
        </bpmn:sendTask>
        <bpmn:endEvent name="" id="endEvent" ecos:documentation="{}" ecos:asyncConfig="{&quot;asyncBefore&quot;:false,&quot;asyncAfter&quot;:false,&quot;exclusive&quot;:true}" ecos:name_ml="{}" ecos:jobConfig="{&quot;jobPriority&quot;:null,&quot;jobRetryTimeCycle&quot;:null}">
            <bpmn:incoming >Flow_0g4ij64</bpmn:incoming>
        </bpmn:endEvent>
        <bpmn:sequenceFlow sourceRef="sendTask" targetRef="endEvent" name="" id="Flow_0g4ij64" ecos:name_ml="{}" ecos:conditionConfig="{&quot;fn&quot;:&quot;&quot;,&quot;expression&quot;:&quot;&quot;,&quot;outcome&quot;:&quot;&quot;}" ecos:conditionType="NONE"/>
    </bpmn:process>
    <bpmndi:BPMNDiagram id="BPMNDiagram_1">
        <bpmndi:BPMNPlane  bpmnElement="test-send-task-with-send-calendar-event" id="BPMNPlane_1">
            <bpmndi:BPMNShape bpmnElement="StartEvent_1ew9rff" isExpanded="false" id="_BPMNShape_StartEvent_2">
                <dc:Bounds x="156.0" y="81.0" width="36.0" height="36.0"/>
            </bpmndi:BPMNShape>
            <bpmndi:BPMNShape bpmnElement="Activity_0un72x5" isExpanded="false" id="Activity_03kgmd2_di">
                <dc:Bounds x="250.0" y="59.0" width="100.0" height="80.0"/>
            </bpmndi:BPMNShape>
            <bpmndi:BPMNShape bpmnElement="sendTask" isExpanded="false" id="sendTask_di">
                <dc:Bounds x="410.0" y="59.0" width="100.0" height="80.0"/>
            </bpmndi:BPMNShape>
            <bpmndi:BPMNShape bpmnElement="endEvent" isExpanded="false" id="endEvent_di">
                <dc:Bounds x="572.0" y="81.0" width="36.0" height="36.0"/>
            </bpmndi:BPMNShape>
            <bpmndi:BPMNEdge bpmnElement="Flow_1iswxzo" id="Flow_1iswxzo_di">
                <di:waypoint x="192.0" y="99.0"/>
                <di:waypoint x="250.0" y="99.0"/>
            </bpmndi:BPMNEdge>
            <bpmndi:BPMNEdge bpmnElement="Flow_13b2emh" id="Flow_13b2emh_di">
                <di:waypoint x="350.0" y="99.0"/>
                <di:waypoint x="410.0" y="99.0"/>
            </bpmndi:BPMNEdge>
            <bpmndi:BPMNEdge bpmnElement="Flow_0g4ij64" id="Flow_0g4ij64_di">
                <di:waypoint x="510.0" y="99.0"/>
                <di:waypoint x="572.0" y="99.0"/>
            </bpmndi:BPMNEdge>
        </bpmndi:BPMNPlane>
    </bpmndi:BPMNDiagram>
</bpmn:definitions>
