<?xml version="1.0" encoding="UTF-8" standalone="yes"?>
<bpmn:definitions xmlns:xsi="http://www.w3.org/2001/XMLSchema-instance" xmlns:bpmn="http://www.omg.org/spec/BPMN/20100524/MODEL" xmlns:camunda="http://camunda.org/schema/1.0/bpmn" xmlns:xs="http://www.w3.org/2001/XMLSchema" xmlns:bpmndi="http://www.omg.org/spec/BPMN/20100524/DI" xmlns:di="http://www.omg.org/spec/DD/20100524/DI" xmlns:ecos="http://www.citeck.ru/ecos/bpmn/1.0" xmlns:dc="http://www.omg.org/spec/DD/20100524/DC" id="Definitions_0hq0c8n" name="" targetNamespace="http://bpmn.io/schema/bpmn" exporter="bpmn-js (https://demo.bpmn.io)" exporterVersion="8.2.0" ecos:name_ml="{}" ecos:formRef="uiserv/form@test-bpmn-form" ecos:enabled="true" ecos:autoStartEnabled="false" ecos:processDefId="test-send-task-recipients-expression" ecos:ecosType="">
    <bpmn:process isExecutable="true" id="test-send-task-recipients-expression">
        <bpmn:startEvent isInterrupting="true" name="" id="StartEvent_1ew9rff" ecos:asyncConfig="{&quot;asyncBefore&quot;:false,&quot;asyncAfter&quot;:false,&quot;exclusive&quot;:true}" ecos:name_ml="{}" ecos:jobConfig="{&quot;jobPriority&quot;:null,&quot;jobRetryTimeCycle&quot;:null}">
            <bpmn:outgoing >Flow_0zuinom</bpmn:outgoing>
        </bpmn:startEvent>
        <bpmn:sequenceFlow sourceRef="StartEvent_1ew9rff" targetRef="Activity_1slqxkz" name="" id="Flow_0zuinom" ecos:name_ml="{}" ecos:conditionConfig="{&quot;fn&quot;:&quot;&quot;,&quot;expression&quot;:&quot;&quot;,&quot;outcome&quot;:&quot;&quot;}" ecos:conditionType="NONE"/>
        <bpmn:endEvent name="" id="endEvent" ecos:asyncConfig="{&quot;asyncBefore&quot;:false,&quot;asyncAfter&quot;:false,&quot;exclusive&quot;:true}" ecos:name_ml="{}" ecos:jobConfig="{&quot;jobPriority&quot;:null,&quot;jobRetryTimeCycle&quot;:null}">
            <bpmn:incoming >Flow_0j251cq</bpmn:incoming>
        </bpmn:endEvent>
        <bpmn:sequenceFlow sourceRef="Activity_1slqxkz" targetRef="sendTask" name="" id="Flow_1dtoy5c" ecos:name_ml="{}" ecos:conditionConfig="{&quot;fn&quot;:&quot;&quot;,&quot;expression&quot;:&quot;&quot;,&quot;outcome&quot;:&quot;&quot;}" ecos:conditionType="NONE"/>
        <bpmn:scriptTask scriptFormat="javascript" name="заполнение переменной" id="Activity_1slqxkz" ecos:asyncConfig="{&quot;asyncBefore&quot;:false,&quot;asyncAfter&quot;:false,&quot;exclusive&quot;:true}" ecos:name_ml="{&quot;ru&quot;:&quot;заполнение переменной&quot;}" ecos:jobConfig="{&quot;jobPriority&quot;:null,&quot;jobRetryTimeCycle&quot;:null}" ecos:script=" execution.setVariable(&quot;fromVariable&quot;, &quot;mailfromvariable@mail.ru&quot;);&#10;&#10; execution.setVariable(&quot;fromVariable2&quot;, &quot;1@mail.ru,2@mail.ru&quot;);">
            <bpmn:incoming >Flow_0zuinom</bpmn:incoming>
            <bpmn:outgoing >Flow_1dtoy5c</bpmn:outgoing>
            <bpmn:script> execution.setVariable("fromVariable", "mailfromvariable@mail.ru");

 execution.setVariable("fromVariable2", "1@mail.ru,2@mail.ru");</bpmn:script>
        </bpmn:scriptTask>
        <bpmn:sequenceFlow sourceRef="sendTask" targetRef="endEvent" name="" id="Flow_0j251cq" ecos:name_ml="{}" ecos:conditionConfig="{&quot;fn&quot;:&quot;&quot;,&quot;expression&quot;:&quot;&quot;,&quot;outcome&quot;:&quot;&quot;}" ecos:conditionType="NONE"/>
        <bpmn:sendTask name="send" id="sendTask" ecos:notificationCc="[]" ecos:notificationBcc="[]" ecos:notificationLang="ru" ecos:asyncConfig="{&quot;asyncBefore&quot;:false,&quot;asyncAfter&quot;:false,&quot;exclusive&quot;:true}" ecos:name_ml="{&quot;ru&quot;:&quot;send&quot;}" ecos:notificationCcExpression="[&quot;ccivan@mail.ru&quot;]" ecos:notificationBccExpression="[&quot;bcc@mail.ru&quot;]" ecos:notificationAdditionalMeta="{}" ecos:notificationTo="[]" ecos:notificationTitle="123" ecos:jobConfig="{&quot;jobPriority&quot;:null,&quot;jobRetryTimeCycle&quot;:null}" ecos:notificationType="EMAIL_NOTIFICATION" ecos:notificationBody="&lt;p&gt;456&lt;/p&gt;" ecos:notificationToExpression="[&quot;${fromVariable},${fromVariable2},petya@mail.ru&quot;]">
            <bpmn:incoming >Flow_1dtoy5c</bpmn:incoming>
            <bpmn:outgoing >Flow_0j251cq</bpmn:outgoing>
        </bpmn:sendTask>
    </bpmn:process>
    <bpmndi:BPMNDiagram id="BPMNDiagram_1">
        <bpmndi:BPMNPlane  bpmnElement="test-send-task-recipients-expression" id="BPMNPlane_1">
            <bpmndi:BPMNShape bpmnElement="StartEvent_1ew9rff" isExpanded="true" id="_BPMNShape_StartEvent_2">
                <dc:Bounds x="156.0" y="81.0" width="36.0" height="36.0"/>
            </bpmndi:BPMNShape>
            <bpmndi:BPMNShape bpmnElement="endEvent" isExpanded="true" id="endEvent_di">
                <dc:Bounds x="572.0" y="81.0" width="36.0" height="36.0"/>
            </bpmndi:BPMNShape>
            <bpmndi:BPMNShape bpmnElement="Activity_1slqxkz" isExpanded="true" id="Activity_1h4sogn_di">
                <dc:Bounds x="250.0" y="59.0" width="100.0" height="80.0"/>
            </bpmndi:BPMNShape>
            <bpmndi:BPMNShape bpmnElement="sendTask" isExpanded="true" id="Activity_0g3a4gh_di">
                <dc:Bounds x="400.0" y="59.0" width="100.0" height="80.0"/>
            </bpmndi:BPMNShape>
            <bpmndi:BPMNEdge bpmnElement="Flow_0zuinom" id="Flow_0zuinom_di">
                <di:waypoint x="192.0" y="99.0"/>
                <di:waypoint x="250.0" y="99.0"/>
            </bpmndi:BPMNEdge>
            <bpmndi:BPMNEdge bpmnElement="Flow_1dtoy5c" id="Flow_1dtoy5c_di">
                <di:waypoint x="350.0" y="99.0"/>
                <di:waypoint x="400.0" y="99.0"/>
            </bpmndi:BPMNEdge>
            <bpmndi:BPMNEdge bpmnElement="Flow_0j251cq" id="Flow_0j251cq_di">
                <di:waypoint x="500.0" y="99.0"/>
                <di:waypoint x="572.0" y="99.0"/>
            </bpmndi:BPMNEdge>
        </bpmndi:BPMNPlane>
    </bpmndi:BPMNDiagram>
</bpmn:definitions>
