<?xml version="1.0" encoding="UTF-8" standalone="yes"?>
<bpmn:definitions xmlns:xsi="http://www.w3.org/2001/XMLSchema-instance" xmlns:bpmn="http://www.omg.org/spec/BPMN/20100524/MODEL" xmlns:camunda="http://camunda.org/schema/1.0/bpmn" xmlns:xs="http://www.w3.org/2001/XMLSchema" xmlns:bpmndi="http://www.omg.org/spec/BPMN/20100524/DI" xmlns:di="http://www.omg.org/spec/DD/20100524/DI" xmlns:ecos="http://www.citeck.ru/ecos/bpmn/1.0" xmlns:dc="http://www.omg.org/spec/DD/20100524/DC" id="Definitions_0ExjdZ5" name="" targetNamespace="http://bpmn.io/schema/bpmn" exporter="bpmn-js (https://demo.bpmn.io)" exporterVersion="8.2.0" ecos:name_ml="{}" ecos:formRef="" ecos:enabled="false" ecos:autoStartEnabled="false" ecos:processDefId="test-call-activity-output-all-variables-propagation" ecos:ecosType="">
    <bpmn:process isExecutable="true" id="test-call-activity-output-all-variables-propagation">
        <bpmn:startEvent isInterrupting="true" name="" id="StartEvent_1ew9rff" ecos:asyncConfig="{&quot;asyncBefore&quot;:false,&quot;asyncAfter&quot;:false,&quot;exclusive&quot;:true}" ecos:name_ml="{}" ecos:jobConfig="{&quot;jobPriority&quot;:null,&quot;jobRetryTimeCycle&quot;:null}">
            <bpmn:outgoing >Flow_1joad85</bpmn:outgoing>
        </bpmn:startEvent>
        <bpmn:endEvent name="" id="endEvent" ecos:asyncConfig="{&quot;asyncBefore&quot;:false,&quot;asyncAfter&quot;:false,&quot;exclusive&quot;:true}" ecos:name_ml="{}" ecos:jobConfig="{&quot;jobPriority&quot;:null,&quot;jobRetryTimeCycle&quot;:null}">
            <bpmn:incoming >Flow_1isd2bm</bpmn:incoming>
        </bpmn:endEvent>
        <bpmn:callActivity name="call element" id="CallActivity" ecos:outVariablePropagation="{&quot;propagateAllVariable&quot;:true,&quot;local&quot;:false,&quot;variables&quot;:[]}" ecos:asyncConfig="{&quot;asyncBefore&quot;:false,&quot;asyncAfter&quot;:false,&quot;exclusive&quot;:true}" ecos:name_ml="{&quot;ru&quot;:&quot;call element&quot;}" ecos:jobConfig="{&quot;jobPriority&quot;:null,&quot;jobRetryTimeCycle&quot;:null}" ecos:processRef="" ecos:calledElement="test-call-activiti-participant" ecos:processBinding="LATEST" ecos:inVariablePropagation="{&quot;propagateAllVariable&quot;:false,&quot;local&quot;:false,&quot;variables&quot;:[]}">
            <bpmn:incoming >Flow_1joad85</bpmn:incoming>
            <bpmn:outgoing >Flow_1isd2bm</bpmn:outgoing>
        </bpmn:callActivity>
        <bpmn:sequenceFlow sourceRef="StartEvent_1ew9rff" targetRef="CallActivity" name="" id="Flow_1joad85" ecos:name_ml="{}" ecos:conditionConfig="{&quot;fn&quot;:&quot;&quot;,&quot;expression&quot;:&quot;&quot;,&quot;outcome&quot;:&quot;&quot;}" ecos:conditionType="NONE"/>
        <bpmn:sequenceFlow sourceRef="CallActivity" targetRef="endEvent" name="" id="Flow_1isd2bm" ecos:name_ml="{}" ecos:conditionConfig="{&quot;fn&quot;:&quot;&quot;,&quot;expression&quot;:&quot;&quot;,&quot;outcome&quot;:&quot;&quot;}" ecos:conditionType="NONE"/>
    </bpmn:process>
    <bpmn:process isExecutable="true" id="test-call-activiti-participant">
        <bpmn:startEvent isInterrupting="true" name="" id="Event_00bde1x" ecos:asyncConfig="{&quot;asyncBefore&quot;:false,&quot;asyncAfter&quot;:false,&quot;exclusive&quot;:true}" ecos:name_ml="{}" ecos:jobConfig="{&quot;jobPriority&quot;:null,&quot;jobRetryTimeCycle&quot;:null}">
            <bpmn:outgoing >Flow_0iye8i6</bpmn:outgoing>
        </bpmn:startEvent>
        <bpmn:sequenceFlow sourceRef="Event_00bde1x" targetRef="Activity_1w8vnvx" name="" id="Flow_0iye8i6" ecos:name_ml="{}" ecos:conditionConfig="{&quot;fn&quot;:&quot;&quot;,&quot;expression&quot;:&quot;&quot;,&quot;outcome&quot;:&quot;&quot;}" ecos:conditionType="NONE"/>
        <bpmn:endEvent name="" id="end_participant" ecos:asyncConfig="{&quot;asyncBefore&quot;:false,&quot;asyncAfter&quot;:false,&quot;exclusive&quot;:true}" ecos:name_ml="{}" ecos:jobConfig="{&quot;jobPriority&quot;:null,&quot;jobRetryTimeCycle&quot;:null}">
            <bpmn:incoming >Flow_01y8cie</bpmn:incoming>
        </bpmn:endEvent>
        <bpmn:sequenceFlow sourceRef="Activity_1w8vnvx" targetRef="end_participant" name="" id="Flow_01y8cie" ecos:name_ml="{}" ecos:conditionConfig="{&quot;fn&quot;:&quot;&quot;,&quot;expression&quot;:&quot;&quot;,&quot;outcome&quot;:&quot;&quot;}" ecos:conditionType="NONE"/>
        <bpmn:scriptTask scriptFormat="javascript" name="set foo bar" id="Activity_1w8vnvx" ecos:asyncConfig="{&quot;asyncBefore&quot;:false,&quot;asyncAfter&quot;:false,&quot;exclusive&quot;:true}" ecos:name_ml="{&quot;ru&quot;:&quot;set foo bar&quot;}" ecos:jobConfig="{&quot;jobPriority&quot;:null,&quot;jobRetryTimeCycle&quot;:null}" ecos:script="execution.setVariable(&quot;innerVariable1&quot;, &quot;innerValue1&quot;);&#10;execution.setVariable(&quot;innerVariable2&quot;, &quot;innerValue2&quot;);">
            <bpmn:incoming >Flow_0iye8i6</bpmn:incoming>
            <bpmn:outgoing >Flow_01y8cie</bpmn:outgoing>
            <bpmn:script>execution.setVariable("innerVariable1", "innerValue1");
execution.setVariable("innerVariable2", "innerValue2");</bpmn:script>
        </bpmn:scriptTask>
    </bpmn:process>
    <bpmn:collaboration id="Collaboration_0vqhkm1">
        <bpmn:participant  name="Main process" processRef="test-call-activity-output-all-variables-propagation" id="Participant_12rc9ue" ecos:name_ml="{&quot;ru&quot;:&quot;Main process&quot;}" ecos:ecosType=""/>
        <bpmn:participant  name="Participant" processRef="test-call-activiti-participant" id="Participant_0ksmmpf" ecos:name_ml="{&quot;ru&quot;:&quot;Participant&quot;}" ecos:ecosType=""/>
    </bpmn:collaboration>
    <bpmndi:BPMNDiagram id="BPMNDiagram_1">
        <bpmndi:BPMNPlane  bpmnElement="Collaboration_0vqhkm1" id="BPMNPlane_1">
            <bpmndi:BPMNShape bpmnElement="Participant_12rc9ue" isExpanded="true" id="Participant_12rc9ue_di">
                <dc:Bounds x="80.0" y="39.0" width="470.0" height="250.0"/>
            </bpmndi:BPMNShape>
            <bpmndi:BPMNShape bpmnElement="StartEvent_1ew9rff" isExpanded="true" id="_BPMNShape_StartEvent_2">
                <dc:Bounds x="156.0" y="81.0" width="36.0" height="36.0"/>
            </bpmndi:BPMNShape>
            <bpmndi:BPMNShape bpmnElement="endEvent" isExpanded="true" id="endEvent_di">
                <dc:Bounds x="412.0" y="81.0" width="36.0" height="36.0"/>
            </bpmndi:BPMNShape>
            <bpmndi:BPMNShape bpmnElement="CallActivity" isExpanded="true" id="CallActivity_di">
                <dc:Bounds x="250.0" y="59.0" width="100.0" height="80.0"/>
            </bpmndi:BPMNShape>
            <bpmndi:BPMNEdge bpmnElement="Flow_1joad85" id="Flow_1joad85_di">
                <di:waypoint x="192.0" y="99.0"/>
                <di:waypoint x="250.0" y="99.0"/>
            </bpmndi:BPMNEdge>
            <bpmndi:BPMNEdge bpmnElement="Flow_1isd2bm" id="Flow_1isd2bm_di">
                <di:waypoint x="350.0" y="99.0"/>
                <di:waypoint x="412.0" y="99.0"/>
            </bpmndi:BPMNEdge>
            <bpmndi:BPMNShape bpmnElement="Participant_0ksmmpf" isExpanded="true" id="Participant_0ksmmpf_di">
                <dc:Bounds x="90.0" y="350.0" width="460.0" height="250.0"/>
            </bpmndi:BPMNShape>
            <bpmndi:BPMNShape bpmnElement="Event_00bde1x" isExpanded="true" id="Event_00bde1x_di">
                <dc:Bounds x="162.0" y="432.0" width="36.0" height="36.0"/>
            </bpmndi:BPMNShape>
            <bpmndi:BPMNShape bpmnElement="end_participant" isExpanded="true" id="end_participant_di">
                <dc:Bounds x="402.0" y="432.0" width="36.0" height="36.0"/>
            </bpmndi:BPMNShape>
            <bpmndi:BPMNShape bpmnElement="Activity_1w8vnvx" isExpanded="true" id="Activity_1hze4ol_di">
                <dc:Bounds x="250.0" y="410.0" width="100.0" height="80.0"/>
            </bpmndi:BPMNShape>
            <bpmndi:BPMNEdge bpmnElement="Flow_0iye8i6" id="Flow_0iye8i6_di">
                <di:waypoint x="198.0" y="450.0"/>
                <di:waypoint x="250.0" y="450.0"/>
            </bpmndi:BPMNEdge>
            <bpmndi:BPMNEdge bpmnElement="Flow_01y8cie" id="Flow_01y8cie_di">
                <di:waypoint x="350.0" y="450.0"/>
                <di:waypoint x="402.0" y="450.0"/>
            </bpmndi:BPMNEdge>
        </bpmndi:BPMNPlane>
    </bpmndi:BPMNDiagram>
</bpmn:definitions>
