<?xml version="1.0" encoding="UTF-8" standalone="yes"?>
<bpmn:definitions xmlns:xsi="http://www.w3.org/2001/XMLSchema-instance" xmlns:bpmn="http://www.omg.org/spec/BPMN/20100524/MODEL" xmlns:camunda="http://camunda.org/schema/1.0/bpmn" xmlns:xs="http://www.w3.org/2001/XMLSchema" xmlns:bpmndi="http://www.omg.org/spec/BPMN/20100524/DI" xmlns:di="http://www.omg.org/spec/DD/20100524/DI" xmlns:ecos="http://www.citeck.ru/ecos/bpmn/1.0" xmlns:dc="http://www.omg.org/spec/DD/20100524/DC" id="Definitions_pjXJDJa" name="" targetNamespace="http://bpmn.io/schema/bpmn" exporter="bpmn-js (https://demo.bpmn.io)" exporterVersion="8.2.0" ecos:name_ml="{}" ecos:formRef="" ecos:enabled="false" ecos:autoStartEnabled="false" ecos:processDefId="test-call-activity-separate-process-called" ecos:ecosType="">
    <bpmn:process isExecutable="true" id="test-call-activity-separate-process-called">
        <bpmn:startEvent isInterrupting="true" name="" id="StartEvent_1ew9rff" ecos:asyncConfig="{&quot;asyncBefore&quot;:false,&quot;asyncAfter&quot;:false,&quot;exclusive&quot;:true}" ecos:name_ml="{}" ecos:jobConfig="{&quot;jobPriority&quot;:null,&quot;jobRetryTimeCycle&quot;:null}">
            <bpmn:outgoing >Flow_043nrg8</bpmn:outgoing>
        </bpmn:startEvent>
        <bpmn:endEvent name="" id="Event_0y4lnrl" ecos:asyncConfig="{&quot;asyncBefore&quot;:false,&quot;asyncAfter&quot;:false,&quot;exclusive&quot;:true}" ecos:name_ml="{}" ecos:jobConfig="{&quot;jobPriority&quot;:null,&quot;jobRetryTimeCycle&quot;:null}">
            <bpmn:incoming >Flow_043nrg8</bpmn:incoming>
        </bpmn:endEvent>
        <bpmn:sequenceFlow sourceRef="StartEvent_1ew9rff" targetRef="Event_0y4lnrl" name="" id="Flow_043nrg8" ecos:name_ml="{}" ecos:conditionConfig="{&quot;fn&quot;:&quot;&quot;,&quot;expression&quot;:&quot;&quot;,&quot;outcome&quot;:&quot;&quot;}" ecos:conditionType="NONE"/>
    </bpmn:process>
    <bpmndi:BPMNDiagram id="BPMNDiagram_1">
        <bpmndi:BPMNPlane  bpmnElement="test-call-activity-separate-process-called" id="BPMNPlane_1">
            <bpmndi:BPMNShape bpmnElement="StartEvent_1ew9rff" isExpanded="true" id="_BPMNShape_StartEvent_2">
                <dc:Bounds x="156.0" y="81.0" width="36.0" height="36.0"/>
            </bpmndi:BPMNShape>
            <bpmndi:BPMNShape bpmnElement="Event_0y4lnrl" isExpanded="true" id="Event_0y4lnrl_di">
                <dc:Bounds x="292.0" y="81.0" width="36.0" height="36.0"/>
            </bpmndi:BPMNShape>
            <bpmndi:BPMNEdge bpmnElement="Flow_043nrg8" id="Flow_043nrg8_di">
                <di:waypoint x="192.0" y="99.0"/>
                <di:waypoint x="292.0" y="99.0"/>
            </bpmndi:BPMNEdge>
        </bpmndi:BPMNPlane>
    </bpmndi:BPMNDiagram>
</bpmn:definitions>
