<?xml version="1.0" encoding="UTF-8" standalone="yes"?>
<bpmn:definitions xmlns:xsi="http://www.w3.org/2001/XMLSchema-instance" xmlns:bpmn="http://www.omg.org/spec/BPMN/20100524/MODEL" xmlns:camunda="http://camunda.org/schema/1.0/bpmn" xmlns:xs="http://www.w3.org/2001/XMLSchema" xmlns:bpmndi="http://www.omg.org/spec/BPMN/20100524/DI" xmlns:di="http://www.omg.org/spec/DD/20100524/DI" xmlns:ecos="http://www.citeck.ru/ecos/bpmn/1.0" xmlns:dc="http://www.omg.org/spec/DD/20100524/DC" id="Definitions_0hq0c8n" name="" targetNamespace="http://bpmn.io/schema/bpmn" exporter="bpmn-js (https://demo.bpmn.io)" exporterVersion="8.2.0" ecos:name_ml="{}" ecos:formRef="" ecos:enabled="false" ecos:autoStartEnabled="false" ecos:processDefId="test-timer-intermediate-catch" ecos:ecosType="emodel/type@type-ecos-fin-request">
    <bpmn:process isExecutable="true" id="test-timer-intermediate-catch">
        <bpmn:startEvent name="start" id="startEvent" ecos:asyncConfig="{&quot;asyncBefore&quot;:false,&quot;asyncAfter&quot;:false,&quot;exclusive&quot;:true}" ecos:name_ml="{&quot;ru&quot;:&quot;start&quot;}" ecos:jobConfig="{&quot;jobPriority&quot;:null,&quot;jobRetryTimeCycle&quot;:null}">
            <bpmn:outgoing >Flow_0gw7h39</bpmn:outgoing>
        </bpmn:startEvent>
        <bpmn:intermediateCatchEvent name="wait 5h 30m" id="timer" ecos:asyncConfig="{&quot;asyncBefore&quot;:false,&quot;asyncAfter&quot;:false,&quot;exclusive&quot;:true}" ecos:name_ml="{&quot;ru&quot;:&quot;wait 5h 30m&quot;}" ecos:jobConfig="{&quot;jobPriority&quot;:null,&quot;jobRetryTimeCycle&quot;:null}" ecos:timeConfig="{&quot;type&quot;:&quot;DURATION&quot;,&quot;value&quot;:&quot;PT5H30M&quot;}">
            <bpmn:incoming >Flow_0gw7h39</bpmn:incoming>
            <bpmn:outgoing >Flow_184jfgm</bpmn:outgoing>
            <bpmn:timerEventDefinition id="TimerEventDefinition_07mxyg1">
                <bpmn:timeDuration xsi:type="bpmn:tFormalExpression">PT5H30M</bpmn:timeDuration>
            </bpmn:timerEventDefinition>
        </bpmn:intermediateCatchEvent>
        <bpmn:sequenceFlow sourceRef="startEvent" targetRef="timer" name="" id="Flow_0gw7h39" ecos:conditionConfig="{&quot;fn&quot;:&quot;&quot;,&quot;expression&quot;:&quot;&quot;,&quot;outcome&quot;:&quot;&quot;}" ecos:conditionType="NONE"/>
        <bpmn:endEvent name="" id="endEvent" ecos:name_ml="{}">
            <bpmn:incoming >Flow_1atywek</bpmn:incoming>
        </bpmn:endEvent>
        <bpmn:sequenceFlow sourceRef="timer" targetRef="userTask" name="" id="Flow_184jfgm" ecos:conditionConfig="{&quot;fn&quot;:&quot;&quot;,&quot;expression&quot;:&quot;&quot;,&quot;outcome&quot;:&quot;&quot;}" ecos:conditionType="NONE"/>
        <bpmn:sequenceFlow sourceRef="userTask" targetRef="endEvent" name="" id="Flow_1atywek" ecos:conditionConfig="{&quot;fn&quot;:&quot;&quot;,&quot;expression&quot;:&quot;&quot;,&quot;outcome&quot;:&quot;&quot;}" ecos:conditionType="NONE"/>
        <bpmn:userTask name="task" id="userTask" ecos:documentation="{}" ecos:manualRecipients="[]" ecos:outcomes="[{&quot;id&quot;:&quot;done&quot;,&quot;name&quot;:{&quot;ru&quot;:&quot;Done&quot;}}]" ecos:name_ml="{&quot;ru&quot;:&quot;task&quot;}" ecos:formRef="uiserv/form@test-bpmn-form-task" ecos:manualRecipientsMode="false" ecos:priority="MEDIUM" ecos:assignees="[&quot;author&quot;]">
            <bpmn:incoming >Flow_184jfgm</bpmn:incoming>
            <bpmn:outgoing >Flow_1atywek</bpmn:outgoing>
        </bpmn:userTask>
    </bpmn:process>
    <bpmndi:BPMNDiagram id="BPMNDiagram_1">
        <bpmndi:BPMNPlane  bpmnElement="test-timer-intermediate-catch" id="BPMNPlane_1">
            <bpmndi:BPMNEdge bpmnElement="Flow_0gw7h39" id="Flow_0gw7h39_di">
                <di:waypoint x="192.0" y="99.0"/>
                <di:waypoint x="272.0" y="99.0"/>
            </bpmndi:BPMNEdge>
            <bpmndi:BPMNEdge bpmnElement="Flow_184jfgm" id="Flow_184jfgm_di">
                <di:waypoint x="308.0" y="99.0"/>
                <di:waypoint x="390.0" y="99.0"/>
            </bpmndi:BPMNEdge>
            <bpmndi:BPMNEdge bpmnElement="Flow_1atywek" id="Flow_1atywek_di">
                <di:waypoint x="490.0" y="99.0"/>
                <di:waypoint x="592.0" y="99.0"/>
            </bpmndi:BPMNEdge>
            <bpmndi:BPMNShape bpmnElement="startEvent" isExpanded="true" id="_BPMNShape_StartEvent_2">
                <dc:Bounds x="156.0" y="81.0" width="36.0" height="36.0"/>
            </bpmndi:BPMNShape>
            <bpmndi:BPMNShape bpmnElement="timer" isExpanded="true" id="timer_di">
                <dc:Bounds x="272.0" y="81.0" width="36.0" height="36.0"/>
            </bpmndi:BPMNShape>
            <bpmndi:BPMNShape bpmnElement="endEvent" isExpanded="true" id="endEvent_di">
                <dc:Bounds x="592.0" y="81.0" width="36.0" height="36.0"/>
            </bpmndi:BPMNShape>
            <bpmndi:BPMNShape bpmnElement="userTask" isExpanded="true" id="userTask_di">
                <dc:Bounds x="390.0" y="59.0" width="100.0" height="80.0"/>
            </bpmndi:BPMNShape>
        </bpmndi:BPMNPlane>
    </bpmndi:BPMNDiagram>
</bpmn:definitions>
