<?xml version="1.0" encoding="UTF-8" standalone="yes"?>
<bpmn:definitions xmlns:xsi="http://www.w3.org/2001/XMLSchema-instance" xmlns:bpmn="http://www.omg.org/spec/BPMN/20100524/MODEL" xmlns:camunda="http://camunda.org/schema/1.0/bpmn" xmlns:xs="http://www.w3.org/2001/XMLSchema" xmlns:bpmndi="http://www.omg.org/spec/BPMN/20100524/DI" xmlns:di="http://www.omg.org/spec/DD/20100524/DI" xmlns:ecos="http://www.citeck.ru/ecos/bpmn/1.0" xmlns:dc="http://www.omg.org/spec/DD/20100524/DC" id="Definitions_7XS1yfN" name="" targetNamespace="http://bpmn.io/schema/bpmn" exporter="bpmn-js (https://demo.bpmn.io)" exporterVersion="8.2.0" ecos:name_ml="{}" ecos:formRef="" ecos:enabled="false" ecos:autoStartEnabled="false" ecos:processDefId="test-error-boundary-event-sub-process" ecos:ecosType="">
    <bpmn:process isExecutable="true" id="test-error-boundary-event-sub-process">
        <bpmn:startEvent isInterrupting="true" name="" id="StartEvent_1ew9rff" ecos:asyncConfig="{&quot;asyncBefore&quot;:false,&quot;asyncAfter&quot;:false,&quot;exclusive&quot;:true}" ecos:name_ml="{}" ecos:jobConfig="{&quot;jobPriority&quot;:null,&quot;jobRetryTimeCycle&quot;:null}">
            <bpmn:outgoing >Flow_0pz3ro4</bpmn:outgoing>
        </bpmn:startEvent>
        <bpmn:subProcess triggeredByEvent="false" name="" id="Activity_0aj9efq" ecos:asyncConfig="{&quot;asyncBefore&quot;:false,&quot;asyncAfter&quot;:false,&quot;exclusive&quot;:true}" ecos:name_ml="{}" ecos:jobConfig="{&quot;jobPriority&quot;:null,&quot;jobRetryTimeCycle&quot;:null}">
            <bpmn:incoming >Flow_0pz3ro4</bpmn:incoming>
            <bpmn:outgoing >Flow_194fvpx</bpmn:outgoing>
            <bpmn:startEvent isInterrupting="true" name="" id="Event_1sr8o9s" ecos:asyncConfig="{&quot;asyncBefore&quot;:false,&quot;asyncAfter&quot;:false,&quot;exclusive&quot;:true}" ecos:name_ml="{}" ecos:jobConfig="{&quot;jobPriority&quot;:null,&quot;jobRetryTimeCycle&quot;:null}">
                <bpmn:outgoing >Flow_19qdv0n</bpmn:outgoing>
            </bpmn:startEvent>
            <bpmn:sequenceFlow sourceRef="Event_1sr8o9s" targetRef="Event_1n83nf0" name="" id="Flow_19qdv0n" ecos:name_ml="{}" ecos:conditionConfig="{&quot;fn&quot;:&quot;&quot;,&quot;expression&quot;:&quot;&quot;,&quot;outcome&quot;:&quot;&quot;}" ecos:conditionType="NONE"/>
            <bpmn:endEvent name="" id="Event_1n83nf0" ecos:asyncConfig="{&quot;asyncBefore&quot;:false,&quot;asyncAfter&quot;:false,&quot;exclusive&quot;:true}" ecos:errorName="endThrow" ecos:name_ml="{}" ecos:jobConfig="{&quot;jobPriority&quot;:null,&quot;jobRetryTimeCycle&quot;:null}" ecos:errorCode="endThrow">
                <bpmn:incoming >Flow_19qdv0n</bpmn:incoming>
                <bpmn:errorEventDefinition  errorRef="Error_4O3iClx" id="ErrorEventDefinition_0j7a2nh"/>
            </bpmn:endEvent>
        </bpmn:subProcess>
        <bpmn:sequenceFlow sourceRef="StartEvent_1ew9rff" targetRef="Activity_0aj9efq" name="" id="Flow_0pz3ro4" ecos:name_ml="{}" ecos:conditionConfig="{&quot;fn&quot;:&quot;// some script;&quot;,&quot;expression&quot;:&quot;&quot;,&quot;outcome&quot;:&quot;&quot;}" ecos:conditionType="NONE"/>
        <bpmn:endEvent name="" id="endEvent" ecos:asyncConfig="{&quot;asyncBefore&quot;:false,&quot;asyncAfter&quot;:false,&quot;exclusive&quot;:true}" ecos:name_ml="{}" ecos:jobConfig="{&quot;jobPriority&quot;:null,&quot;jobRetryTimeCycle&quot;:null}">
            <bpmn:incoming >Flow_194fvpx</bpmn:incoming>
        </bpmn:endEvent>
        <bpmn:sequenceFlow sourceRef="Activity_0aj9efq" targetRef="endEvent" name="" id="Flow_194fvpx" ecos:name_ml="{}" ecos:conditionConfig="{&quot;fn&quot;:&quot;&quot;,&quot;expression&quot;:&quot;&quot;,&quot;outcome&quot;:&quot;&quot;}" ecos:conditionType="NONE"/>
        <bpmn:boundaryEvent  cancelActivity="true" attachedToRef="Activity_0aj9efq" name="" id="Event_06eqd57" ecos:asyncConfig="{&quot;asyncBefore&quot;:false,&quot;asyncAfter&quot;:false,&quot;exclusive&quot;:true}" ecos:errorName="throwCatch" ecos:name_ml="{}" ecos:jobConfig="{&quot;jobPriority&quot;:null,&quot;jobRetryTimeCycle&quot;:null}">
            <bpmn:outgoing>Flow_1nt0hxi</bpmn:outgoing>
            <bpmn:errorEventDefinition errorRef="Error_lKglJVe" id="ErrorEventDefinition_0hdno9c"/>
        </bpmn:boundaryEvent>
        <bpmn:endEvent name="" id="endEventCatch" ecos:asyncConfig="{&quot;asyncBefore&quot;:false,&quot;asyncAfter&quot;:false,&quot;exclusive&quot;:true}" ecos:name_ml="{}" ecos:jobConfig="{&quot;jobPriority&quot;:null,&quot;jobRetryTimeCycle&quot;:null}">
            <bpmn:incoming >Flow_1nt0hxi</bpmn:incoming>
        </bpmn:endEvent>
        <bpmn:sequenceFlow sourceRef="Event_06eqd57" targetRef="endEventCatch" name="" id="Flow_1nt0hxi" ecos:name_ml="{}" ecos:conditionConfig="{&quot;fn&quot;:&quot;&quot;,&quot;expression&quot;:&quot;&quot;,&quot;outcome&quot;:&quot;&quot;}" ecos:conditionType="NONE"/>
    </bpmn:process>
    <bpmn:error name="endThrow" id="Error_4O3iClx"/>
    <bpmn:error name="throwCatch" id="Error_lKglJVe"/>
    <bpmndi:BPMNDiagram id="BPMNDiagram_1">
        <bpmndi:BPMNPlane  bpmnElement="test-error-boundary-event-sub-process" id="BPMNPlane_1">
            <bpmndi:BPMNShape bpmnElement="StartEvent_1ew9rff" isExpanded="true" id="_BPMNShape_StartEvent_2">
                <dc:Bounds x="156.0" y="81.0" width="36.0" height="36.0"/>
            </bpmndi:BPMNShape>
            <bpmndi:BPMNShape bpmnElement="endEvent" isExpanded="true" id="endEvent_di">
                <dc:Bounds x="742.0" y="92.0" width="36.0" height="36.0"/>
            </bpmndi:BPMNShape>
            <bpmndi:BPMNShape bpmnElement="endEventCatch" isExpanded="true" id="endEventCatch_di">
                <dc:Bounds x="542.0" y="272.0" width="36.0" height="36.0"/>
            </bpmndi:BPMNShape>
            <bpmndi:BPMNShape bpmnElement="Activity_0aj9efq" isExpanded="true" id="Activity_0aj9efq_di">
                <dc:Bounds x="290.0" y="10.0" width="350.0" height="200.0"/>
            </bpmndi:BPMNShape>
            <bpmndi:BPMNShape bpmnElement="Event_1sr8o9s" isExpanded="true" id="Event_1sr8o9s_di">
                <dc:Bounds x="330.0" y="92.0" width="36.0" height="36.0"/>
            </bpmndi:BPMNShape>
            <bpmndi:BPMNShape bpmnElement="Event_1n83nf0" isExpanded="true" id="Event_0vig2kn_di">
                <dc:Bounds x="422.0" y="92.0" width="36.0" height="36.0"/>
            </bpmndi:BPMNShape>
            <bpmndi:BPMNEdge bpmnElement="Flow_19qdv0n" id="Flow_19qdv0n_di">
                <di:waypoint x="366.0" y="110.0"/>
                <di:waypoint x="422.0" y="110.0"/>
            </bpmndi:BPMNEdge>
            <bpmndi:BPMNShape bpmnElement="Event_06eqd57" isExpanded="true" id="Event_1krp69b_di">
                <dc:Bounds x="452.0" y="192.0" width="36.0" height="36.0"/>
            </bpmndi:BPMNShape>
            <bpmndi:BPMNEdge bpmnElement="Flow_0pz3ro4" id="Flow_0pz3ro4_di">
                <di:waypoint x="192.0" y="99.0"/>
                <di:waypoint x="290.0" y="99.0"/>
            </bpmndi:BPMNEdge>
            <bpmndi:BPMNEdge bpmnElement="Flow_194fvpx" id="Flow_194fvpx_di">
                <di:waypoint x="640.0" y="110.0"/>
                <di:waypoint x="742.0" y="110.0"/>
            </bpmndi:BPMNEdge>
            <bpmndi:BPMNEdge bpmnElement="Flow_1nt0hxi" id="Flow_1nt0hxi_di">
                <di:waypoint x="470.0" y="228.0"/>
                <di:waypoint x="470.0" y="290.0"/>
                <di:waypoint x="542.0" y="290.0"/>
            </bpmndi:BPMNEdge>
        </bpmndi:BPMNPlane>
    </bpmndi:BPMNDiagram>
</bpmn:definitions>
