<?xml version="1.0" encoding="UTF-8" standalone="yes"?>
<bpmn:definitions xmlns:xsi="http://www.w3.org/2001/XMLSchema-instance" xmlns:bpmn="http://www.omg.org/spec/BPMN/20100524/MODEL" xmlns:camunda="http://camunda.org/schema/1.0/bpmn" xmlns:xs="http://www.w3.org/2001/XMLSchema" xmlns:bpmndi="http://www.omg.org/spec/BPMN/20100524/DI" xmlns:di="http://www.omg.org/spec/DD/20100524/DI" xmlns:ecos="http://www.citeck.ru/ecos/bpmn/1.0" xmlns:dc="http://www.omg.org/spec/DD/20100524/DC" id="Definitions_ngOXy2k" name="" targetNamespace="http://bpmn.io/schema/bpmn" exporter="bpmn-js (https://demo.bpmn.io)" exporterVersion="8.2.0" ecos:workingCopySourceRef="" ecos:name_ml="{}" ecos:formRef="" ecos:sectionRef="eproc/bpmn-section@DEFAULT" ecos:enabled="true" ecos:autoStartEnabled="false" ecos:defState="CONVERTED" ecos:processDefId="test-bpmn-process-def-engine-perms-user-katya" ecos:ecosType="">
    <bpmn:process isExecutable="true" id="test-bpmn-process-def-engine-perms-user-katya">
        <bpmn:startEvent isInterrupting="true" name="" id="StartEvent_1ew9rff" ecos:documentation="{}" ecos:asyncConfig="{&quot;asyncBefore&quot;:false,&quot;asyncAfter&quot;:false,&quot;exclusive&quot;:true}" ecos:name_ml="{}" ecos:jobConfig="{&quot;jobPriority&quot;:null,&quot;jobRetryTimeCycle&quot;:null}">
            <bpmn:outgoing >Flow_0d9x56i</bpmn:outgoing>
        </bpmn:startEvent>
        <bpmn:sequenceFlow sourceRef="StartEvent_1ew9rff" targetRef="Activity_1orov74" name="" id="Flow_0d9x56i" ecos:name_ml="{}" ecos:conditionConfig="{&quot;fn&quot;:&quot;&quot;,&quot;expression&quot;:&quot;&quot;,&quot;outcome&quot;:&quot;&quot;}" ecos:conditionType="NONE"/>
        <bpmn:endEvent name="" id="Event_1wqtuuq" ecos:documentation="{}" ecos:asyncConfig="{&quot;asyncBefore&quot;:false,&quot;asyncAfter&quot;:false,&quot;exclusive&quot;:true}" ecos:name_ml="{}" ecos:jobConfig="{&quot;jobPriority&quot;:null,&quot;jobRetryTimeCycle&quot;:null}">
            <bpmn:incoming >Flow_18f1ihq</bpmn:incoming>
        </bpmn:endEvent>
        <bpmn:sequenceFlow sourceRef="Activity_1orov74" targetRef="Event_1wqtuuq" name="" id="Flow_18f1ihq" ecos:name_ml="{}" ecos:conditionConfig="{&quot;fn&quot;:&quot;&quot;,&quot;expression&quot;:&quot;&quot;,&quot;outcome&quot;:&quot;&quot;}" ecos:conditionType="NONE"/>
        <bpmn:userTask name="" id="Activity_1orov74" ecos:documentation="{}" ecos:manualRecipients="[&quot;userAssignee&quot;]" ecos:outcomes="[{&quot;id&quot;:&quot;&quot;,&quot;name&quot;:{},&quot;config&quot;:{&quot;theme&quot;:&quot;PRIMARY&quot;}}]" ecos:name_ml="{}" ecos:manualRecipientsMode="true" ecos:priority="MEDIUM" ecos:assignees="[]">
            <bpmn:incoming >Flow_0d9x56i</bpmn:incoming>
            <bpmn:outgoing >Flow_18f1ihq</bpmn:outgoing>
        </bpmn:userTask>
    </bpmn:process>
    <bpmndi:BPMNDiagram id="BPMNDiagram_1">
        <bpmndi:BPMNPlane  bpmnElement="test-bpmn-process-def-engine-perms-user-katya" id="BPMNPlane_1">
            <bpmndi:BPMNShape bpmnElement="StartEvent_1ew9rff" isExpanded="true" id="_BPMNShape_StartEvent_2">
                <dc:Bounds x="156.0" y="81.0" width="36.0" height="36.0"/>
            </bpmndi:BPMNShape>
            <bpmndi:BPMNShape bpmnElement="Event_1wqtuuq" isExpanded="true" id="Event_1wqtuuq_di">
                <dc:Bounds x="412.0" y="81.0" width="36.0" height="36.0"/>
            </bpmndi:BPMNShape>
            <bpmndi:BPMNShape bpmnElement="Activity_1orov74" isExpanded="true" id="Activity_1cf6ony_di">
                <dc:Bounds x="250.0" y="59.0" width="100.0" height="80.0"/>
            </bpmndi:BPMNShape>
            <bpmndi:BPMNEdge bpmnElement="Flow_0d9x56i" id="Flow_0d9x56i_di">
                <di:waypoint x="192.0" y="99.0"/>
                <di:waypoint x="250.0" y="99.0"/>
            </bpmndi:BPMNEdge>
            <bpmndi:BPMNEdge bpmnElement="Flow_18f1ihq" id="Flow_18f1ihq_di">
                <di:waypoint x="350.0" y="99.0"/>
                <di:waypoint x="412.0" y="99.0"/>
            </bpmndi:BPMNEdge>
        </bpmndi:BPMNPlane>
    </bpmndi:BPMNDiagram>
</bpmn:definitions>
