<?xml version="1.0" encoding="UTF-8" standalone="yes"?>
<bpmn:definitions xmlns:xsi="http://www.w3.org/2001/XMLSchema-instance" xmlns:bpmn="http://www.omg.org/spec/BPMN/20100524/MODEL" xmlns:camunda="http://camunda.org/schema/1.0/bpmn" xmlns:xs="http://www.w3.org/2001/XMLSchema" xmlns:bpmndi="http://www.omg.org/spec/BPMN/20100524/DI" xmlns:di="http://www.omg.org/spec/DD/20100524/DI" xmlns:ecos="http://www.citeck.ru/ecos/bpmn/1.0" xmlns:dc="http://www.omg.org/spec/DD/20100524/DC" id="Definitions_47H0KE4" name="тест копирование черновика" targetNamespace="http://bpmn.io/schema/bpmn" exporter="bpmn-js (https://demo.bpmn.io)" exporterVersion="8.2.0" ecos:name_ml="{&quot;ru&quot;:&quot;тест копирование черновика&quot;,&quot;en&quot;:&quot;test copy draft&quot;}" ecos:formRef="uiserv/form@test-start-process-form" ecos:sectionRef="" ecos:enabled="true" ecos:autoStartEnabled="true" ecos:defState="RAW" ecos:processDefId="test-copy-draft" ecos:ecosType="emodel/type@offer-link">
    <bpmn:process isExecutable="true" id="test-copy-draft">
        <bpmn:startEvent name="" id="StartEvent_1ew9rff" ecos:documentation="{}" ecos:asyncConfig="{&quot;asyncBefore&quot;:false,&quot;asyncAfter&quot;:false,&quot;exclusive&quot;:true}" ecos:name_ml="{}" ecos:jobConfig="{&quot;jobPriority&quot;:null,&quot;jobRetryTimeCycle&quot;:null}">
            <bpmn:outgoing >Flow_0g66pgq</bpmn:outgoing>
        </bpmn:startEvent>
        <bpmn:endEvent id="Event_1n4clhz" ecos:documentation="" ecos:asyncConfig="" ecos:name_ml="" ecos:number="" ecos:jobConfig="">
            <bpmn:incoming >Flow_1f63bvv</bpmn:incoming>
        </bpmn:endEvent>
        <bpmn:sequenceFlow sourceRef="StartEvent_1ew9rff" targetRef="Activity_179zn9l" name="" id="Flow_0g66pgq" ecos:name_ml="{}" ecos:conditionConfig="{&quot;fn&quot;:&quot;&quot;,&quot;expression&quot;:&quot;&quot;,&quot;outcome&quot;:&quot;&quot;}" ecos:conditionType="NONE"/>
        <bpmn:sequenceFlow sourceRef="Activity_179zn9l" targetRef="Event_1n4clhz" id="Flow_1f63bvv" ecos:conditionType="NONE"/>
        <bpmn:sendTask id="Activity_179zn9l" ecos:notificationCc="[]" ecos:notificationBcc="[]" ecos:notificationLang="ru" ecos:notificationFrom="" ecos:asyncConfig="{&quot;asyncBefore&quot;:false,&quot;asyncAfter&quot;:false}" ecos:name_ml="" ecos:notificationCcExpression="[&quot;&quot;]" ecos:number="" ecos:notificationTemplate="" ecos:notificationBccExpression="[&quot;&quot;]" ecos:notificationAdditionalMeta="{}" ecos:notificationTo="[]" ecos:documentation="" ecos:notificationRecord="" ecos:notificationTitle="" ecos:jobConfig="{}" ecos:notificationType="EMAIL_NOTIFICATION" ecos:notificationBody="" ecos:notificationToExpression="[&quot;&quot;]">
            <bpmn:incoming >Flow_0g66pgq</bpmn:incoming>
            <bpmn:outgoing >Flow_1f63bvv</bpmn:outgoing>
        </bpmn:sendTask>
    </bpmn:process>
    <bpmndi:BPMNDiagram id="BPMNDiagram_1">
        <bpmndi:BPMNPlane  bpmnElement="test-copy-draft" id="BPMNPlane_1">
            <bpmndi:BPMNShape bpmnElement="StartEvent_1ew9rff" isExpanded="true" id="_BPMNShape_StartEvent_2">
                <dc:Bounds x="156.0" y="81.0" width="36.0" height="36.0"/>
            </bpmndi:BPMNShape>
            <bpmndi:BPMNShape bpmnElement="Event_1n4clhz" isExpanded="true" id="Event_1n4clhz_di">
                <dc:Bounds x="512.0" y="81.0" width="36.0" height="36.0"/>
            </bpmndi:BPMNShape>
            <bpmndi:BPMNShape bpmnElement="Activity_179zn9l" id="Activity_1tfw1l9_di">
                <dc:Bounds x="290.0" y="59.0" width="100.0" height="80.0"/>
            </bpmndi:BPMNShape>
            <bpmndi:BPMNEdge bpmnElement="Flow_0g66pgq" id="Flow_0g66pgq_di">
                <di:waypoint x="192.0" y="99.0"/>
                <di:waypoint x="290.0" y="99.0"/>
            </bpmndi:BPMNEdge>
            <bpmndi:BPMNEdge bpmnElement="Flow_1f63bvv" id="Flow_1f63bvv_di">
                <di:waypoint x="390.0" y="99.0"/>
                <di:waypoint x="512.0" y="99.0"/>
            </bpmndi:BPMNEdge>
        </bpmndi:BPMNPlane>
    </bpmndi:BPMNDiagram>
</bpmn:definitions>
