<?xml version="1.0" encoding="UTF-8" standalone="yes"?>
<bpmn:definitions xmlns:xsi="http://www.w3.org/2001/XMLSchema-instance" xmlns:bpmn="http://www.omg.org/spec/BPMN/20100524/MODEL" xmlns:camunda="http://camunda.org/schema/1.0/bpmn" xmlns:xs="http://www.w3.org/2001/XMLSchema" xmlns:bpmndi="http://www.omg.org/spec/BPMN/20100524/DI" xmlns:di="http://www.omg.org/spec/DD/20100524/DI" xmlns:ecos="http://www.citeck.ru/ecos/bpmn/1.0" xmlns:dc="http://www.omg.org/spec/DD/20100524/DC" id="Definitions_0hq0c8n" name="" targetNamespace="http://bpmn.io/schema/bpmn" exporter="bpmn-js (https://demo.bpmn.io)" exporterVersion="8.2.0" ecos:name_ml="{}" ecos:formRef="" ecos:enabled="false" ecos:autoStartEnabled="false" ecos:processDefId="test-inclusive-gateway" ecos:ecosType="">
    <bpmn:process isExecutable="true" id="test-inclusive-gateway">
        <bpmn:startEvent isInterrupting="true" name="" id="StartEvent_1ew9rff" ecos:asyncConfig="{&quot;asyncBefore&quot;:false,&quot;asyncAfter&quot;:false,&quot;exclusive&quot;:true}" ecos:name_ml="{}" ecos:jobConfig="{&quot;jobPriority&quot;:null,&quot;jobRetryTimeCycle&quot;:null}">
            <bpmn:outgoing >Flow_1fxlbay</bpmn:outgoing>
        </bpmn:startEvent>
        <bpmn:sequenceFlow sourceRef="StartEvent_1ew9rff" targetRef="inclusive_gateway" name="" id="Flow_1fxlbay" ecos:name_ml="{}" ecos:conditionConfig="{&quot;fn&quot;:&quot;&quot;,&quot;expression&quot;:&quot;&quot;,&quot;outcome&quot;:&quot;&quot;}" ecos:conditionType="NONE"/>
        <bpmn:endEvent name="" id="end_all_event" ecos:asyncConfig="{&quot;asyncBefore&quot;:false,&quot;asyncAfter&quot;:false,&quot;exclusive&quot;:true}" ecos:name_ml="{}" ecos:jobConfig="{&quot;jobPriority&quot;:null,&quot;jobRetryTimeCycle&quot;:null}">
            <bpmn:incoming >Flow_1vwba56</bpmn:incoming>
        </bpmn:endEvent>
        <bpmn:sequenceFlow sourceRef="inclusive_gateway" targetRef="end_all_event" name="all time" id="Flow_1vwba56" ecos:name_ml="{&quot;ru&quot;:&quot;all time&quot;}" ecos:conditionConfig="{&quot;fn&quot;:&quot;// some script;&quot;,&quot;expression&quot;:&quot;&quot;,&quot;outcome&quot;:&quot;&quot;}" ecos:conditionType="NONE"/>
        <bpmn:inclusiveGateway name="" id="inclusive_gateway" ecos:name_ml="{}">
            <bpmn:incoming >Flow_1fxlbay</bpmn:incoming>
            <bpmn:outgoing >Flow_1vwba56</bpmn:outgoing>
            <bpmn:outgoing >Flow_0mcybpj</bpmn:outgoing>
        </bpmn:inclusiveGateway>
        <bpmn:endEvent name="" id="end_condition_event" ecos:asyncConfig="{&quot;asyncBefore&quot;:false,&quot;asyncAfter&quot;:false,&quot;exclusive&quot;:true}" ecos:name_ml="{}" ecos:jobConfig="{&quot;jobPriority&quot;:null,&quot;jobRetryTimeCycle&quot;:null}">
            <bpmn:incoming >Flow_0mcybpj</bpmn:incoming>
        </bpmn:endEvent>
        <bpmn:sequenceFlow sourceRef="inclusive_gateway" targetRef="end_condition_event" name="foo === bar" id="Flow_0mcybpj" ecos:name_ml="{&quot;ru&quot;:&quot;foo === bar&quot;}" ecos:conditionConfig="{&quot;fn&quot;:&quot;foo === \&quot;bar\&quot;;&quot;,&quot;expression&quot;:&quot;&quot;,&quot;outcome&quot;:&quot;&quot;}" ecos:conditionType="SCRIPT"/>
    </bpmn:process>
    <bpmndi:BPMNDiagram id="BPMNDiagram_1">
        <bpmndi:BPMNPlane  bpmnElement="test-inclusive-gateway" id="BPMNPlane_1">
            <bpmndi:BPMNShape bpmnElement="StartEvent_1ew9rff" isExpanded="true" id="_BPMNShape_StartEvent_2">
                <dc:Bounds x="156.0" y="81.0" width="36.0" height="36.0"/>
            </bpmndi:BPMNShape>
            <bpmndi:BPMNShape bpmnElement="inclusive_gateway" isExpanded="true" id="inclusive_gateway_di">
                <dc:Bounds x="245.0" y="74.0" width="50.0" height="50.0"/>
            </bpmndi:BPMNShape>
            <bpmndi:BPMNShape bpmnElement="end_all_event" isExpanded="true" id="end_all_event_di">
                <dc:Bounds x="532.0" y="81.0" width="36.0" height="36.0"/>
            </bpmndi:BPMNShape>
            <bpmndi:BPMNShape bpmnElement="end_condition_event" isExpanded="true" id="end_condition_event_di">
                <dc:Bounds x="532.0" y="192.0" width="36.0" height="36.0"/>
            </bpmndi:BPMNShape>
            <bpmndi:BPMNEdge bpmnElement="Flow_1fxlbay" id="Flow_1fxlbay_di">
                <di:waypoint x="192.0" y="99.0"/>
                <di:waypoint x="245.0" y="99.0"/>
            </bpmndi:BPMNEdge>
            <bpmndi:BPMNEdge bpmnElement="Flow_1vwba56" id="Flow_1vwba56_di">
                <di:waypoint x="295.0" y="99.0"/>
                <di:waypoint x="532.0" y="99.0"/>
            </bpmndi:BPMNEdge>
            <bpmndi:BPMNEdge bpmnElement="Flow_0mcybpj" id="Flow_0mcybpj_di">
                <di:waypoint x="270.0" y="124.0"/>
                <di:waypoint x="270.0" y="210.0"/>
                <di:waypoint x="532.0" y="210.0"/>
            </bpmndi:BPMNEdge>
        </bpmndi:BPMNPlane>
    </bpmndi:BPMNDiagram>
</bpmn:definitions>
