<?xml version="1.0" encoding="UTF-8" standalone="yes"?>
<bpmn:definitions xmlns:xsi="http://www.w3.org/2001/XMLSchema-instance" xmlns:bpmn="http://www.omg.org/spec/BPMN/20100524/MODEL" xmlns:camunda="http://camunda.org/schema/1.0/bpmn" xmlns:xs="http://www.w3.org/2001/XMLSchema" xmlns:bpmndi="http://www.omg.org/spec/BPMN/20100524/DI" xmlns:di="http://www.omg.org/spec/DD/20100524/DI" xmlns:ecos="http://www.citeck.ru/ecos/bpmn/1.0" xmlns:dc="http://www.omg.org/spec/DD/20100524/DC" id="Definitions_0hq0c8n" name="" targetNamespace="http://bpmn.io/schema/bpmn" exporter="bpmn-js (https://demo.bpmn.io)" exporterVersion="8.2.0" ecos:name_ml="{}" ecos:formRef="" ecos:enabled="true" ecos:autoStartEnabled="false" ecos:processDefId="test-gateway-condition-task-outcome" ecos:ecosType="emodel/type@type-ecos-fin-request">
    <bpmn:process isExecutable="true" id="test-gateway-condition-task-outcome">
        <bpmn:startEvent name="" id="StartEvent_1ew9rff" ecos:asyncConfig="{&quot;asyncBefore&quot;:false,&quot;asyncAfter&quot;:false,&quot;exclusive&quot;:true}" ecos:name_ml="{}" ecos:jobConfig="{&quot;jobPriority&quot;:null,&quot;jobRetryTimeCycle&quot;:null}">
            <bpmn:outgoing >Flow_1abmfhf</bpmn:outgoing>
        </bpmn:startEvent>
        <bpmn:userTask name="task" id="userTask" ecos:documentation="{}" ecos:manualRecipients="[]" ecos:outcomes="[{&quot;id&quot;:&quot;done&quot;,&quot;name&quot;:{&quot;ru&quot;:&quot;Done&quot;}},{&quot;id&quot;:&quot;cancel&quot;,&quot;name&quot;:{&quot;ru&quot;:&quot;Cancel&quot;}}]" ecos:name_ml="{&quot;ru&quot;:&quot;task&quot;}" ecos:formRef="uiserv/form@test-bpmn-form-task" ecos:manualRecipientsMode="false" ecos:priority="MEDIUM" ecos:assignees="[&quot;author&quot;]">
            <bpmn:incoming >Flow_1abmfhf</bpmn:incoming>
            <bpmn:outgoing >Flow_03a5buh</bpmn:outgoing>
        </bpmn:userTask>
        <bpmn:sequenceFlow sourceRef="StartEvent_1ew9rff" targetRef="userTask" name="" id="Flow_1abmfhf" ecos:conditionConfig="{&quot;fn&quot;:&quot;&quot;,&quot;expression&quot;:&quot;&quot;,&quot;outcome&quot;:&quot;&quot;}" ecos:conditionType="NONE"/>
        <bpmn:exclusiveGateway name="" id="Gateway_064bbzs" ecos:name_ml="{}">
            <bpmn:incoming >Flow_03a5buh</bpmn:incoming>
            <bpmn:outgoing >Flow_0d4x2s6</bpmn:outgoing>
            <bpmn:outgoing >Flow_0u305cm</bpmn:outgoing>
        </bpmn:exclusiveGateway>
        <bpmn:sequenceFlow sourceRef="userTask" targetRef="Gateway_064bbzs" name="" id="Flow_03a5buh" ecos:conditionConfig="{&quot;fn&quot;:&quot;&quot;,&quot;expression&quot;:&quot;&quot;,&quot;outcome&quot;:&quot;&quot;}" ecos:conditionType="NONE"/>
        <bpmn:endEvent name="" id="endDone" ecos:name_ml="{}">
            <bpmn:incoming >Flow_0d4x2s6</bpmn:incoming>
        </bpmn:endEvent>
        <bpmn:sequenceFlow sourceRef="Gateway_064bbzs" targetRef="endDone" name="done" id="Flow_0d4x2s6" ecos:conditionConfig="{&quot;fn&quot;:&quot;// some script;&quot;,&quot;expression&quot;:&quot;&quot;,&quot;outcome&quot;:&quot;userTask:done&quot;}" ecos:conditionType="OUTCOME"/>
        <bpmn:endEvent name="" id="endCancel" ecos:name_ml="{}">
            <bpmn:incoming >Flow_0u305cm</bpmn:incoming>
        </bpmn:endEvent>
        <bpmn:sequenceFlow sourceRef="Gateway_064bbzs" targetRef="endCancel" name="cancel" id="Flow_0u305cm" ecos:conditionConfig="{&quot;fn&quot;:&quot;// some script;&quot;,&quot;expression&quot;:&quot;&quot;,&quot;outcome&quot;:&quot;userTask:cancel&quot;}" ecos:conditionType="OUTCOME"/>
    </bpmn:process>
    <bpmndi:BPMNDiagram id="BPMNDiagram_1">
        <bpmndi:BPMNPlane  bpmnElement="test-gateway-condition-task-outcome" id="BPMNPlane_1">
            <bpmndi:BPMNEdge bpmnElement="Flow_1abmfhf" id="Flow_1abmfhf_di">
                <di:waypoint x="192.0" y="99.0"/>
                <di:waypoint x="280.0" y="99.0"/>
            </bpmndi:BPMNEdge>
            <bpmndi:BPMNEdge bpmnElement="Flow_03a5buh" id="Flow_03a5buh_di">
                <di:waypoint x="380.0" y="99.0"/>
                <di:waypoint x="475.0" y="99.0"/>
            </bpmndi:BPMNEdge>
            <bpmndi:BPMNEdge bpmnElement="Flow_0d4x2s6" id="Flow_0d4x2s6_di">
                <di:waypoint x="500.0" y="74.0"/>
                <di:waypoint x="500.0" y="20.0"/>
                <di:waypoint x="642.0" y="20.0"/>
            </bpmndi:BPMNEdge>
            <bpmndi:BPMNEdge bpmnElement="Flow_0u305cm" id="Flow_0u305cm_di">
                <di:waypoint x="500.0" y="124.0"/>
                <di:waypoint x="500.0" y="200.0"/>
                <di:waypoint x="642.0" y="200.0"/>
            </bpmndi:BPMNEdge>
            <bpmndi:BPMNShape bpmnElement="StartEvent_1ew9rff" isExpanded="true" id="_BPMNShape_StartEvent_2">
                <dc:Bounds x="156.0" y="81.0" width="36.0" height="36.0"/>
            </bpmndi:BPMNShape>
            <bpmndi:BPMNShape bpmnElement="userTask" isExpanded="true" id="userTask_di">
                <dc:Bounds x="280.0" y="59.0" width="100.0" height="80.0"/>
            </bpmndi:BPMNShape>
            <bpmndi:BPMNShape bpmnElement="Gateway_064bbzs" isExpanded="true" id="Gateway_064bbzs_di">
                <dc:Bounds x="475.0" y="74.0" width="50.0" height="50.0"/>
            </bpmndi:BPMNShape>
            <bpmndi:BPMNShape bpmnElement="endCancel" isExpanded="true" id="endCancel_di">
                <dc:Bounds x="642.0" y="182.0" width="36.0" height="36.0"/>
            </bpmndi:BPMNShape>
            <bpmndi:BPMNShape bpmnElement="endDone" isExpanded="true" id="endDone_di">
                <dc:Bounds x="642.0" y="2.0" width="36.0" height="36.0"/>
            </bpmndi:BPMNShape>
        </bpmndi:BPMNPlane>
    </bpmndi:BPMNDiagram>
</bpmn:definitions>
