<?xml version="1.0" encoding="UTF-8" standalone="yes"?>
<bpmn:definitions xmlns:xsi="http://www.w3.org/2001/XMLSchema-instance" xmlns:bpmn="http://www.omg.org/spec/BPMN/20100524/MODEL" xmlns:camunda="http://camunda.org/schema/1.0/bpmn" xmlns:xs="http://www.w3.org/2001/XMLSchema" xmlns:bpmndi="http://www.omg.org/spec/BPMN/20100524/DI" xmlns:di="http://www.omg.org/spec/DD/20100524/DI" xmlns:ecos="http://www.citeck.ru/ecos/bpmn/1.0" xmlns:dc="http://www.omg.org/spec/DD/20100524/DC" id="Definitions_0hq0c8n" name="" targetNamespace="http://bpmn.io/schema/bpmn" exporter="bpmn-js (https://demo.bpmn.io)" exporterVersion="8.2.0" ecos:name_ml="{}" ecos:formRef="" ecos:enabled="false" ecos:autoStartEnabled="false" ecos:processDefId="test-event-based-gateway" ecos:ecosType="">
    <bpmn:process isExecutable="true" id="test-event-based-gateway">
        <bpmn:startEvent isInterrupting="true" name="" id="StartEvent_1ew9rff" ecos:asyncConfig="{&quot;asyncBefore&quot;:false,&quot;asyncAfter&quot;:false,&quot;exclusive&quot;:true}" ecos:name_ml="{}" ecos:jobConfig="{&quot;jobPriority&quot;:null,&quot;jobRetryTimeCycle&quot;:null}">
            <bpmn:outgoing >Flow_1fxlbay</bpmn:outgoing>
        </bpmn:startEvent>
        <bpmn:sequenceFlow sourceRef="StartEvent_1ew9rff" targetRef="event_based_gateway" name="" id="Flow_1fxlbay" ecos:name_ml="{}" ecos:conditionConfig="{&quot;fn&quot;:&quot;&quot;,&quot;expression&quot;:&quot;&quot;,&quot;outcome&quot;:&quot;&quot;}" ecos:conditionType="NONE"/>
        <bpmn:eventBasedGateway name="" id="event_based_gateway" ecos:name_ml="{}">
            <bpmn:incoming >Flow_1fxlbay</bpmn:incoming>
            <bpmn:outgoing >Flow_0zjfsr1</bpmn:outgoing>
            <bpmn:outgoing >Flow_0k1tisa</bpmn:outgoing>
        </bpmn:eventBasedGateway>
        <bpmn:intermediateCatchEvent name="event-gateway-signal-1" id="Event_first" ecos:manualSignalName="event-gateway-signal-1" ecos:eventFilterByRecordType="DOCUMENT" ecos:eventModel="{}" ecos:asyncConfig="{&quot;asyncBefore&quot;:false,&quot;asyncAfter&quot;:false,&quot;exclusive&quot;:true}" ecos:name_ml="{&quot;ru&quot;:&quot;event-gateway-signal-1&quot;}" ecos:jobConfig="{&quot;jobPriority&quot;:null,&quot;jobRetryTimeCycle&quot;:null}" ecos:eventManualMode="true">
            <bpmn:incoming >Flow_0zjfsr1</bpmn:incoming>
            <bpmn:outgoing >end_second</bpmn:outgoing>
            <bpmn:signalEventDefinition  signalRef="Signal_B7UuYSK" id="SignalEventDefinition_0dr8i32"/>
        </bpmn:intermediateCatchEvent>
        <bpmn:sequenceFlow sourceRef="event_based_gateway" targetRef="Event_first" name="" id="Flow_0zjfsr1" ecos:name_ml="{}" ecos:conditionConfig="{&quot;fn&quot;:&quot;&quot;,&quot;expression&quot;:&quot;&quot;,&quot;outcome&quot;:&quot;&quot;}" ecos:conditionType="NONE"/>
        <bpmn:intermediateCatchEvent name="event-gateway-signal-2" id="Event_second" ecos:manualSignalName="event-gateway-signal-2" ecos:eventFilterByRecordType="DOCUMENT" ecos:eventModel="{}" ecos:asyncConfig="{&quot;asyncBefore&quot;:false,&quot;asyncAfter&quot;:false,&quot;exclusive&quot;:true}" ecos:name_ml="{&quot;ru&quot;:&quot;event-gateway-signal-2&quot;}" ecos:jobConfig="{&quot;jobPriority&quot;:null,&quot;jobRetryTimeCycle&quot;:null}" ecos:eventManualMode="true">
            <bpmn:incoming >Flow_0k1tisa</bpmn:incoming>
            <bpmn:outgoing >Flow_1eq2jky</bpmn:outgoing>
            <bpmn:signalEventDefinition  signalRef="Signal_4P0DpUa" id="SignalEventDefinition_1qiwr82"/>
        </bpmn:intermediateCatchEvent>
        <bpmn:sequenceFlow sourceRef="event_based_gateway" targetRef="Event_second" name="" id="Flow_0k1tisa" ecos:name_ml="{}" ecos:conditionConfig="{&quot;fn&quot;:&quot;// some script;&quot;,&quot;expression&quot;:&quot;&quot;,&quot;outcome&quot;:&quot;&quot;}" ecos:conditionType="NONE"/>
        <bpmn:exclusiveGateway name="" id="Gateway_085418h" ecos:name_ml="{}">
            <bpmn:incoming >Flow_1eq2jky</bpmn:incoming>
            <bpmn:incoming >end_second</bpmn:incoming>
            <bpmn:outgoing >Flow_0urmi40</bpmn:outgoing>
        </bpmn:exclusiveGateway>
        <bpmn:sequenceFlow sourceRef="Event_second" targetRef="Gateway_085418h" name="flow_second" id="Flow_1eq2jky" ecos:name_ml="{&quot;ru&quot;:&quot;flow_second&quot;}" ecos:conditionConfig="{&quot;fn&quot;:&quot;// some script;&quot;,&quot;expression&quot;:&quot;&quot;,&quot;outcome&quot;:&quot;&quot;}" ecos:conditionType="NONE"/>
        <bpmn:sequenceFlow sourceRef="Event_first" targetRef="Gateway_085418h" name="flow_first" id="end_second" ecos:name_ml="{&quot;ru&quot;:&quot;flow_first&quot;}" ecos:conditionConfig="{&quot;fn&quot;:&quot;// some script;&quot;,&quot;expression&quot;:&quot;&quot;,&quot;outcome&quot;:&quot;&quot;}" ecos:conditionType="NONE"/>
        <bpmn:endEvent name="" id="end_event" ecos:asyncConfig="{&quot;asyncBefore&quot;:false,&quot;asyncAfter&quot;:false,&quot;exclusive&quot;:true}" ecos:name_ml="{}" ecos:jobConfig="{&quot;jobPriority&quot;:null,&quot;jobRetryTimeCycle&quot;:null}">
            <bpmn:incoming >Flow_0urmi40</bpmn:incoming>
        </bpmn:endEvent>
        <bpmn:sequenceFlow sourceRef="Gateway_085418h" targetRef="end_event" name="" id="Flow_0urmi40" ecos:name_ml="{}" ecos:conditionConfig="{&quot;fn&quot;:&quot;&quot;,&quot;expression&quot;:&quot;&quot;,&quot;outcome&quot;:&quot;&quot;}" ecos:conditionType="NONE"/>
    </bpmn:process>
    <bpmn:signal name="event-gateway-signal-1;${execution.businessKey}" id="Signal_B7UuYSK"/>
    <bpmn:signal name="event-gateway-signal-2;${execution.businessKey}" id="Signal_4P0DpUa"/>
    <bpmndi:BPMNDiagram id="BPMNDiagram_1">
        <bpmndi:BPMNPlane  bpmnElement="test-event-based-gateway" id="BPMNPlane_1">
            <bpmndi:BPMNShape bpmnElement="StartEvent_1ew9rff" isExpanded="true" id="_BPMNShape_StartEvent_2">
                <dc:Bounds x="156.0" y="81.0" width="36.0" height="36.0"/>
            </bpmndi:BPMNShape>
            <bpmndi:BPMNShape bpmnElement="event_based_gateway" isExpanded="true" id="event_based_gateway_di">
                <dc:Bounds x="245.0" y="74.0" width="50.0" height="50.0"/>
            </bpmndi:BPMNShape>
            <bpmndi:BPMNShape bpmnElement="Event_first" isExpanded="true" id="Event_first_di">
                <dc:Bounds x="352.0" y="81.0" width="36.0" height="36.0"/>
            </bpmndi:BPMNShape>
            <bpmndi:BPMNShape bpmnElement="Event_second" isExpanded="true" id="Event_second_di">
                <dc:Bounds x="352.0" y="192.0" width="36.0" height="36.0"/>
            </bpmndi:BPMNShape>
            <bpmndi:BPMNShape bpmnElement="Gateway_085418h" isExpanded="true" id="Gateway_085418h_di">
                <dc:Bounds x="495.0" y="135.0" width="50.0" height="50.0"/>
            </bpmndi:BPMNShape>
            <bpmndi:BPMNShape bpmnElement="end_event" isExpanded="true" id="end_even_di">
                <dc:Bounds x="652.0" y="142.0" width="36.0" height="36.0"/>
            </bpmndi:BPMNShape>
            <bpmndi:BPMNEdge bpmnElement="Flow_1fxlbay" id="Flow_1fxlbay_di">
                <di:waypoint x="192.0" y="99.0"/>
                <di:waypoint x="245.0" y="99.0"/>
            </bpmndi:BPMNEdge>
            <bpmndi:BPMNEdge bpmnElement="Flow_0zjfsr1" id="Flow_0zjfsr1_di">
                <di:waypoint x="295.0" y="99.0"/>
                <di:waypoint x="352.0" y="99.0"/>
            </bpmndi:BPMNEdge>
            <bpmndi:BPMNEdge bpmnElement="Flow_0k1tisa" id="Flow_0k1tisa_di">
                <di:waypoint x="270.0" y="124.0"/>
                <di:waypoint x="270.0" y="210.0"/>
                <di:waypoint x="352.0" y="210.0"/>
            </bpmndi:BPMNEdge>
            <bpmndi:BPMNEdge bpmnElement="Flow_1eq2jky" id="Flow_1eq2jky_di">
                <di:waypoint x="388.0" y="210.0"/>
                <di:waypoint x="520.0" y="210.0"/>
                <di:waypoint x="520.0" y="185.0"/>
            </bpmndi:BPMNEdge>
            <bpmndi:BPMNEdge bpmnElement="end_second" id="end_second_di">
                <di:waypoint x="388.0" y="99.0"/>
                <di:waypoint x="520.0" y="99.0"/>
                <di:waypoint x="520.0" y="135.0"/>
            </bpmndi:BPMNEdge>
            <bpmndi:BPMNEdge bpmnElement="Flow_0urmi40" id="Flow_0urmi40_di">
                <di:waypoint x="545.0" y="160.0"/>
                <di:waypoint x="652.0" y="160.0"/>
            </bpmndi:BPMNEdge>
        </bpmndi:BPMNPlane>
    </bpmndi:BPMNDiagram>
</bpmn:definitions>
