<?xml version="1.0" encoding="UTF-8" standalone="yes"?>
<bpmn:definitions xmlns:xsi="http://www.w3.org/2001/XMLSchema-instance" xmlns:bpmn="http://www.omg.org/spec/BPMN/20100524/MODEL" xmlns:camunda="http://camunda.org/schema/1.0/bpmn" xmlns:xs="http://www.w3.org/2001/XMLSchema" xmlns:bpmndi="http://www.omg.org/spec/BPMN/20100524/DI" xmlns:di="http://www.omg.org/spec/DD/20100524/DI" xmlns:ecos="http://www.citeck.ru/ecos/bpmn/1.0" xmlns:dc="http://www.omg.org/spec/DD/20100524/DC" id="Definitions_0hq0c8n" name="" targetNamespace="http://bpmn.io/schema/bpmn" exporter="bpmn-js (https://demo.bpmn.io)" exporterVersion="8.2.0" ecos:name_ml="{}" ecos:formRef="" ecos:enabled="false" ecos:autoStartEnabled="false" ecos:processDefId="test-gateway-condition-expression" ecos:ecosType="">
    <bpmn:process isExecutable="true" id="test-gateway-condition-expression">
        <bpmn:startEvent name="" id="StartEvent_1ew9rff" ecos:asyncConfig="{&quot;asyncBefore&quot;:false,&quot;asyncAfter&quot;:false,&quot;exclusive&quot;:true}" ecos:name_ml="{}" ecos:jobConfig="{&quot;jobPriority&quot;:null,&quot;jobRetryTimeCycle&quot;:null}">
            <bpmn:outgoing >Flow_1viho5s</bpmn:outgoing>
        </bpmn:startEvent>
        <bpmn:sequenceFlow sourceRef="StartEvent_1ew9rff" targetRef="gateway_router" name="" id="Flow_1viho5s" ecos:conditionConfig="{&quot;fn&quot;:&quot;&quot;,&quot;expression&quot;:&quot;&quot;,&quot;outcome&quot;:&quot;&quot;}" ecos:conditionType="NONE"/>
        <bpmn:exclusiveGateway default="Flow_063owrp" name="" id="gateway_router" ecos:name_ml="{}">
            <bpmn:incoming >Flow_1viho5s</bpmn:incoming>
            <bpmn:outgoing >Flow_177fmtt</bpmn:outgoing>
            <bpmn:outgoing >Flow_1xrh4y6</bpmn:outgoing>
            <bpmn:outgoing >Flow_063owrp</bpmn:outgoing>
        </bpmn:exclusiveGateway>
        <bpmn:endEvent name="" id="endTop" ecos:name_ml="{}">
            <bpmn:incoming >Flow_177fmtt</bpmn:incoming>
        </bpmn:endEvent>
        <bpmn:sequenceFlow sourceRef="gateway_router" targetRef="endTop" name="" id="Flow_177fmtt" ecos:conditionConfig="{&quot;fn&quot;:&quot;// some script;&quot;,&quot;expression&quot;:&quot;${flow == \&quot;top\&quot;}&quot;,&quot;outcome&quot;:&quot;&quot;}" ecos:conditionType="EXPRESSION"/>
        <bpmn:endEvent name="" id="endBottom" ecos:name_ml="{}">
            <bpmn:incoming >Flow_1xrh4y6</bpmn:incoming>
        </bpmn:endEvent>
        <bpmn:sequenceFlow sourceRef="gateway_router" targetRef="endBottom" name="" id="Flow_1xrh4y6" ecos:conditionConfig="{&quot;fn&quot;:&quot;flow === \&quot;down\&quot;;&quot;,&quot;expression&quot;:&quot;${flow == \&quot;bottom\&quot;}&quot;,&quot;outcome&quot;:&quot;&quot;}" ecos:conditionType="EXPRESSION"/>
        <bpmn:endEvent name="" id="endDefault" ecos:name_ml="{}">
            <bpmn:incoming >Flow_063owrp</bpmn:incoming>
        </bpmn:endEvent>
        <bpmn:sequenceFlow sourceRef="gateway_router" targetRef="endDefault" name="" id="Flow_063owrp" ecos:conditionConfig="{&quot;fn&quot;:&quot;// some script;&quot;,&quot;expression&quot;:&quot;&quot;,&quot;outcome&quot;:&quot;&quot;}" ecos:conditionType="NONE"/>
    </bpmn:process>
    <bpmndi:BPMNDiagram id="BPMNDiagram_1">
        <bpmndi:BPMNPlane  bpmnElement="test-gateway-condition-expression" id="BPMNPlane_1">
            <bpmndi:BPMNEdge bpmnElement="Flow_1viho5s" id="Flow_1viho5s_di">
                <di:waypoint x="192.0" y="99.0"/>
                <di:waypoint x="415.0" y="99.0"/>
            </bpmndi:BPMNEdge>
            <bpmndi:BPMNEdge bpmnElement="Flow_177fmtt" id="Flow_177fmtt_di">
                <di:waypoint x="440.0" y="74.0"/>
                <di:waypoint x="440.0" y="30.0"/>
                <di:waypoint x="692.0" y="30.0"/>
            </bpmndi:BPMNEdge>
            <bpmndi:BPMNEdge bpmnElement="Flow_1xrh4y6" id="Flow_1xrh4y6_di">
                <di:waypoint x="440.0" y="124.0"/>
                <di:waypoint x="440.0" y="170.0"/>
                <di:waypoint x="692.0" y="170.0"/>
            </bpmndi:BPMNEdge>
            <bpmndi:BPMNEdge bpmnElement="Flow_063owrp" id="Flow_063owrp_di">
                <di:waypoint x="465.0" y="99.0"/>
                <di:waypoint x="692.0" y="99.0"/>
            </bpmndi:BPMNEdge>
            <bpmndi:BPMNShape bpmnElement="StartEvent_1ew9rff" isExpanded="true" id="_BPMNShape_StartEvent_2">
                <dc:Bounds x="156.0" y="81.0" width="36.0" height="36.0"/>
            </bpmndi:BPMNShape>
            <bpmndi:BPMNShape bpmnElement="gateway_router" isExpanded="true" id="gateway_router_di">
                <dc:Bounds x="415.0" y="74.0" width="50.0" height="50.0"/>
            </bpmndi:BPMNShape>
            <bpmndi:BPMNShape bpmnElement="endTop" isExpanded="true" id="endTop_di">
                <dc:Bounds x="692.0" y="12.0" width="36.0" height="36.0"/>
            </bpmndi:BPMNShape>
            <bpmndi:BPMNShape bpmnElement="endBottom" isExpanded="true" id="endBottom_di">
                <dc:Bounds x="692.0" y="152.0" width="36.0" height="36.0"/>
            </bpmndi:BPMNShape>
            <bpmndi:BPMNShape bpmnElement="endDefault" isExpanded="true" id="endDefault_di">
                <dc:Bounds x="692.0" y="81.0" width="36.0" height="36.0"/>
            </bpmndi:BPMNShape>
        </bpmndi:BPMNPlane>
    </bpmndi:BPMNDiagram>
</bpmn:definitions>
