<?xml version="1.0" encoding="UTF-8" standalone="yes"?>
<bpmn:definitions xmlns:xsi="http://www.w3.org/2001/XMLSchema-instance" xmlns:bpmn="http://www.omg.org/spec/BPMN/20100524/MODEL" xmlns:camunda="http://camunda.org/schema/1.0/bpmn" xmlns:xs="http://www.w3.org/2001/XMLSchema" xmlns:bpmndi="http://www.omg.org/spec/BPMN/20100524/DI" xmlns:di="http://www.omg.org/spec/DD/20100524/DI" xmlns:ecos="http://www.citeck.ru/ecos/bpmn/1.0" xmlns:dc="http://www.omg.org/spec/DD/20100524/DC" id="Definitions_zwGwppm" name="test-lazy-approval-without-la-simple-process" targetNamespace="http://bpmn.io/schema/bpmn" exporter="bpmn-js (https://demo.bpmn.io)" exporterVersion="8.2.0" ecos:workingCopySourceRef="" ecos:name_ml="{&quot;ru&quot;:&quot;test-lazy-approval-without-la-simple-process&quot;}" ecos:formRef="" ecos:sectionRef="eproc/bpmn-section@DEFAULT" ecos:enabled="false" ecos:autoStartEnabled="false" ecos:defState="CONVERTED" ecos:processDefId="test-lazy-approval-without-la-simple-process" ecos:ecosType="">
    <bpmn:process isExecutable="true" id="test-lazy-approval-without-la-simple-process">
        <bpmn:startEvent isInterrupting="true" name="" id="startEvent" ecos:documentation="{}" ecos:asyncConfig="{&quot;asyncBefore&quot;:false,&quot;asyncAfter&quot;:false,&quot;exclusive&quot;:true}" ecos:name_ml="{}" ecos:jobConfig="{&quot;jobPriority&quot;:null,&quot;jobRetryTimeCycle&quot;:null}">
            <bpmn:outgoing >Flow_1vlk61r</bpmn:outgoing>
        </bpmn:startEvent>
        <bpmn:endEvent name="" id="endEventApproved" ecos:documentation="{}" ecos:asyncConfig="{&quot;asyncBefore&quot;:false,&quot;asyncAfter&quot;:false,&quot;exclusive&quot;:true}" ecos:name_ml="{}" ecos:jobConfig="{&quot;jobPriority&quot;:null,&quot;jobRetryTimeCycle&quot;:null}">
            <bpmn:incoming >Flow_07oghm0</bpmn:incoming>
        </bpmn:endEvent>
        <bpmn:sequenceFlow sourceRef="startEvent" targetRef="testLazyApproveTask" name="" id="Flow_1vlk61r" ecos:name_ml="{}" ecos:conditionConfig="{&quot;fn&quot;:&quot; &quot;,&quot;expression&quot;:&quot;&quot;,&quot;outcome&quot;:&quot;&quot;}" ecos:conditionType="NONE"/>
        <bpmn:userTask name="Тестовая задача" id="testLazyApproveTask" ecos:documentation="{}" ecos:manualRecipients="[&quot;german&quot;]" ecos:outcomes="[{&quot;id&quot;:&quot;Approve&quot;,&quot;name&quot;:{&quot;ru&quot;:&quot;Согласовать&quot;,&quot;en&quot;:&quot;Approve&quot;},&quot;config&quot;:{&quot;theme&quot;:&quot;PRIMARY&quot;}}]" ecos:laEnabled="false" ecos:laNotificationTemplate="notifications/template@test-la-not" ecos:name_ml="{&quot;ru&quot;:&quot;Тестовая задача&quot;,&quot;en&quot;:&quot;Test task&quot;}" ecos:laNotificationType="EMAIL_NOTIFICATION" ecos:laReportEnabled="false" ecos:manualRecipientsMode="true" ecos:priority="MEDIUM" ecos:assignees="[]">
            <bpmn:incoming >Flow_1vlk61r</bpmn:incoming>
            <bpmn:outgoing >Flow_07oghm0</bpmn:outgoing>
        </bpmn:userTask>
        <bpmn:sequenceFlow sourceRef="testLazyApproveTask" targetRef="endEventApproved" name="" id="Flow_07oghm0" ecos:name_ml="{}" ecos:conditionConfig="{&quot;fn&quot;:&quot; &quot;,&quot;expression&quot;:&quot;&quot;,&quot;outcome&quot;:&quot;&quot;}" ecos:conditionType="NONE"/>
    </bpmn:process>
    <bpmndi:BPMNDiagram id="BPMNDiagram_1">
        <bpmndi:BPMNPlane  bpmnElement="test-lazy-approval-without-la-simple-process" id="BPMNPlane_1">
            <bpmndi:BPMNShape bpmnElement="startEvent" isExpanded="true" id="startEvent_di">
                <dc:Bounds x="192.0" y="182.0" width="36.0" height="36.0"/>
            </bpmndi:BPMNShape>
            <bpmndi:BPMNShape bpmnElement="endEventApproved" isExpanded="true" id="endEventApproved_di">
                <dc:Bounds x="532.0" y="182.0" width="36.0" height="36.0"/>
            </bpmndi:BPMNShape>
            <bpmndi:BPMNShape bpmnElement="testLazyApproveTask" isExpanded="true" id="testLazyApproveTask_di">
                <dc:Bounds x="320.0" y="160.0" width="100.0" height="80.0"/>
            </bpmndi:BPMNShape>
            <bpmndi:BPMNEdge bpmnElement="Flow_1vlk61r" id="Flow_1vlk61r_di">
                <di:waypoint x="228.0" y="200.0"/>
                <di:waypoint x="320.0" y="200.0"/>
            </bpmndi:BPMNEdge>
            <bpmndi:BPMNEdge bpmnElement="Flow_07oghm0" id="Flow_07oghm0_di">
                <di:waypoint x="420.0" y="200.0"/>
                <di:waypoint x="532.0" y="200.0"/>
            </bpmndi:BPMNEdge>
        </bpmndi:BPMNPlane>
    </bpmndi:BPMNDiagram>
</bpmn:definitions>
