<?xml version="1.0" encoding="UTF-8" standalone="yes"?>
<bpmn:definitions xmlns:xsi="http://www.w3.org/2001/XMLSchema-instance" xmlns:bpmn="http://www.omg.org/spec/BPMN/20100524/MODEL" xmlns:camunda="http://camunda.org/schema/1.0/bpmn" xmlns:xs="http://www.w3.org/2001/XMLSchema" xmlns:bpmndi="http://www.omg.org/spec/BPMN/20100524/DI" xmlns:di="http://www.omg.org/spec/DD/20100524/DI" xmlns:ecos="http://www.citeck.ru/ecos/bpmn/1.0" xmlns:dc="http://www.omg.org/spec/DD/20100524/DC" id="Definitions_xOExiuN" name="" targetNamespace="http://bpmn.io/schema/bpmn" exporter="bpmn-js (https://demo.bpmn.io)" exporterVersion="8.2.0" ecos:name_ml="{}" ecos:formRef="" ecos:enabled="false" ecos:autoStartEnabled="false" ecos:defState="CONVERTED" ecos:processDefId="test-conditional-disabled-document-event" ecos:ecosType="emodel/type@document">
    <bpmn:process isExecutable="true" id="test-conditional-disabled-document-event">
        <bpmn:startEvent isInterrupting="true" name="" id="StartEvent_1ew9rff" ecos:asyncConfig="{&quot;asyncBefore&quot;:false,&quot;asyncAfter&quot;:false,&quot;exclusive&quot;:true}" ecos:name_ml="{}" ecos:jobConfig="{&quot;jobPriority&quot;:null,&quot;jobRetryTimeCycle&quot;:null}">
            <bpmn:outgoing >Flow_0ll2km3</bpmn:outgoing>
        </bpmn:startEvent>
        <bpmn:sequenceFlow sourceRef="StartEvent_1ew9rff" targetRef="conditionalEvent" name="" id="Flow_0ll2km3" ecos:name_ml="{}" ecos:conditionConfig="{&quot;fn&quot;:&quot;&quot;,&quot;expression&quot;:&quot;&quot;,&quot;outcome&quot;:&quot;&quot;}" ecos:conditionType="NONE"/>
        <bpmn:endEvent name="" id="endEvent" ecos:asyncConfig="{&quot;asyncBefore&quot;:false,&quot;asyncAfter&quot;:false,&quot;exclusive&quot;:true}" ecos:name_ml="{}" ecos:jobConfig="{&quot;jobPriority&quot;:null,&quot;jobRetryTimeCycle&quot;:null}">
            <bpmn:incoming >Flow_1brlnqk</bpmn:incoming>
        </bpmn:endEvent>
        <bpmn:sequenceFlow sourceRef="conditionalEvent" targetRef="endEvent" name="" id="Flow_1brlnqk" ecos:name_ml="{}" ecos:conditionConfig="{&quot;fn&quot;:&quot;&quot;,&quot;expression&quot;:&quot;&quot;,&quot;outcome&quot;:&quot;&quot;}" ecos:conditionType="NONE"/>
        <bpmn:intermediateCatchEvent name="Document Conditional" id="conditionalEvent" ecos:variableEvents="[]" ecos:asyncConfig="{&quot;asyncBefore&quot;:false,&quot;asyncAfter&quot;:false,&quot;exclusive&quot;:true}" ecos:reactOnDocumentChange="false" ecos:name_ml="{&quot;ru&quot;:&quot;Document Conditional&quot;}" ecos:jobConfig="{&quot;jobPriority&quot;:null,&quot;jobRetryTimeCycle&quot;:null}" ecos:conditionConfig="{&quot;fn&quot;:&quot;var docName = document.load(\&quot;name\&quot;);\n \nlog.info(\&quot;docName: \&quot; + docName);\n \ndocName === \&quot;Doc 2\&quot;;&quot;,&quot;expression&quot;:&quot;&quot;,&quot;outcome&quot;:&quot;&quot;}" ecos:conditionType="SCRIPT" ecos:documentVariables="[&quot;&quot;]">
            <bpmn:incoming >Flow_0ll2km3</bpmn:incoming>
            <bpmn:outgoing >Flow_1brlnqk</bpmn:outgoing>
            <bpmn:conditionalEventDefinition id="ConditionalEventDefinition_15a533b">
                <bpmn:condition xsi:type="bpmn:tFormalExpression" language="javascript">var docName = document.load("name");

log.info("docName: " + docName);

 docName === "Doc 2";</bpmn:condition>
            </bpmn:conditionalEventDefinition>
        </bpmn:intermediateCatchEvent>
    </bpmn:process>
    <bpmndi:BPMNDiagram id="BPMNDiagram_1">
        <bpmndi:BPMNPlane  bpmnElement="test-conditional-disabled-document-event" id="BPMNPlane_1">
            <bpmndi:BPMNShape bpmnElement="StartEvent_1ew9rff" isExpanded="true" id="_BPMNShape_StartEvent_2">
                <dc:Bounds x="156.0" y="81.0" width="36.0" height="36.0"/>
            </bpmndi:BPMNShape>
            <bpmndi:BPMNShape bpmnElement="endEvent" isExpanded="true" id="endEvent_di">
                <dc:Bounds x="332.0" y="81.0" width="36.0" height="36.0"/>
            </bpmndi:BPMNShape>
            <bpmndi:BPMNShape bpmnElement="conditionalEvent" isExpanded="true" id="conditionalEvent_di">
                <dc:Bounds x="252.0" y="81.0" width="36.0" height="36.0"/>
            </bpmndi:BPMNShape>
            <bpmndi:BPMNEdge bpmnElement="Flow_0ll2km3" id="Flow_0ll2km3_di">
                <di:waypoint x="192.0" y="99.0"/>
                <di:waypoint x="252.0" y="99.0"/>
            </bpmndi:BPMNEdge>
            <bpmndi:BPMNEdge bpmnElement="Flow_1brlnqk" id="Flow_1brlnqk_di">
                <di:waypoint x="288.0" y="99.0"/>
                <di:waypoint x="332.0" y="99.0"/>
            </bpmndi:BPMNEdge>
        </bpmndi:BPMNPlane>
    </bpmndi:BPMNDiagram>
</bpmn:definitions>
