<?xml version="1.0" encoding="UTF-8" standalone="yes"?>
<bpmn:definitions xmlns:xsi="http://www.w3.org/2001/XMLSchema-instance" xmlns:bpmn="http://www.omg.org/spec/BPMN/20100524/MODEL" xmlns:camunda="http://camunda.org/schema/1.0/bpmn" xmlns:xs="http://www.w3.org/2001/XMLSchema" xmlns:bpmndi="http://www.omg.org/spec/BPMN/20100524/DI" xmlns:di="http://www.omg.org/spec/DD/20100524/DI" xmlns:ecos="http://www.citeck.ru/ecos/bpmn/1.0" xmlns:dc="http://www.omg.org/spec/DD/20100524/DC" id="Definitions_phaVI43" name="" targetNamespace="http://bpmn.io/schema/bpmn" exporter="bpmn-js (https://demo.bpmn.io)" exporterVersion="8.2.0" ecos:name_ml="{}" ecos:formRef="" ecos:enabled="false" ecos:autoStartEnabled="false" ecos:processDefId="test-conditional-event-variable-name" ecos:ecosType="">
    <bpmn:process isExecutable="true" id="test-conditional-event-variable-name-event-update">
        <bpmn:startEvent isInterrupting="true" name="" id="StartEvent_1ew9rff" ecos:asyncConfig="{&quot;asyncBefore&quot;:false,&quot;asyncAfter&quot;:false,&quot;exclusive&quot;:true}" ecos:name_ml="{}" ecos:jobConfig="{&quot;jobPriority&quot;:null,&quot;jobRetryTimeCycle&quot;:null}">
            <bpmn:outgoing >Flow_0570vkr</bpmn:outgoing>
        </bpmn:startEvent>
        <bpmn:endEvent name="" id="endEvent" ecos:asyncConfig="{&quot;asyncBefore&quot;:false,&quot;asyncAfter&quot;:false,&quot;exclusive&quot;:true}" ecos:name_ml="{}" ecos:jobConfig="{&quot;jobPriority&quot;:null,&quot;jobRetryTimeCycle&quot;:null}">
            <bpmn:incoming >Flow_02288wg</bpmn:incoming>
        </bpmn:endEvent>
        <bpmn:sequenceFlow sourceRef="StartEvent_1ew9rff" targetRef="conditionalEvent" name="" id="Flow_0570vkr" ecos:name_ml="{}" ecos:conditionConfig="{&quot;fn&quot;:&quot;&quot;,&quot;expression&quot;:&quot;&quot;,&quot;outcome&quot;:&quot;&quot;}" ecos:conditionType="NONE"/>
        <bpmn:sequenceFlow sourceRef="conditionalEvent" targetRef="endEvent" name="" id="Flow_02288wg" ecos:name_ml="{}" ecos:conditionConfig="{&quot;fn&quot;:&quot;&quot;,&quot;expression&quot;:&quot;&quot;,&quot;outcome&quot;:&quot;&quot;}" ecos:conditionType="NONE"/>
        <bpmn:intermediateCatchEvent name="Expression Condition" id="conditionalEvent" ecos:variableEvents="[&quot;UPDATE&quot;]" ecos:variableName="foo" ecos:asyncConfig="{&quot;asyncBefore&quot;:false,&quot;asyncAfter&quot;:false,&quot;exclusive&quot;:true}" ecos:name_ml="{&quot;ru&quot;:&quot;Expression Condition&quot;}" ecos:jobConfig="{&quot;jobPriority&quot;:null,&quot;jobRetryTimeCycle&quot;:null}" ecos:conditionConfig="{&quot;fn&quot;:&quot;// some script;&quot;,&quot;expression&quot;:&quot;${foo == 'bar'}&quot;,&quot;outcome&quot;:&quot;&quot;}" ecos:conditionType="EXPRESSION">
            <bpmn:incoming >Flow_0570vkr</bpmn:incoming>
            <bpmn:outgoing >Flow_02288wg</bpmn:outgoing>
            <bpmn:conditionalEventDefinition id="ConditionalEventDefinition_0wqq41z">
                <bpmn:condition xsi:type="bpmn:tFormalExpression">${foo == 'bar'}</bpmn:condition>
            </bpmn:conditionalEventDefinition>
        </bpmn:intermediateCatchEvent>
    </bpmn:process>
    <bpmndi:BPMNDiagram id="BPMNDiagram_1">
        <bpmndi:BPMNPlane  bpmnElement="test-conditional-event-variable-name-event-update" id="BPMNPlane_1">
            <bpmndi:BPMNShape bpmnElement="StartEvent_1ew9rff" isExpanded="true" id="_BPMNShape_StartEvent_2">
                <dc:Bounds x="156.0" y="81.0" width="36.0" height="36.0"/>
            </bpmndi:BPMNShape>
            <bpmndi:BPMNShape bpmnElement="endEvent" isExpanded="true" id="endEvent_di">
                <dc:Bounds x="502.0" y="81.0" width="36.0" height="36.0"/>
            </bpmndi:BPMNShape>
            <bpmndi:BPMNShape bpmnElement="conditionalEvent" isExpanded="true" id="conditionalEvent_di">
                <dc:Bounds x="302.0" y="81.0" width="36.0" height="36.0"/>
            </bpmndi:BPMNShape>
            <bpmndi:BPMNEdge bpmnElement="Flow_0570vkr" id="Flow_0570vkr_di">
                <di:waypoint x="192.0" y="99.0"/>
                <di:waypoint x="302.0" y="99.0"/>
            </bpmndi:BPMNEdge>
            <bpmndi:BPMNEdge bpmnElement="Flow_02288wg" id="Flow_02288wg_di">
                <di:waypoint x="338.0" y="99.0"/>
                <di:waypoint x="502.0" y="99.0"/>
            </bpmndi:BPMNEdge>
        </bpmndi:BPMNPlane>
    </bpmndi:BPMNDiagram>
</bpmn:definitions>
